<?xml version="1.0" encoding="UTF-8"?>
<coverage generated="1594211315378" clover="3.2.0">
  <project timestamp="1594211315378" name="All files">
    <metrics statements="1832" coveredstatements="1786" conditionals="619" coveredconditionals="573" methods="374" coveredmethods="359" elements="2825" coveredelements="2718" complexity="0" loc="1832" ncloc="1832" packages="5" files="63" classes="63"/>
    <package name="src">
      <metrics statements="492" coveredstatements="482" conditionals="149" coveredconditionals="143" methods="118" coveredmethods="114"/>
      <file name="constants.js" path="/home/admin/bt/braintree-web-drop-in/src/constants.js">
        <metrics statements="1" coveredstatements="1" conditionals="0" coveredconditionals="0" methods="0" coveredmethods="0"/>
        <line num="3" count="22" type="stmt"/>
      </file>
      <file name="dropin-model.js" path="/home/admin/bt/braintree-web-drop-in/src/dropin-model.js">
        <metrics statements="185" coveredstatements="184" conditionals="39" coveredconditionals="38" methods="58" coveredmethods="58"/>
        <line num="3" count="17" type="stmt"/>
        <line num="4" count="17" type="stmt"/>
        <line num="5" count="17" type="stmt"/>
        <line num="6" count="17" type="stmt"/>
        <line num="7" count="17" type="stmt"/>
        <line num="8" count="17" type="stmt"/>
        <line num="9" count="17" type="stmt"/>
        <line num="10" count="17" type="stmt"/>
        <line num="11" count="17" type="stmt"/>
        <line num="12" count="17" type="stmt"/>
        <line num="14" count="17" type="stmt"/>
        <line num="19" count="17" type="stmt"/>
        <line num="29" count="557" type="stmt"/>
        <line num="30" count="557" type="stmt"/>
        <line num="32" count="557" type="stmt"/>
        <line num="34" count="557" type="stmt"/>
        <line num="35" count="557" type="stmt"/>
        <line num="36" count="557" type="stmt"/>
        <line num="37" count="557" type="stmt"/>
        <line num="38" count="557" type="stmt"/>
        <line num="40" count="557" type="stmt"/>
        <line num="43" count="17" type="stmt"/>
        <line num="45" count="17" type="stmt"/>
        <line num="46" count="365" type="stmt"/>
        <line num="48" count="365" type="stmt"/>
        <line num="51" count="365" type="stmt"/>
        <line num="53" count="365" type="stmt"/>
        <line num="55" count="362" type="stmt"/>
        <line num="57" count="362" type="stmt"/>
        <line num="59" count="362" type="stmt"/>
        <line num="60" count="362" type="stmt"/>
        <line num="64" count="17" type="stmt"/>
        <line num="65" count="61" type="stmt"/>
        <line num="68" count="17" type="stmt"/>
        <line num="69" count="446" type="stmt"/>
        <line num="72" count="17" type="stmt"/>
        <line num="73" count="28" type="stmt"/>
        <line num="74" count="28" type="stmt"/>
        <line num="75" count="28" type="stmt"/>
        <line num="78" count="17" type="stmt"/>
        <line num="79" count="4" type="stmt"/>
        <line num="81" count="4" type="cond" truecount="2" falsecount="0"/>
        <line num="82" count="2" type="stmt"/>
        <line num="85" count="2" type="stmt"/>
        <line num="86" count="2" type="stmt"/>
        <line num="89" count="17" type="stmt"/>
        <line num="90" count="10" type="stmt"/>
        <line num="92" count="10" type="stmt"/>
        <line num="93" count="10" type="stmt"/>
        <line num="95" count="10" type="stmt"/>
        <line num="99" count="17" type="stmt"/>
        <line num="100" count="49" type="stmt"/>
        <line num="101" count="49" type="stmt"/>
        <line num="104" count="17" type="stmt"/>
        <line num="105" count="235" type="stmt"/>
        <line num="106" count="235" type="stmt"/>
        <line num="109" count="17" type="stmt"/>
        <line num="110" count="3" type="stmt"/>
        <line num="111" count="3" type="stmt"/>
        <line num="112" count="3" type="stmt"/>
        <line num="117" count="17" type="stmt"/>
        <line num="118" count="8" type="stmt"/>
        <line num="123" count="17" type="stmt"/>
        <line num="124" count="4" type="stmt"/>
        <line num="125" count="4" type="stmt"/>
        <line num="126" count="4" type="stmt"/>
        <line num="129" count="17" type="stmt"/>
        <line num="130" count="9" type="stmt"/>
        <line num="131" count="9" type="stmt"/>
        <line num="134" count="17" type="stmt"/>
        <line num="135" count="85" type="stmt"/>
        <line num="138" count="17" type="stmt"/>
        <line num="139" count="1" type="stmt"/>
        <line num="140" count="1" type="stmt"/>
        <line num="143" count="17" type="stmt"/>
        <line num="144" count="440" type="stmt"/>
        <line num="145" count="440" type="cond" truecount="2" falsecount="0"/>
        <line num="146" count="440" type="stmt"/>
        <line num="148" count="440" type="cond" truecount="2" falsecount="0"/>
        <line num="153" count="422" type="stmt"/>
        <line num="156" count="18" type="cond" truecount="5" falsecount="0"/>
        <line num="157" count="10" type="stmt"/>
        <line num="160" count="8" type="stmt"/>
        <line num="163" count="17" type="stmt"/>
        <line num="164" count="440" type="stmt"/>
        <line num="165" count="440" type="stmt"/>
        <line num="170" count="440" type="stmt"/>
        <line num="172" count="440" type="cond" truecount="2" falsecount="0"/>
        <line num="173" count="22" type="cond" truecount="2" falsecount="0"/>
        <line num="175" count="418" type="stmt"/>
        <line num="178" count="440" type="cond" truecount="2" falsecount="0"/>
        <line num="179" count="432" type="stmt"/>
        <line num="182" count="8" type="cond" truecount="2" falsecount="0"/>
        <line num="183" count="6" type="stmt"/>
        <line num="185" count="2" type="stmt"/>
        <line num="189" count="17" type="stmt"/>
        <line num="194" count="506" type="stmt"/>
        <line num="197" count="17" type="stmt"/>
        <line num="198" count="1" type="stmt"/>
        <line num="201" count="17" type="stmt"/>
        <line num="202" count="16" type="stmt"/>
        <line num="205" count="17" type="stmt"/>
        <line num="206" count="1" type="stmt"/>
        <line num="209" count="17" type="stmt"/>
        <line num="210" count="1" type="stmt"/>
        <line num="216" count="17" type="stmt"/>
        <line num="217" count="436" type="stmt"/>
        <line num="220" count="17" type="stmt"/>
        <line num="221" count="237" type="stmt"/>
        <line num="222" count="237" type="stmt"/>
        <line num="223" count="237" type="stmt"/>
        <line num="226" count="17" type="stmt"/>
        <line num="227" count="192" type="cond" truecount="2" falsecount="0"/>
        <line num="228" count="1" type="stmt"/>
        <line num="230" count="191" type="stmt"/>
        <line num="231" count="191" type="stmt"/>
        <line num="232" count="191" type="stmt"/>
        <line num="235" count="17" type="stmt"/>
        <line num="236" count="428" type="cond" truecount="2" falsecount="0"/>
        <line num="237" count="293" type="stmt"/>
        <line num="241" count="17" type="stmt"/>
        <line num="242" count="4" type="stmt"/>
        <line num="245" count="17" type="stmt"/>
        <line num="246" count="14" type="stmt"/>
        <line num="249" count="17" type="stmt"/>
        <line num="250" count="260" type="stmt"/>
        <line num="253" count="17" type="stmt"/>
        <line num="254" count="10" type="stmt"/>
        <line num="257" count="17" type="stmt"/>
        <line num="258" count="40" type="stmt"/>
        <line num="261" count="17" type="stmt"/>
        <line num="262" count="7" type="stmt"/>
        <line num="263" count="7" type="stmt"/>
        <line num="266" count="7" type="stmt"/>
        <line num="268" count="7" type="cond" truecount="2" falsecount="0"/>
        <line num="269" count="6" type="stmt"/>
        <line num="270" count="1" type="stmt"/>
        <line num="274" count="7" type="stmt"/>
        <line num="275" count="7" type="stmt"/>
        <line num="277" count="7" type="stmt"/>
        <line num="279" count="7" type="stmt"/>
        <line num="280" count="7" type="stmt"/>
        <line num="284" count="17" type="stmt"/>
        <line num="285" count="2" type="stmt"/>
        <line num="287" count="2" type="stmt"/>
        <line num="290" count="17" type="stmt"/>
        <line num="291" count="92" type="stmt"/>
        <line num="293" count="92" type="cond" truecount="2" falsecount="0"/>
        <line num="294" count="67" type="stmt"/>
        <line num="297" count="25" type="stmt"/>
        <line num="300" count="24" type="stmt"/>
        <line num="301" count="14" type="stmt"/>
        <line num="303" count="14" type="stmt"/>
        <line num="306" count="1" type="stmt"/>
        <line num="310" count="17" type="stmt"/>
        <line num="311" count="24" type="stmt"/>
        <line num="312" count="125" type="stmt"/>
        <line num="314" count="125" type="cond" truecount="2" falsecount="0"/>
        <line num="315" count="62" type="stmt"/>
        <line num="318" count="125" type="stmt"/>
        <line num="321" count="24" type="stmt"/>
        <line num="322" count="22" type="stmt"/>
        <line num="327" count="365" type="cond" truecount="2" falsecount="0"/>
        <line num="330" count="365" type="cond" truecount="1" falsecount="1"/>
        <line num="331" count="0" type="stmt"/>
        <line num="335" count="2174" type="stmt"/>
        <line num="337" count="365" type="stmt"/>
        <line num="338" count="2173" type="stmt"/>
        <line num="341" count="365" type="stmt"/>
        <line num="342" count="364" type="stmt"/>
        <line num="343" count="2170" type="stmt"/>
        <line num="346" count="364" type="cond" truecount="2" falsecount="0"/>
        <line num="347" count="2" type="stmt"/>
        <line num="350" count="542" type="stmt"/>
        <line num="355" count="2173" type="stmt"/>
        <line num="356" count="2172" type="stmt"/>
        <line num="364" count="2173" type="stmt"/>
        <line num="366" count="2173" type="cond" truecount="2" falsecount="0"/>
        <line num="367" count="1" type="stmt"/>
        <line num="370" count="2172" type="stmt"/>
        <line num="374" count="3" type="stmt"/>
        <line num="375" count="3" type="stmt"/>
        <line num="377" count="3" type="stmt"/>
        <line num="382" count="125" type="cond" truecount="2" falsecount="0"/>
        <line num="385" count="17" type="stmt"/>
      </file>
      <file name="dropin.js" path="/home/admin/bt/braintree-web-drop-in/src/dropin.js">
        <metrics statements="274" coveredstatements="265" conditionals="102" coveredconditionals="97" methods="53" coveredmethods="49"/>
        <line num="3" count="3" type="stmt"/>
        <line num="4" count="3" type="stmt"/>
        <line num="5" count="3" type="stmt"/>
        <line num="6" count="3" type="stmt"/>
        <line num="7" count="3" type="stmt"/>
        <line num="8" count="3" type="stmt"/>
        <line num="9" count="3" type="stmt"/>
        <line num="10" count="3" type="stmt"/>
        <line num="11" count="3" type="stmt"/>
        <line num="12" count="3" type="stmt"/>
        <line num="13" count="3" type="stmt"/>
        <line num="14" count="3" type="stmt"/>
        <line num="15" count="3" type="stmt"/>
        <line num="16" count="3" type="stmt"/>
        <line num="17" count="3" type="stmt"/>
        <line num="18" count="3" type="stmt"/>
        <line num="19" count="3" type="stmt"/>
        <line num="20" count="3" type="stmt"/>
        <line num="21" count="3" type="stmt"/>
        <line num="22" count="3" type="stmt"/>
        <line num="23" count="3" type="stmt"/>
        <line num="25" count="3" type="stmt"/>
        <line num="26" count="3" type="stmt"/>
        <line num="28" count="3" type="stmt"/>
        <line num="35" count="3" type="stmt"/>
        <line num="41" count="3" type="stmt"/>
        <line num="42" count="3" type="stmt"/>
        <line num="44" count="3" type="stmt"/>
        <line num="45" count="3" type="stmt"/>
        <line num="269" count="95" type="stmt"/>
        <line num="270" count="95" type="stmt"/>
        <line num="271" count="95" type="stmt"/>
        <line num="272" count="95" type="stmt"/>
        <line num="273" count="95" type="stmt"/>
        <line num="274" count="95" type="stmt"/>
        <line num="275" count="95" type="stmt"/>
        <line num="276" count="95" type="stmt"/>
        <line num="278" count="95" type="stmt"/>
        <line num="281" count="3" type="stmt"/>
        <line num="283" count="3" type="stmt"/>
        <line num="285" count="56" type="stmt"/>
        <line num="286" count="56" type="cond" truecount="2" falsecount="0"/>
        <line num="288" count="56" type="stmt"/>
        <line num="290" count="56" type="cond" truecount="2" falsecount="0"/>
        <line num="291" count="1" type="stmt"/>
        <line num="292" count="1" type="stmt"/>
        <line num="294" count="1" type="stmt"/>
        <line num="295" count="55" type="cond" truecount="4" falsecount="0"/>
        <line num="296" count="1" type="stmt"/>
        <line num="297" count="1" type="stmt"/>
        <line num="299" count="1" type="stmt"/>
        <line num="302" count="54" type="cond" truecount="2" falsecount="0"/>
        <line num="303" count="52" type="stmt"/>
        <line num="306" count="54" type="cond" truecount="4" falsecount="0"/>
        <line num="307" count="2" type="stmt"/>
        <line num="308" count="2" type="stmt"/>
        <line num="310" count="2" type="stmt"/>
        <line num="313" count="52" type="cond" truecount="2" falsecount="0"/>
        <line num="314" count="2" type="stmt"/>
        <line num="315" count="2" type="stmt"/>
        <line num="317" count="2" type="stmt"/>
        <line num="321" count="50" type="stmt"/>
        <line num="322" count="50" type="cond" truecount="2" falsecount="0"/>
        <line num="323" count="5" type="cond" truecount="2" falsecount="0"/>
        <line num="325" count="5" type="stmt"/>
        <line num="328" count="50" type="cond" truecount="1" falsecount="1"/>
        <line num="330" count="0" type="stmt"/>
        <line num="333" count="50" type="cond" truecount="2" falsecount="0"/>
        <line num="334" count="3" type="stmt"/>
        <line num="335" count="5" type="stmt"/>
        <line num="339" count="50" type="stmt"/>
        <line num="340" count="3300" type="stmt"/>
        <line num="342" count="3300" type="stmt"/>
        <line num="345" count="50" type="stmt"/>
        <line num="346" count="50" type="stmt"/>
        <line num="348" count="50" type="stmt"/>
        <line num="354" count="50" type="stmt"/>
        <line num="355" count="50" type="stmt"/>
        <line num="356" count="1" type="stmt"/>
        <line num="357" count="1" type="stmt"/>
        <line num="358" count="1" type="stmt"/>
        <line num="361" count="50" type="stmt"/>
        <line num="362" count="50" type="cond" truecount="2" falsecount="0"/>
        <line num="363" count="49" type="stmt"/>
        <line num="364" count="49" type="stmt"/>
        <line num="366" count="49" type="stmt"/>
        <line num="368" count="49" type="stmt"/>
        <line num="370" count="49" type="stmt"/>
        <line num="372" count="1" type="stmt"/>
        <line num="376" count="50" type="stmt"/>
        <line num="377" count="2" type="stmt"/>
        <line num="380" count="50" type="stmt"/>
        <line num="381" count="1" type="stmt"/>
        <line num="384" count="50" type="stmt"/>
        <line num="385" count="1" type="stmt"/>
        <line num="388" count="50" type="stmt"/>
        <line num="390" count="0" type="stmt"/>
        <line num="391" count="0" type="stmt"/>
        <line num="408" count="3" type="stmt"/>
        <line num="411" count="18" type="cond" truecount="2" falsecount="0"/>
        <line num="412" count="1" type="stmt"/>
        <line num="415" count="17" type="cond" truecount="2" falsecount="0"/>
        <line num="416" count="2" type="cond" truecount="2" falsecount="0"/>
        <line num="417" count="1" type="stmt"/>
        <line num="420" count="2" type="stmt"/>
        <line num="423" count="15" type="stmt"/>
        <line num="425" count="15" type="cond" truecount="2" falsecount="0"/>
        <line num="426" count="1" type="stmt"/>
        <line num="429" count="14" type="stmt"/>
        <line num="431" count="14" type="cond" truecount="1" falsecount="1"/>
        <line num="432" count="0" type="stmt"/>
        <line num="435" count="14" type="stmt"/>
        <line num="436" count="25" type="stmt"/>
        <line num="438" count="14" type="stmt"/>
        <line num="465" count="3" type="stmt"/>
        <line num="466" count="7" type="stmt"/>
        <line num="467" count="7" type="stmt"/>
        <line num="469" count="7" type="cond" truecount="2" falsecount="0"/>
        <line num="470" count="3" type="stmt"/>
        <line num="472" count="3" type="stmt"/>
        <line num="475" count="4" type="stmt"/>
        <line num="477" count="4" type="stmt"/>
        <line num="478" count="4" type="stmt"/>
        <line num="479" count="4" type="stmt"/>
        <line num="483" count="3" type="stmt"/>
        <line num="484" count="3" type="stmt"/>
        <line num="485" count="3" type="stmt"/>
        <line num="487" count="3" type="stmt"/>
        <line num="488" count="3" type="stmt"/>
        <line num="490" count="3" type="stmt"/>
        <line num="491" count="2" type="stmt"/>
        <line num="493" count="1" type="stmt"/>
        <line num="500" count="3" type="stmt"/>
        <line num="501" count="11" type="stmt"/>
        <line num="502" count="11" type="stmt"/>
        <line num="504" count="11" type="stmt"/>
        <line num="506" count="11" type="stmt"/>
        <line num="508" count="11" type="stmt"/>
        <line num="509" count="10" type="stmt"/>
        <line num="511" count="1" type="stmt"/>
        <line num="518" count="3" type="stmt"/>
        <line num="519" count="50" type="cond" truecount="2" falsecount="0"/>
        <line num="520" count="1" type="stmt"/>
        <line num="523" count="50" type="cond" truecount="2" falsecount="0"/>
        <line num="524" count="8" type="stmt"/>
        <line num="527" count="50" type="stmt"/>
        <line num="535" count="3" type="stmt"/>
        <line num="536" count="21" type="cond" truecount="2" falsecount="0"/>
        <line num="538" count="21" type="stmt"/>
        <line num="539" count="35" type="cond" truecount="4" falsecount="0"/>
        <line num="540" count="10" type="stmt"/>
        <line num="545" count="3" type="stmt"/>
        <line num="547" count="21" type="stmt"/>
        <line num="549" count="21" type="cond" truecount="2" falsecount="0"/>
        <line num="550" count="7" type="stmt"/>
        <line num="552" count="7" type="cond" truecount="2" falsecount="0"/>
        <line num="553" count="4" type="stmt"/>
        <line num="555" count="4" type="cond" truecount="2" falsecount="0"/>
        <line num="556" count="2" type="stmt"/>
        <line num="558" count="2" type="stmt"/>
        <line num="564" count="3" type="stmt"/>
        <line num="565" count="0" type="stmt"/>
        <line num="568" count="3" type="stmt"/>
        <line num="570" count="49" type="stmt"/>
        <line num="572" count="49" type="cond" truecount="2" falsecount="0"/>
        <line num="573" count="46" type="stmt"/>
        <line num="576" count="3" type="stmt"/>
        <line num="578" count="3" type="stmt"/>
        <line num="579" count="3" type="stmt"/>
        <line num="580" count="3" type="stmt"/>
        <line num="581" count="3" type="stmt"/>
        <line num="582" count="3" type="stmt"/>
        <line num="583" count="3" type="stmt"/>
        <line num="585" count="3" type="stmt"/>
        <line num="586" count="3" type="stmt"/>
        <line num="587" count="3" type="stmt"/>
        <line num="588" count="3" type="stmt"/>
        <line num="592" count="3" type="stmt"/>
        <line num="594" count="45" type="stmt"/>
        <line num="595" count="45" type="stmt"/>
        <line num="597" count="45" type="stmt"/>
        <line num="598" count="7" type="stmt"/>
        <line num="600" count="7" type="cond" truecount="2" falsecount="0"/>
        <line num="603" count="2" type="stmt"/>
        <line num="606" count="5" type="stmt"/>
        <line num="608" count="5" type="stmt"/>
        <line num="612" count="3" type="stmt"/>
        <line num="613" count="49" type="cond" truecount="2" falsecount="0"/>
        <line num="614" count="2" type="stmt"/>
        <line num="615" count="2" type="stmt"/>
        <line num="616" count="47" type="cond" truecount="2" falsecount="0"/>
        <line num="617" count="2" type="stmt"/>
        <line num="619" count="45" type="stmt"/>
        <line num="696" count="3" type="stmt"/>
        <line num="697" count="12" type="stmt"/>
        <line num="699" count="12" type="cond" truecount="2" falsecount="0"/>
        <line num="701" count="12" type="stmt"/>
        <line num="702" count="11" type="cond" truecount="2" falsecount="0"/>
        <line num="703" count="4" type="stmt"/>
        <line num="705" count="4" type="stmt"/>
        <line num="706" count="4" type="stmt"/>
        <line num="707" count="4" type="stmt"/>
        <line num="708" count="4" type="stmt"/>
        <line num="709" count="4" type="stmt"/>
        <line num="711" count="4" type="stmt"/>
        <line num="713" count="4" type="stmt"/>
        <line num="715" count="0" type="stmt"/>
        <line num="717" count="0" type="stmt"/>
        <line num="721" count="7" type="stmt"/>
        <line num="723" count="11" type="cond" truecount="1" falsecount="1"/>
        <line num="724" count="0" type="stmt"/>
        <line num="727" count="11" type="stmt"/>
        <line num="729" count="11" type="stmt"/>
        <line num="733" count="3" type="stmt"/>
        <line num="734" count="11" type="cond" truecount="2" falsecount="0"/>
        <line num="735" count="4" type="stmt"/>
        <line num="738" count="7" type="cond" truecount="2" falsecount="0"/>
        <line num="739" count="1" type="stmt"/>
        <line num="742" count="6" type="cond" truecount="2" falsecount="0"/>
        <line num="743" count="3" type="stmt"/>
        <line num="746" count="3" type="cond" truecount="4" falsecount="0"/>
        <line num="747" count="1" type="stmt"/>
        <line num="750" count="2" type="stmt"/>
        <line num="753" count="3" type="stmt"/>
        <line num="754" count="7" type="stmt"/>
        <line num="756" count="7" type="cond" truecount="1" falsecount="1"/>
        <line num="757" count="0" type="stmt"/>
        <line num="761" count="3" type="stmt"/>
        <line num="764" count="56" type="cond" truecount="2" falsecount="0"/>
        <line num="766" count="55" type="stmt"/>
        <line num="767" count="55" type="stmt"/>
        <line num="769" count="55" type="stmt"/>
        <line num="781" count="3" type="stmt"/>
        <line num="783" count="7" type="stmt"/>
        <line num="784" count="7" type="stmt"/>
        <line num="786" count="7" type="stmt"/>
        <line num="788" count="7" type="cond" truecount="1" falsecount="1"/>
        <line num="789" count="7" type="stmt"/>
        <line num="790" count="7" type="stmt"/>
        <line num="791" count="1" type="stmt"/>
        <line num="796" count="7" type="cond" truecount="2" falsecount="0"/>
        <line num="797" count="2" type="stmt"/>
        <line num="798" count="2" type="stmt"/>
        <line num="799" count="1" type="stmt"/>
        <line num="807" count="7" type="cond" truecount="2" falsecount="0"/>
        <line num="808" count="2" type="stmt"/>
        <line num="809" count="2" type="stmt"/>
        <line num="810" count="1" type="stmt"/>
        <line num="818" count="7" type="stmt"/>
        <line num="819" count="7" type="stmt"/>
        <line num="821" count="7" type="cond" truecount="2" falsecount="0"/>
        <line num="822" count="3" type="stmt"/>
        <line num="825" count="4" type="stmt"/>
        <line num="834" count="3" type="stmt"/>
        <line num="835" count="1" type="stmt"/>
        <line num="838" count="3" type="stmt"/>
        <line num="839" count="7" type="stmt"/>
        <line num="841" count="7" type="stmt"/>
        <line num="845" count="11" type="stmt"/>
        <line num="851" count="11" type="cond" truecount="2" falsecount="0"/>
        <line num="852" count="1" type="stmt"/>
        <line num="855" count="11" type="cond" truecount="2" falsecount="0"/>
        <line num="856" count="4" type="stmt"/>
        <line num="859" count="11" type="cond" truecount="2" falsecount="0"/>
        <line num="860" count="4" type="stmt"/>
        <line num="863" count="11" type="cond" truecount="2" falsecount="0"/>
        <line num="864" count="4" type="stmt"/>
        <line num="865" count="4" type="stmt"/>
        <line num="868" count="11" type="cond" truecount="2" falsecount="0"/>
        <line num="869" count="1" type="stmt"/>
        <line num="872" count="11" type="cond" truecount="2" falsecount="0"/>
        <line num="873" count="3" type="stmt"/>
        <line num="876" count="11" type="stmt"/>
        <line num="879" count="3" type="stmt"/>
      </file>
      <file name="index.js" path="/home/admin/bt/braintree-web-drop-in/src/index.js">
        <metrics statements="32" coveredstatements="32" conditionals="8" coveredconditionals="8" methods="7" coveredmethods="7"/>
        <line num="106" count="2" type="stmt"/>
        <line num="107" count="2" type="stmt"/>
        <line num="108" count="2" type="stmt"/>
        <line num="109" count="2" type="stmt"/>
        <line num="110" count="2" type="stmt"/>
        <line num="111" count="2" type="stmt"/>
        <line num="112" count="2" type="stmt"/>
        <line num="113" count="2" type="stmt"/>
        <line num="115" count="2" type="stmt"/>
        <line num="552" count="7" type="cond" truecount="2" falsecount="0"/>
        <line num="553" count="1" type="stmt"/>
        <line num="556" count="6" type="stmt"/>
        <line num="559" count="1" type="stmt"/>
        <line num="564" count="5" type="stmt"/>
        <line num="566" count="5" type="cond" truecount="2" falsecount="0"/>
        <line num="567" count="4" type="stmt"/>
        <line num="569" count="1" type="stmt"/>
        <line num="572" count="5" type="stmt"/>
        <line num="573" count="5" type="stmt"/>
        <line num="577" count="5" type="cond" truecount="2" falsecount="0"/>
        <line num="578" count="1" type="stmt"/>
        <line num="580" count="1" type="stmt"/>
        <line num="583" count="4" type="stmt"/>
        <line num="590" count="5" type="stmt"/>
        <line num="592" count="5" type="stmt"/>
        <line num="593" count="5" type="stmt"/>
        <line num="594" count="5" type="stmt"/>
        <line num="596" count="5" type="stmt"/>
        <line num="597" count="11" type="stmt"/>
        <line num="600" count="5" type="stmt"/>
        <line num="604" count="2" type="cond" truecount="2" falsecount="0"/>
        <line num="606" count="2" type="stmt"/>
      </file>
    </package>
    <package name="src.lib">
      <metrics statements="224" coveredstatements="218" conditionals="82" coveredconditionals="75" methods="52" coveredmethods="49"/>
      <file name="add-selection-event-handler.js" path="/home/admin/bt/braintree-web-drop-in/src/lib/add-selection-event-handler.js">
        <metrics statements="5" coveredstatements="5" conditionals="2" coveredconditionals="2" methods="2" coveredmethods="2"/>
        <line num="4" count="913" type="stmt"/>
        <line num="5" count="913" type="stmt"/>
        <line num="6" count="3" type="cond" truecount="2" falsecount="0"/>
        <line num="7" count="1" type="stmt"/>
        <line num="12" count="9" type="stmt"/>
      </file>
      <file name="analytics.js" path="/home/admin/bt/braintree-web-drop-in/src/lib/analytics.js">
        <metrics statements="14" coveredstatements="14" conditionals="2" coveredconditionals="2" methods="2" coveredmethods="2"/>
        <line num="3" count="20" type="stmt"/>
        <line num="4" count="20" type="stmt"/>
        <line num="5" count="20" type="stmt"/>
        <line num="8" count="13" type="stmt"/>
        <line num="12" count="13" type="stmt"/>
        <line num="13" count="13" type="stmt"/>
        <line num="14" count="13" type="stmt"/>
        <line num="15" count="13" type="stmt"/>
        <line num="16" count="13" type="stmt"/>
        <line num="25" count="13" type="cond" truecount="2" falsecount="0"/>
        <line num="26" count="11" type="stmt"/>
        <line num="28" count="2" type="stmt"/>
        <line num="31" count="13" type="stmt"/>
        <line num="39" count="20" type="stmt"/>
      </file>
      <file name="assign.js" path="/home/admin/bt/braintree-web-drop-in/src/lib/assign.js">
        <metrics statements="8" coveredstatements="8" conditionals="4" coveredconditionals="3" methods="1" coveredmethods="1"/>
        <line num="3" count="22" type="cond" truecount="1" falsecount="1"/>
        <line num="8" count="5" type="stmt"/>
        <line num="9" count="5" type="stmt"/>
        <line num="10" count="5" type="stmt"/>
        <line num="11" count="9" type="cond" truecount="2" falsecount="0"/>
        <line num="12" count="8" type="stmt"/>
        <line num="17" count="5" type="stmt"/>
        <line num="20" count="22" type="stmt"/>
      </file>
      <file name="browser-detection.js" path="/home/admin/bt/braintree-web-drop-in/src/lib/browser-detection.js">
        <metrics statements="3" coveredstatements="3" conditionals="0" coveredconditionals="0" methods="0" coveredmethods="0"/>
        <line num="3" count="20" type="stmt"/>
        <line num="4" count="20" type="stmt"/>
        <line num="6" count="20" type="stmt"/>
      </file>
      <file name="create-from-script-tag.js" path="/home/admin/bt/braintree-web-drop-in/src/lib/create-from-script-tag.js">
        <metrics statements="52" coveredstatements="52" conditionals="18" coveredconditionals="18" methods="9" coveredmethods="9"/>
        <line num="3" count="3" type="stmt"/>
        <line num="4" count="3" type="stmt"/>
        <line num="5" count="3" type="stmt"/>
        <line num="6" count="3" type="stmt"/>
        <line num="7" count="3" type="stmt"/>
        <line num="8" count="3" type="stmt"/>
        <line num="35" count="12" type="stmt"/>
        <line num="37" count="12" type="cond" truecount="2" falsecount="0"/>
        <line num="38" count="9" type="stmt"/>
        <line num="39" count="9" type="stmt"/>
        <line num="40" count="9" type="stmt"/>
        <line num="41" count="9" type="stmt"/>
        <line num="44" count="12" type="stmt"/>
        <line num="48" count="11" type="stmt"/>
        <line num="49" count="11" type="stmt"/>
        <line num="51" count="11" type="cond" truecount="2" falsecount="0"/>
        <line num="52" count="7" type="stmt"/>
        <line num="54" count="4" type="cond" truecount="2" falsecount="0"/>
        <line num="55" count="4" type="stmt"/>
        <line num="60" count="7" type="stmt"/>
        <line num="61" count="7" type="stmt"/>
        <line num="63" count="4" type="stmt"/>
        <line num="70" count="23" type="cond" truecount="2" falsecount="0"/>
        <line num="71" count="3" type="stmt"/>
        <line num="74" count="20" type="stmt"/>
        <line num="76" count="20" type="cond" truecount="2" falsecount="0"/>
        <line num="77" count="1" type="stmt"/>
        <line num="80" count="19" type="stmt"/>
        <line num="81" count="19" type="stmt"/>
        <line num="83" count="19" type="stmt"/>
        <line num="85" count="19" type="cond" truecount="2" falsecount="0"/>
        <line num="86" count="1" type="stmt"/>
        <line num="89" count="18" type="stmt"/>
        <line num="90" count="2" type="stmt"/>
        <line num="93" count="18" type="stmt"/>
        <line num="95" count="18" type="stmt"/>
        <line num="100" count="18" type="stmt"/>
        <line num="101" count="288" type="stmt"/>
        <line num="103" count="288" type="cond" truecount="2" falsecount="0"/>
        <line num="104" count="281" type="stmt"/>
        <line num="107" count="7" type="stmt"/>
        <line num="110" count="18" type="stmt"/>
        <line num="111" count="18" type="stmt"/>
        <line num="112" count="18" type="stmt"/>
        <line num="113" count="11" type="stmt"/>
        <line num="114" count="11" type="cond" truecount="2" falsecount="0"/>
        <line num="115" count="1" type="stmt"/>
        <line num="118" count="10" type="stmt"/>
        <line num="120" count="10" type="cond" truecount="2" falsecount="0"/>
        <line num="121" count="2" type="stmt"/>
        <line num="124" count="10" type="stmt"/>
        <line num="130" count="3" type="stmt"/>
      </file>
      <file name="data-collector.js" path="/home/admin/bt/braintree-web-drop-in/src/lib/data-collector.js">
        <metrics statements="27" coveredstatements="24" conditionals="8" coveredconditionals="6" methods="9" coveredmethods="8"/>
        <line num="3" count="4" type="stmt"/>
        <line num="4" count="4" type="stmt"/>
        <line num="5" count="4" type="stmt"/>
        <line num="6" count="4" type="stmt"/>
        <line num="9" count="10" type="stmt"/>
        <line num="12" count="4" type="stmt"/>
        <line num="13" count="5" type="stmt"/>
        <line num="15" count="5" type="stmt"/>
        <line num="18" count="5" type="cond" truecount="4" falsecount="0"/>
        <line num="19" count="3" type="stmt"/>
        <line num="22" count="2" type="stmt"/>
        <line num="24" count="2" type="stmt"/>
        <line num="29" count="5" type="stmt"/>
        <line num="31" count="4" type="stmt"/>
        <line num="33" count="1" type="stmt"/>
        <line num="36" count="1" type="stmt"/>
        <line num="40" count="4" type="stmt"/>
        <line num="41" count="0" type="stmt"/>
        <line num="44" count="4" type="stmt"/>
        <line num="45" count="1" type="cond" truecount="1" falsecount="1"/>
        <line num="46" count="0" type="stmt"/>
        <line num="49" count="1" type="stmt"/>
        <line num="52" count="4" type="stmt"/>
        <line num="53" count="1" type="cond" truecount="1" falsecount="1"/>
        <line num="54" count="0" type="stmt"/>
        <line num="57" count="1" type="stmt"/>
        <line num="60" count="4" type="stmt"/>
      </file>
      <file name="dropin-error.js" path="/home/admin/bt/braintree-web-drop-in/src/lib/dropin-error.js">
        <metrics statements="11" coveredstatements="11" conditionals="4" coveredconditionals="4" methods="2" coveredmethods="2"/>
        <line num="4" count="137" type="stmt"/>
        <line num="8" count="137" type="stmt"/>
        <line num="10" count="137" type="cond" truecount="2" falsecount="0"/>
        <line num="11" count="35" type="stmt"/>
        <line num="13" count="102" type="stmt"/>
        <line num="16" count="137" type="cond" truecount="2" falsecount="0"/>
        <line num="17" count="1" type="stmt"/>
        <line num="19" count="136" type="stmt"/>
        <line num="23" count="23" type="stmt"/>
        <line num="24" count="23" type="stmt"/>
        <line num="26" count="23" type="stmt"/>
      </file>
      <file name="enumerate.js" path="/home/admin/bt/braintree-web-drop-in/src/lib/enumerate.js">
        <metrics statements="5" coveredstatements="5" conditionals="2" coveredconditionals="2" methods="2" coveredmethods="2"/>
        <line num="4" count="2" type="cond" truecount="2" falsecount="0"/>
        <line num="6" count="2" type="stmt"/>
        <line num="7" count="4" type="stmt"/>
        <line num="9" count="4" type="stmt"/>
        <line num="13" count="1" type="stmt"/>
      </file>
      <file name="find-parent-form.js" path="/home/admin/bt/braintree-web-drop-in/src/lib/find-parent-form.js">
        <metrics statements="5" coveredstatements="5" conditionals="4" coveredconditionals="4" methods="1" coveredmethods="1"/>
        <line num="4" count="9" type="stmt"/>
        <line num="6" count="9" type="cond" truecount="4" falsecount="0"/>
        <line num="7" count="4" type="stmt"/>
        <line num="10" count="5" type="stmt"/>
        <line num="13" count="4" type="stmt"/>
      </file>
      <file name="is-guest-checkout.js" path="/home/admin/bt/braintree-web-drop-in/src/lib/is-guest-checkout.js">
        <metrics statements="7" coveredstatements="7" conditionals="4" coveredconditionals="4" methods="1" coveredmethods="1"/>
        <line num="3" count="17" type="stmt"/>
        <line num="5" count="17" type="stmt"/>
        <line num="7" count="560" type="stmt"/>
        <line num="9" count="560" type="cond" truecount="2" falsecount="0"/>
        <line num="10" count="19" type="stmt"/>
        <line num="12" count="19" type="cond" truecount="2" falsecount="0"/>
        <line num="15" count="541" type="stmt"/>
      </file>
      <file name="is-https.js" path="/home/admin/bt/braintree-web-drop-in/src/lib/is-https.js">
        <metrics statements="2" coveredstatements="1" conditionals="0" coveredconditionals="0" methods="1" coveredmethods="0"/>
        <line num="4" count="0" type="stmt"/>
        <line num="7" count="17" type="stmt"/>
      </file>
      <file name="is-utf-8.js" path="/home/admin/bt/braintree-web-drop-in/src/lib/is-utf-8.js">
        <metrics statements="3" coveredstatements="3" conditionals="4" coveredconditionals="4" methods="1" coveredmethods="1"/>
        <line num="3" count="18" type="stmt"/>
        <line num="4" count="471" type="cond" truecount="2" falsecount="0"/>
        <line num="6" count="471" type="cond" truecount="2" falsecount="0"/>
      </file>
      <file name="kebab-case-to-camel-case.js" path="/home/admin/bt/braintree-web-drop-in/src/lib/kebab-case-to-camel-case.js">
        <metrics statements="6" coveredstatements="6" conditionals="0" coveredconditionals="0" methods="2" coveredmethods="2"/>
        <line num="4" count="15" type="stmt"/>
        <line num="5" count="15" type="stmt"/>
        <line num="6" count="15" type="stmt"/>
        <line num="7" count="7" type="stmt"/>
        <line num="10" count="15" type="stmt"/>
        <line num="13" count="4" type="stmt"/>
      </file>
      <file name="polyfill.js" path="/home/admin/bt/braintree-web-drop-in/src/lib/polyfill.js">
        <metrics statements="19" coveredstatements="19" conditionals="8" coveredconditionals="6" methods="2" coveredmethods="2"/>
        <line num="4" count="21" type="cond" truecount="1" falsecount="1"/>
        <line num="8" count="2" type="stmt"/>
        <line num="9" count="2" type="stmt"/>
        <line num="10" count="2" type="stmt"/>
        <line num="12" count="2" type="cond" truecount="2" falsecount="0"/>
        <line num="13" count="1" type="stmt"/>
        <line num="16" count="1" type="stmt"/>
        <line num="17" count="1" type="stmt"/>
        <line num="18" count="4" type="stmt"/>
        <line num="19" count="4" type="stmt"/>
        <line num="20" count="4" type="stmt"/>
        <line num="21" count="4" type="stmt"/>
        <line num="23" count="4" type="stmt"/>
        <line num="24" count="4" type="stmt"/>
        <line num="25" count="4" type="stmt"/>
        <line num="27" count="4" type="cond" truecount="3" falsecount="1"/>
        <line num="30" count="1" type="stmt"/>
        <line num="33" count="21" type="stmt"/>
        <line num="35" count="22" type="stmt"/>
      </file>
      <file name="promise.js" path="/home/admin/bt/braintree-web-drop-in/src/lib/promise.js">
        <metrics statements="2" coveredstatements="2" conditionals="2" coveredconditionals="1" methods="0" coveredmethods="0"/>
        <line num="3" count="22" type="cond" truecount="1" falsecount="1"/>
        <line num="5" count="22" type="stmt"/>
      </file>
      <file name="sanitize-html.js" path="/home/admin/bt/braintree-web-drop-in/src/lib/sanitize-html.js">
        <metrics statements="4" coveredstatements="3" conditionals="2" coveredconditionals="1" methods="1" coveredmethods="1"/>
        <line num="3" count="4" type="stmt"/>
        <line num="4" count="6" type="cond" truecount="1" falsecount="1"/>
        <line num="5" count="0" type="stmt"/>
        <line num="8" count="6" type="stmt"/>
      </file>
      <file name="supports-flexbox.js" path="/home/admin/bt/braintree-web-drop-in/src/lib/supports-flexbox.js">
        <metrics statements="7" coveredstatements="7" conditionals="0" coveredconditionals="0" methods="2" coveredmethods="2"/>
        <line num="3" count="5" type="stmt"/>
        <line num="4" count="166" type="stmt"/>
        <line num="5" count="166" type="stmt"/>
        <line num="6" count="166" type="stmt"/>
        <line num="14" count="166" type="stmt"/>
        <line num="15" count="830" type="stmt"/>
        <line num="18" count="166" type="stmt"/>
      </file>
      <file name="three-d-secure.js" path="/home/admin/bt/braintree-web-drop-in/src/lib/three-d-secure.js">
        <metrics statements="20" coveredstatements="19" conditionals="4" coveredconditionals="4" methods="7" coveredmethods="6"/>
        <line num="3" count="4" type="stmt"/>
        <line num="4" count="4" type="stmt"/>
        <line num="6" count="4" type="stmt"/>
        <line num="9" count="20" type="stmt"/>
        <line num="10" count="20" type="stmt"/>
        <line num="13" count="4" type="stmt"/>
        <line num="14" count="9" type="stmt"/>
        <line num="16" count="9" type="stmt"/>
        <line num="20" count="9" type="stmt"/>
        <line num="24" count="4" type="stmt"/>
        <line num="25" count="6" type="stmt"/>
        <line num="34" count="0" type="stmt"/>
        <line num="38" count="6" type="cond" truecount="2" falsecount="0"/>
        <line num="39" count="6" type="cond" truecount="2" falsecount="0"/>
        <line num="41" count="6" type="stmt"/>
        <line num="44" count="4" type="stmt"/>
        <line num="45" count="1" type="stmt"/>
        <line num="48" count="4" type="stmt"/>
        <line num="49" count="1" type="stmt"/>
        <line num="52" count="4" type="stmt"/>
      </file>
      <file name="transition-helper.js" path="/home/admin/bt/braintree-web-drop-in/src/lib/transition-helper.js">
        <metrics statements="14" coveredstatements="14" conditionals="10" coveredconditionals="10" methods="3" coveredmethods="3"/>
        <line num="3" count="18" type="stmt"/>
        <line num="6" count="10" type="cond" truecount="2" falsecount="0"/>
        <line num="7" count="3" type="stmt"/>
        <line num="10" count="7" type="cond" truecount="2" falsecount="0"/>
        <line num="11" count="2" type="stmt"/>
        <line num="14" count="5" type="stmt"/>
        <line num="18" count="6" type="cond" truecount="4" falsecount="0"/>
        <line num="19" count="3" type="stmt"/>
        <line num="21" count="3" type="stmt"/>
        <line num="25" count="4" type="cond" truecount="2" falsecount="0"/>
        <line num="26" count="2" type="stmt"/>
        <line num="27" count="2" type="stmt"/>
        <line num="31" count="3" type="stmt"/>
        <line num="34" count="18" type="stmt"/>
      </file>
      <file name="uuid.js" path="/home/admin/bt/braintree-web-drop-in/src/lib/uuid.js">
        <metrics statements="5" coveredstatements="5" conditionals="2" coveredconditionals="2" methods="2" coveredmethods="2"/>
        <line num="5" count="124" type="stmt"/>
        <line num="6" count="3844" type="stmt"/>
        <line num="7" count="3844" type="cond" truecount="2" falsecount="0"/>
        <line num="9" count="3844" type="stmt"/>
        <line num="13" count="5" type="stmt"/>
      </file>
      <file name="wait.js" path="/home/admin/bt/braintree-web-drop-in/src/lib/wait.js">
        <metrics statements="5" coveredstatements="5" conditionals="2" coveredconditionals="2" methods="2" coveredmethods="2"/>
        <line num="3" count="5" type="stmt"/>
        <line num="6" count="460" type="cond" truecount="2" falsecount="0"/>
        <line num="8" count="460" type="stmt"/>
        <line num="9" count="460" type="stmt"/>
        <line num="13" count="5" type="stmt"/>
      </file>
    </package>
    <package name="src.translations">
      <metrics statements="27" coveredstatements="27" conditionals="0" coveredconditionals="0" methods="0" coveredmethods="0"/>
      <file name="da_DK.js" path="/home/admin/bt/braintree-web-drop-in/src/translations/da_DK.js">
        <metrics statements="1" coveredstatements="1" conditionals="0" coveredconditionals="0" methods="0" coveredmethods="0"/>
        <line num="3" count="19" type="stmt"/>
      </file>
      <file name="de_DE.js" path="/home/admin/bt/braintree-web-drop-in/src/translations/de_DE.js">
        <metrics statements="1" coveredstatements="1" conditionals="0" coveredconditionals="0" methods="0" coveredmethods="0"/>
        <line num="3" count="19" type="stmt"/>
      </file>
      <file name="en_AU.js" path="/home/admin/bt/braintree-web-drop-in/src/translations/en_AU.js">
        <metrics statements="1" coveredstatements="1" conditionals="0" coveredconditionals="0" methods="0" coveredmethods="0"/>
        <line num="3" count="19" type="stmt"/>
      </file>
      <file name="en_GB.js" path="/home/admin/bt/braintree-web-drop-in/src/translations/en_GB.js">
        <metrics statements="1" coveredstatements="1" conditionals="0" coveredconditionals="0" methods="0" coveredmethods="0"/>
        <line num="3" count="19" type="stmt"/>
      </file>
      <file name="en_US.js" path="/home/admin/bt/braintree-web-drop-in/src/translations/en_US.js">
        <metrics statements="1" coveredstatements="1" conditionals="0" coveredconditionals="0" methods="0" coveredmethods="0"/>
        <line num="3" count="20" type="stmt"/>
      </file>
      <file name="es_ES.js" path="/home/admin/bt/braintree-web-drop-in/src/translations/es_ES.js">
        <metrics statements="1" coveredstatements="1" conditionals="0" coveredconditionals="0" methods="0" coveredmethods="0"/>
        <line num="3" count="19" type="stmt"/>
      </file>
      <file name="fr_CA.js" path="/home/admin/bt/braintree-web-drop-in/src/translations/fr_CA.js">
        <metrics statements="1" coveredstatements="1" conditionals="0" coveredconditionals="0" methods="0" coveredmethods="0"/>
        <line num="3" count="19" type="stmt"/>
      </file>
      <file name="fr_FR.js" path="/home/admin/bt/braintree-web-drop-in/src/translations/fr_FR.js">
        <metrics statements="1" coveredstatements="1" conditionals="0" coveredconditionals="0" methods="0" coveredmethods="0"/>
        <line num="3" count="19" type="stmt"/>
      </file>
      <file name="id_ID.js" path="/home/admin/bt/braintree-web-drop-in/src/translations/id_ID.js">
        <metrics statements="1" coveredstatements="1" conditionals="0" coveredconditionals="0" methods="0" coveredmethods="0"/>
        <line num="3" count="19" type="stmt"/>
      </file>
      <file name="index.js" path="/home/admin/bt/braintree-web-drop-in/src/translations/index.js">
        <metrics statements="4" coveredstatements="4" conditionals="0" coveredconditionals="0" methods="0" coveredmethods="0"/>
        <line num="4" count="19" type="stmt"/>
        <line num="6" count="19" type="stmt"/>
        <line num="32" count="19" type="stmt"/>
        <line num="52" count="19" type="stmt"/>
      </file>
      <file name="it_IT.js" path="/home/admin/bt/braintree-web-drop-in/src/translations/it_IT.js">
        <metrics statements="1" coveredstatements="1" conditionals="0" coveredconditionals="0" methods="0" coveredmethods="0"/>
        <line num="3" count="19" type="stmt"/>
      </file>
      <file name="ja_JP.js" path="/home/admin/bt/braintree-web-drop-in/src/translations/ja_JP.js">
        <metrics statements="1" coveredstatements="1" conditionals="0" coveredconditionals="0" methods="0" coveredmethods="0"/>
        <line num="3" count="19" type="stmt"/>
      </file>
      <file name="ko_KR.js" path="/home/admin/bt/braintree-web-drop-in/src/translations/ko_KR.js">
        <metrics statements="1" coveredstatements="1" conditionals="0" coveredconditionals="0" methods="0" coveredmethods="0"/>
        <line num="3" count="19" type="stmt"/>
      </file>
      <file name="nl_NL.js" path="/home/admin/bt/braintree-web-drop-in/src/translations/nl_NL.js">
        <metrics statements="1" coveredstatements="1" conditionals="0" coveredconditionals="0" methods="0" coveredmethods="0"/>
        <line num="3" count="19" type="stmt"/>
      </file>
      <file name="no_NO.js" path="/home/admin/bt/braintree-web-drop-in/src/translations/no_NO.js">
        <metrics statements="1" coveredstatements="1" conditionals="0" coveredconditionals="0" methods="0" coveredmethods="0"/>
        <line num="3" count="19" type="stmt"/>
      </file>
      <file name="pl_PL.js" path="/home/admin/bt/braintree-web-drop-in/src/translations/pl_PL.js">
        <metrics statements="1" coveredstatements="1" conditionals="0" coveredconditionals="0" methods="0" coveredmethods="0"/>
        <line num="3" count="19" type="stmt"/>
      </file>
      <file name="pt_BR.js" path="/home/admin/bt/braintree-web-drop-in/src/translations/pt_BR.js">
        <metrics statements="1" coveredstatements="1" conditionals="0" coveredconditionals="0" methods="0" coveredmethods="0"/>
        <line num="3" count="19" type="stmt"/>
      </file>
      <file name="pt_PT.js" path="/home/admin/bt/braintree-web-drop-in/src/translations/pt_PT.js">
        <metrics statements="1" coveredstatements="1" conditionals="0" coveredconditionals="0" methods="0" coveredmethods="0"/>
        <line num="3" count="19" type="stmt"/>
      </file>
      <file name="ru_RU.js" path="/home/admin/bt/braintree-web-drop-in/src/translations/ru_RU.js">
        <metrics statements="1" coveredstatements="1" conditionals="0" coveredconditionals="0" methods="0" coveredmethods="0"/>
        <line num="3" count="19" type="stmt"/>
      </file>
      <file name="sv_SE.js" path="/home/admin/bt/braintree-web-drop-in/src/translations/sv_SE.js">
        <metrics statements="1" coveredstatements="1" conditionals="0" coveredconditionals="0" methods="0" coveredmethods="0"/>
        <line num="3" count="19" type="stmt"/>
      </file>
      <file name="th_TH.js" path="/home/admin/bt/braintree-web-drop-in/src/translations/th_TH.js">
        <metrics statements="1" coveredstatements="1" conditionals="0" coveredconditionals="0" methods="0" coveredmethods="0"/>
        <line num="3" count="19" type="stmt"/>
      </file>
      <file name="zh_CN.js" path="/home/admin/bt/braintree-web-drop-in/src/translations/zh_CN.js">
        <metrics statements="1" coveredstatements="1" conditionals="0" coveredconditionals="0" methods="0" coveredmethods="0"/>
        <line num="3" count="19" type="stmt"/>
      </file>
      <file name="zh_HK.js" path="/home/admin/bt/braintree-web-drop-in/src/translations/zh_HK.js">
        <metrics statements="1" coveredstatements="1" conditionals="0" coveredconditionals="0" methods="0" coveredmethods="0"/>
        <line num="3" count="19" type="stmt"/>
      </file>
      <file name="zh_TW.js" path="/home/admin/bt/braintree-web-drop-in/src/translations/zh_TW.js">
        <metrics statements="1" coveredstatements="1" conditionals="0" coveredconditionals="0" methods="0" coveredmethods="0"/>
        <line num="3" count="19" type="stmt"/>
      </file>
    </package>
    <package name="src.views">
      <metrics statements="474" coveredstatements="461" conditionals="125" coveredconditionals="113" methods="83" coveredmethods="81"/>
      <file name="base-view.js" path="/home/admin/bt/braintree-web-drop-in/src/views/base-view.js">
        <metrics statements="26" coveredstatements="26" conditionals="10" coveredconditionals="9" methods="8" coveredmethods="8"/>
        <line num="3" count="21" type="stmt"/>
        <line num="4" count="21" type="stmt"/>
        <line num="5" count="21" type="stmt"/>
        <line num="6" count="21" type="stmt"/>
        <line num="7" count="21" type="stmt"/>
        <line num="10" count="1198" type="cond" truecount="2" falsecount="0"/>
        <line num="12" count="1198" type="stmt"/>
        <line num="15" count="21" type="stmt"/>
        <line num="16" count="5475" type="cond" truecount="1" falsecount="1"/>
        <line num="18" count="5475" type="stmt"/>
        <line num="21" count="21" type="stmt"/>
        <line num="22" count="2" type="stmt"/>
        <line num="25" count="21" type="stmt"/>
        <line num="26" count="207" type="cond" truecount="2" falsecount="0"/>
        <line num="29" count="21" type="stmt"/>
        <line num="31" count="21" type="stmt"/>
        <line num="32" count="1" type="stmt"/>
        <line num="35" count="21" type="stmt"/>
        <line num="36" count="12" type="cond" truecount="2" falsecount="0"/>
        <line num="37" count="10" type="stmt"/>
        <line num="40" count="12" type="stmt"/>
        <line num="43" count="21" type="stmt"/>
        <line num="44" count="42" type="cond" truecount="2" falsecount="0"/>
        <line num="45" count="40" type="stmt"/>
        <line num="48" count="42" type="stmt"/>
        <line num="51" count="21" type="stmt"/>
      </file>
      <file name="delete-confirmation-view.js" path="/home/admin/bt/braintree-web-drop-in/src/views/delete-confirmation-view.js">
        <metrics statements="35" coveredstatements="34" conditionals="10" coveredconditionals="8" methods="5" coveredmethods="5"/>
        <line num="3" count="5" type="stmt"/>
        <line num="4" count="5" type="stmt"/>
        <line num="5" count="5" type="stmt"/>
        <line num="8" count="173" type="stmt"/>
        <line num="10" count="173" type="stmt"/>
        <line num="13" count="5" type="stmt"/>
        <line num="14" count="5" type="stmt"/>
        <line num="15" count="5" type="stmt"/>
        <line num="17" count="5" type="stmt"/>
        <line num="18" count="171" type="stmt"/>
        <line num="19" count="171" type="stmt"/>
        <line num="20" count="171" type="stmt"/>
        <line num="22" count="171" type="stmt"/>
        <line num="23" count="1" type="stmt"/>
        <line num="25" count="171" type="stmt"/>
        <line num="26" count="1" type="stmt"/>
        <line num="30" count="5" type="stmt"/>
        <line num="32" count="4" type="stmt"/>
        <line num="34" count="4" type="cond" truecount="2" falsecount="0"/>
        <line num="35" count="3" type="cond" truecount="3" falsecount="1"/>
        <line num="37" count="1" type="stmt"/>
        <line num="38" count="1" type="stmt"/>
        <line num="39" count="1" type="cond" truecount="1" falsecount="1"/>
        <line num="40" count="1" type="stmt"/>
        <line num="42" count="1" type="stmt"/>
        <line num="43" count="1" type="stmt"/>
        <line num="45" count="1" type="stmt"/>
        <line num="46" count="1" type="stmt"/>
        <line num="48" count="0" type="stmt"/>
        <line num="51" count="3" type="stmt"/>
        <line num="52" count="3" type="cond" truecount="2" falsecount="0"/>
        <line num="53" count="1" type="stmt"/>
        <line num="56" count="1" type="stmt"/>
        <line num="58" count="4" type="stmt"/>
        <line num="61" count="5" type="stmt"/>
      </file>
      <file name="main-view.js" path="/home/admin/bt/braintree-web-drop-in/src/views/main-view.js">
        <metrics statements="211" coveredstatements="210" conditionals="62" coveredconditionals="59" methods="41" coveredmethods="41"/>
        <line num="3" count="4" type="stmt"/>
        <line num="4" count="4" type="stmt"/>
        <line num="5" count="4" type="stmt"/>
        <line num="6" count="4" type="stmt"/>
        <line num="7" count="4" type="stmt"/>
        <line num="8" count="4" type="stmt"/>
        <line num="9" count="4" type="stmt"/>
        <line num="10" count="4" type="stmt"/>
        <line num="11" count="4" type="stmt"/>
        <line num="12" count="4" type="stmt"/>
        <line num="13" count="4" type="stmt"/>
        <line num="14" count="4" type="stmt"/>
        <line num="16" count="4" type="stmt"/>
        <line num="17" count="4" type="stmt"/>
        <line num="20" count="163" type="stmt"/>
        <line num="22" count="163" type="stmt"/>
        <line num="24" count="163" type="stmt"/>
        <line num="27" count="4" type="stmt"/>
        <line num="28" count="4" type="stmt"/>
        <line num="30" count="4" type="stmt"/>
        <line num="33" count="163" type="stmt"/>
        <line num="35" count="163" type="stmt"/>
        <line num="37" count="163" type="stmt"/>
        <line num="38" count="163" type="stmt"/>
        <line num="40" count="163" type="stmt"/>
        <line num="41" count="163" type="stmt"/>
        <line num="42" count="163" type="stmt"/>
        <line num="44" count="163" type="stmt"/>
        <line num="45" count="163" type="stmt"/>
        <line num="47" count="163" type="stmt"/>
        <line num="49" count="163" type="stmt"/>
        <line num="51" count="163" type="stmt"/>
        <line num="52" count="163" type="stmt"/>
        <line num="53" count="163" type="stmt"/>
        <line num="54" count="163" type="stmt"/>
        <line num="56" count="163" type="stmt"/>
        <line num="59" count="978" type="cond" truecount="2" falsecount="0"/>
        <line num="60" count="368" type="stmt"/>
        <line num="62" count="368" type="stmt"/>
        <line num="69" count="368" type="stmt"/>
        <line num="71" count="368" type="stmt"/>
        <line num="72" count="368" type="stmt"/>
        <line num="75" count="978" type="stmt"/>
        <line num="78" count="163" type="stmt"/>
        <line num="84" count="163" type="stmt"/>
        <line num="86" count="163" type="stmt"/>
        <line num="91" count="163" type="stmt"/>
        <line num="93" count="163" type="stmt"/>
        <line num="95" count="163" type="stmt"/>
        <line num="96" count="13" type="stmt"/>
        <line num="97" count="13" type="stmt"/>
        <line num="101" count="163" type="stmt"/>
        <line num="103" count="163" type="stmt"/>
        <line num="104" count="1" type="stmt"/>
        <line num="106" count="1" type="cond" truecount="3" falsecount="1"/>
        <line num="107" count="1" type="stmt"/>
        <line num="111" count="163" type="stmt"/>
        <line num="113" count="163" type="stmt"/>
        <line num="115" count="163" type="stmt"/>
        <line num="116" count="163" type="stmt"/>
        <line num="117" count="163" type="stmt"/>
        <line num="118" count="163" type="stmt"/>
        <line num="120" count="163" type="cond" truecount="2" falsecount="0"/>
        <line num="121" count="53" type="stmt"/>
        <line num="129" count="53" type="stmt"/>
        <line num="132" count="163" type="stmt"/>
        <line num="135" count="4" type="stmt"/>
        <line num="136" count="241" type="stmt"/>
        <line num="138" count="241" type="cond" truecount="2" falsecount="0"/>
        <line num="139" count="31" type="stmt"/>
        <line num="140" count="31" type="stmt"/>
        <line num="142" count="210" type="stmt"/>
        <line num="143" count="207" type="stmt"/>
        <line num="145" count="210" type="stmt"/>
        <line num="146" count="210" type="cond" truecount="2" falsecount="0"/>
        <line num="147" count="208" type="stmt"/>
        <line num="153" count="241" type="stmt"/>
        <line num="156" count="4" type="stmt"/>
        <line num="157" count="743" type="stmt"/>
        <line num="160" count="4" type="stmt"/>
        <line num="161" count="840" type="stmt"/>
        <line num="164" count="4" type="stmt"/>
        <line num="167" count="227" type="stmt"/>
        <line num="168" count="224" type="stmt"/>
        <line num="169" count="224" type="cond" truecount="2" falsecount="0"/>
        <line num="170" count="3" type="stmt"/>
        <line num="174" count="227" type="stmt"/>
        <line num="175" count="227" type="stmt"/>
        <line num="177" count="227" type="cond" truecount="2" falsecount="0"/>
        <line num="178" count="148" type="cond" truecount="4" falsecount="0"/>
        <line num="179" count="31" type="stmt"/>
        <line num="181" count="117" type="stmt"/>
        <line num="183" count="79" type="cond" truecount="2" falsecount="0"/>
        <line num="184" count="26" type="stmt"/>
        <line num="186" count="26" type="stmt"/>
        <line num="187" count="53" type="cond" truecount="1" falsecount="1"/>
        <line num="188" count="53" type="stmt"/>
        <line num="191" count="227" type="cond" truecount="2" falsecount="0"/>
        <line num="192" count="1" type="stmt"/>
        <line num="195" count="227" type="stmt"/>
        <line num="197" count="227" type="stmt"/>
        <line num="203" count="227" type="stmt"/>
        <line num="206" count="4" type="stmt"/>
        <line num="207" count="8" type="stmt"/>
        <line num="209" count="8" type="stmt"/>
        <line num="210" count="6" type="stmt"/>
        <line num="212" count="6" type="stmt"/>
        <line num="214" count="2" type="stmt"/>
        <line num="216" count="2" type="stmt"/>
        <line num="220" count="4" type="stmt"/>
        <line num="221" count="151" type="stmt"/>
        <line num="222" count="151" type="stmt"/>
        <line num="223" count="151" type="stmt"/>
        <line num="226" count="4" type="stmt"/>
        <line num="227" count="6" type="stmt"/>
        <line num="228" count="6" type="stmt"/>
        <line num="229" count="6" type="stmt"/>
        <line num="232" count="4" type="stmt"/>
        <line num="234" count="8" type="stmt"/>
        <line num="236" count="8" type="stmt"/>
        <line num="238" count="8" type="cond" truecount="2" falsecount="0"/>
        <line num="239" count="4" type="stmt"/>
        <line num="241" count="4" type="stmt"/>
        <line num="242" count="4" type="stmt"/>
        <line num="243" count="4" type="cond" truecount="1" falsecount="1"/>
        <line num="244" count="4" type="cond" truecount="2" falsecount="0"/>
        <line num="245" count="1" type="stmt"/>
        <line num="247" count="3" type="stmt"/>
        <line num="248" count="3" type="stmt"/>
        <line num="251" count="0" type="stmt"/>
        <line num="255" count="4" type="stmt"/>
        <line num="256" count="60" type="cond" truecount="2" falsecount="0"/>
        <line num="257" count="1" type="stmt"/>
        <line num="259" count="59" type="stmt"/>
        <line num="260" count="59" type="stmt"/>
        <line num="263" count="4" type="stmt"/>
        <line num="264" count="184" type="stmt"/>
        <line num="265" count="184" type="stmt"/>
        <line num="268" count="4" type="stmt"/>
        <line num="270" count="7" type="stmt"/>
        <line num="272" count="7" type="cond" truecount="2" falsecount="0"/>
        <line num="273" count="2" type="stmt"/>
        <line num="274" count="5" type="cond" truecount="4" falsecount="0"/>
        <line num="275" count="2" type="cond" truecount="2" falsecount="0"/>
        <line num="276" count="3" type="cond" truecount="2" falsecount="0"/>
        <line num="277" count="1" type="stmt"/>
        <line num="279" count="2" type="stmt"/>
        <line num="282" count="7" type="stmt"/>
        <line num="283" count="7" type="stmt"/>
        <line num="286" count="4" type="stmt"/>
        <line num="287" count="229" type="stmt"/>
        <line num="290" count="4" type="stmt"/>
        <line num="291" count="4" type="stmt"/>
        <line num="294" count="4" type="stmt"/>
        <line num="295" count="2" type="stmt"/>
        <line num="298" count="4" type="stmt"/>
        <line num="299" count="2" type="stmt"/>
        <line num="302" count="4" type="stmt"/>
        <line num="304" count="3" type="stmt"/>
        <line num="305" count="3" type="stmt"/>
        <line num="306" count="3" type="stmt"/>
        <line num="307" count="1" type="stmt"/>
        <line num="311" count="3" type="stmt"/>
        <line num="312" count="3" type="cond" truecount="2" falsecount="0"/>
        <line num="313" count="1" type="stmt"/>
        <line num="316" count="2" type="stmt"/>
        <line num="320" count="4" type="stmt"/>
        <line num="321" count="4" type="stmt"/>
        <line num="322" count="4" type="stmt"/>
        <line num="323" count="4" type="stmt"/>
        <line num="325" count="4" type="stmt"/>
        <line num="330" count="4" type="stmt"/>
        <line num="333" count="4" type="stmt"/>
        <line num="334" count="4" type="stmt"/>
        <line num="335" count="4" type="stmt"/>
        <line num="337" count="4" type="stmt"/>
        <line num="339" count="4" type="stmt"/>
        <line num="346" count="4" type="stmt"/>
        <line num="347" count="2" type="stmt"/>
        <line num="348" count="2" type="stmt"/>
        <line num="351" count="4" type="stmt"/>
        <line num="352" count="1" type="stmt"/>
        <line num="355" count="4" type="stmt"/>
        <line num="356" count="2" type="stmt"/>
        <line num="357" count="2" type="stmt"/>
        <line num="360" count="4" type="stmt"/>
        <line num="361" count="6" type="stmt"/>
        <line num="363" count="6" type="stmt"/>
        <line num="365" count="6" type="cond" truecount="4" falsecount="0"/>
        <line num="366" count="2" type="stmt"/>
        <line num="367" count="2" type="stmt"/>
        <line num="369" count="4" type="stmt"/>
        <line num="372" count="6" type="stmt"/>
        <line num="373" count="6" type="stmt"/>
        <line num="375" count="6" type="stmt"/>
        <line num="376" count="6" type="stmt"/>
        <line num="381" count="4" type="stmt"/>
        <line num="382" count="163" type="stmt"/>
        <line num="383" count="163" type="stmt"/>
        <line num="385" count="163" type="cond" truecount="2" falsecount="0"/>
        <line num="386" count="13" type="cond" truecount="2" falsecount="0"/>
        <line num="387" count="11" type="stmt"/>
        <line num="389" count="11" type="stmt"/>
        <line num="391" count="2" type="stmt"/>
        <line num="393" count="150" type="cond" truecount="2" falsecount="0"/>
        <line num="394" count="45" type="stmt"/>
        <line num="396" count="105" type="stmt"/>
        <line num="400" count="2" type="stmt"/>
        <line num="401" count="5" type="stmt"/>
        <line num="406" count="231" type="stmt"/>
        <line num="409" count="4" type="stmt"/>
      </file>
      <file name="payment-method-view.js" path="/home/admin/bt/braintree-web-drop-in/src/views/payment-method-view.js">
        <metrics statements="54" coveredstatements="51" conditionals="12" coveredconditionals="11" methods="8" coveredmethods="7"/>
        <line num="3" count="6" type="stmt"/>
        <line num="4" count="6" type="stmt"/>
        <line num="5" count="6" type="stmt"/>
        <line num="6" count="6" type="stmt"/>
        <line num="7" count="6" type="stmt"/>
        <line num="8" count="6" type="stmt"/>
        <line num="10" count="6" type="stmt"/>
        <line num="13" count="63" type="stmt"/>
        <line num="15" count="63" type="stmt"/>
        <line num="18" count="6" type="stmt"/>
        <line num="19" count="6" type="stmt"/>
        <line num="21" count="6" type="stmt"/>
        <line num="23" count="66" type="stmt"/>
        <line num="24" count="66" type="stmt"/>
        <line num="25" count="66" type="stmt"/>
        <line num="27" count="66" type="stmt"/>
        <line num="28" count="66" type="stmt"/>
        <line num="29" count="66" type="stmt"/>
        <line num="31" count="66" type="stmt"/>
        <line num="33" count="66" type="cond" truecount="6" falsecount="0"/>
        <line num="35" count="1" type="stmt"/>
        <line num="39" count="1" type="stmt"/>
        <line num="41" count="26" type="stmt"/>
        <line num="42" count="26" type="stmt"/>
        <line num="46" count="26" type="stmt"/>
        <line num="48" count="1" type="stmt"/>
        <line num="52" count="1" type="stmt"/>
        <line num="54" count="22" type="stmt"/>
        <line num="58" count="22" type="stmt"/>
        <line num="60" count="4" type="stmt"/>
        <line num="64" count="4" type="stmt"/>
        <line num="66" count="12" type="stmt"/>
        <line num="69" count="66" type="stmt"/>
        <line num="70" count="66" type="stmt"/>
        <line num="71" count="66" type="stmt"/>
        <line num="74" count="6" type="stmt"/>
        <line num="76" count="24" type="stmt"/>
        <line num="77" count="18" type="stmt"/>
        <line num="81" count="6" type="stmt"/>
        <line num="82" count="1" type="stmt"/>
        <line num="83" count="1" type="cond" truecount="1" falsecount="1"/>
        <line num="84" count="0" type="stmt"/>
        <line num="88" count="6" type="stmt"/>
        <line num="89" count="0" type="stmt"/>
        <line num="90" count="0" type="stmt"/>
        <line num="93" count="6" type="stmt"/>
        <line num="94" count="6" type="cond" truecount="2" falsecount="0"/>
        <line num="95" count="1" type="stmt"/>
        <line num="97" count="5" type="cond" truecount="2" falsecount="0"/>
        <line num="98" count="2" type="stmt"/>
        <line num="101" count="5" type="stmt"/>
        <line num="104" count="6" type="stmt"/>
        <line num="105" count="1" type="stmt"/>
        <line num="108" count="6" type="stmt"/>
      </file>
      <file name="payment-methods-view.js" path="/home/admin/bt/braintree-web-drop-in/src/views/payment-methods-view.js">
        <metrics statements="92" coveredstatements="85" conditionals="24" coveredconditionals="20" methods="15" coveredmethods="14"/>
        <line num="3" count="5" type="stmt"/>
        <line num="4" count="5" type="stmt"/>
        <line num="5" count="5" type="stmt"/>
        <line num="6" count="5" type="stmt"/>
        <line num="7" count="5" type="stmt"/>
        <line num="8" count="5" type="stmt"/>
        <line num="9" count="5" type="stmt"/>
        <line num="11" count="5" type="stmt"/>
        <line num="20" count="186" type="stmt"/>
        <line num="22" count="186" type="stmt"/>
        <line num="25" count="5" type="stmt"/>
        <line num="26" count="5" type="stmt"/>
        <line num="27" count="5" type="stmt"/>
        <line num="29" count="5" type="stmt"/>
        <line num="30" count="184" type="stmt"/>
        <line num="31" count="184" type="stmt"/>
        <line num="32" count="184" type="stmt"/>
        <line num="33" count="184" type="stmt"/>
        <line num="35" count="184" type="stmt"/>
        <line num="36" count="184" type="stmt"/>
        <line num="37" count="184" type="stmt"/>
        <line num="39" count="184" type="stmt"/>
        <line num="41" count="184" type="cond" truecount="1" falsecount="1"/>
        <line num="42" count="0" type="stmt"/>
        <line num="44" count="0" type="stmt"/>
        <line num="45" count="0" type="cond" truecount="0" falsecount="2"/>
        <line num="46" count="0" type="stmt"/>
        <line num="48" count="0" type="stmt"/>
        <line num="52" count="0" type="stmt"/>
        <line num="56" count="5" type="stmt"/>
        <line num="57" count="3" type="cond" truecount="1" falsecount="1"/>
        <line num="58" count="0" type="stmt"/>
        <line num="60" count="3" type="stmt"/>
        <line num="61" count="3" type="stmt"/>
        <line num="62" count="3" type="stmt"/>
        <line num="65" count="5" type="stmt"/>
        <line num="68" count="22" type="cond" truecount="2" falsecount="0"/>
        <line num="69" count="4" type="stmt"/>
        <line num="72" count="18" type="stmt"/>
        <line num="73" count="18" type="stmt"/>
        <line num="75" count="18" type="stmt"/>
        <line num="78" count="5" type="stmt"/>
        <line num="79" count="4" type="stmt"/>
        <line num="81" count="4" type="stmt"/>
        <line num="82" count="4" type="stmt"/>
        <line num="84" count="4" type="stmt"/>
        <line num="85" count="3" type="stmt"/>
        <line num="89" count="5" type="stmt"/>
        <line num="90" count="4" type="stmt"/>
        <line num="92" count="4" type="stmt"/>
        <line num="93" count="4" type="stmt"/>
        <line num="95" count="4" type="stmt"/>
        <line num="96" count="2" type="stmt"/>
        <line num="100" count="5" type="stmt"/>
        <line num="101" count="55" type="stmt"/>
        <line num="108" count="55" type="cond" truecount="4" falsecount="0"/>
        <line num="109" count="15" type="stmt"/>
        <line num="110" count="15" type="stmt"/>
        <line num="113" count="55" type="cond" truecount="2" falsecount="0"/>
        <line num="114" count="14" type="stmt"/>
        <line num="116" count="41" type="stmt"/>
        <line num="119" count="55" type="stmt"/>
        <line num="122" count="5" type="stmt"/>
        <line num="125" count="3" type="stmt"/>
        <line num="126" count="3" type="cond" truecount="2" falsecount="0"/>
        <line num="127" count="2" type="stmt"/>
        <line num="128" count="2" type="stmt"/>
        <line num="129" count="2" type="stmt"/>
        <line num="130" count="2" type="stmt"/>
        <line num="135" count="5" type="stmt"/>
        <line num="137" count="19" type="stmt"/>
        <line num="139" count="19" type="stmt"/>
        <line num="140" count="20" type="cond" truecount="2" falsecount="0"/>
        <line num="141" count="18" type="stmt"/>
        <line num="142" count="18" type="stmt"/>
        <line num="143" count="18" type="stmt"/>
        <line num="147" count="19" type="cond" truecount="2" falsecount="0"/>
        <line num="148" count="3" type="stmt"/>
        <line num="150" count="19" type="stmt"/>
        <line num="151" count="19" type="stmt"/>
        <line num="154" count="5" type="stmt"/>
        <line num="155" count="3" type="cond" truecount="4" falsecount="0"/>
        <line num="156" count="2" type="stmt"/>
        <line num="159" count="1" type="stmt"/>
        <line num="162" count="5" type="stmt"/>
        <line num="164" count="191" type="stmt"/>
        <line num="166" count="191" type="stmt"/>
        <line num="167" count="6" type="stmt"/>
        <line num="170" count="191" type="stmt"/>
        <line num="172" count="191" type="stmt"/>
        <line num="173" count="50" type="stmt"/>
        <line num="177" count="5" type="stmt"/>
      </file>
      <file name="payment-options-view.js" path="/home/admin/bt/braintree-web-drop-in/src/views/payment-options-view.js">
        <metrics statements="56" coveredstatements="55" conditionals="7" coveredconditionals="6" methods="6" coveredmethods="6"/>
        <line num="3" count="5" type="stmt"/>
        <line num="4" count="5" type="stmt"/>
        <line num="5" count="5" type="stmt"/>
        <line num="6" count="5" type="stmt"/>
        <line num="7" count="5" type="stmt"/>
        <line num="9" count="5" type="stmt"/>
        <line num="12" count="69" type="stmt"/>
        <line num="14" count="69" type="stmt"/>
        <line num="17" count="5" type="stmt"/>
        <line num="18" count="5" type="stmt"/>
        <line num="19" count="5" type="stmt"/>
        <line num="21" count="5" type="stmt"/>
        <line num="22" count="67" type="stmt"/>
        <line num="23" count="67" type="stmt"/>
        <line num="25" count="67" type="stmt"/>
        <line num="26" count="272" type="stmt"/>
        <line num="30" count="5" type="stmt"/>
        <line num="32" count="272" type="stmt"/>
        <line num="33" count="272" type="stmt"/>
        <line num="34" count="272" type="stmt"/>
        <line num="35" count="8" type="stmt"/>
        <line num="36" count="8" type="stmt"/>
        <line num="37" count="8" type="stmt"/>
        <line num="40" count="272" type="stmt"/>
        <line num="41" count="272" type="stmt"/>
        <line num="43" count="272" type="cond" truecount="6" falsecount="1"/>
        <line num="45" count="40" type="stmt"/>
        <line num="46" count="40" type="stmt"/>
        <line num="47" count="40" type="stmt"/>
        <line num="49" count="57" type="stmt"/>
        <line num="50" count="57" type="stmt"/>
        <line num="51" count="57" type="stmt"/>
        <line num="52" count="57" type="stmt"/>
        <line num="54" count="40" type="stmt"/>
        <line num="55" count="40" type="stmt"/>
        <line num="56" count="40" type="stmt"/>
        <line num="58" count="55" type="stmt"/>
        <line num="59" count="55" type="stmt"/>
        <line num="60" count="55" type="stmt"/>
        <line num="62" count="40" type="stmt"/>
        <line num="63" count="40" type="stmt"/>
        <line num="64" count="40" type="stmt"/>
        <line num="66" count="40" type="stmt"/>
        <line num="67" count="40" type="stmt"/>
        <line num="68" count="40" type="stmt"/>
        <line num="70" count="0" type="stmt"/>
        <line num="73" count="272" type="stmt"/>
        <line num="74" count="272" type="stmt"/>
        <line num="75" count="272" type="stmt"/>
        <line num="77" count="272" type="stmt"/>
        <line num="79" count="272" type="stmt"/>
        <line num="81" count="272" type="stmt"/>
        <line num="82" count="272" type="stmt"/>
        <line num="88" count="5" type="stmt"/>
        <line num="89" count="272" type="stmt"/>
        <line num="92" count="5" type="stmt"/>
      </file>
    </package>
    <package name="src.views.payment-sheet-views">
      <metrics statements="615" coveredstatements="598" conditionals="263" coveredconditionals="242" methods="121" coveredmethods="115"/>
      <file name="apple-pay-view.js" path="/home/admin/bt/braintree-web-drop-in/src/views/payment-sheet-views/apple-pay-view.js">
        <metrics statements="69" coveredstatements="67" conditionals="24" coveredconditionals="23" methods="15" coveredmethods="14"/>
        <line num="3" count="17" type="stmt"/>
        <line num="4" count="17" type="stmt"/>
        <line num="5" count="17" type="stmt"/>
        <line num="6" count="17" type="stmt"/>
        <line num="7" count="17" type="stmt"/>
        <line num="8" count="17" type="stmt"/>
        <line num="9" count="17" type="stmt"/>
        <line num="11" count="17" type="stmt"/>
        <line num="14" count="75" type="stmt"/>
        <line num="17" count="17" type="stmt"/>
        <line num="18" count="17" type="stmt"/>
        <line num="19" count="17" type="stmt"/>
        <line num="21" count="17" type="stmt"/>
        <line num="22" count="63" type="stmt"/>
        <line num="23" count="63" type="stmt"/>
        <line num="25" count="63" type="stmt"/>
        <line num="26" count="63" type="cond" truecount="2" falsecount="0"/>
        <line num="28" count="63" type="stmt"/>
        <line num="30" count="63" type="stmt"/>
        <line num="32" count="63" type="stmt"/>
        <line num="33" count="62" type="stmt"/>
        <line num="35" count="62" type="stmt"/>
        <line num="37" count="62" type="stmt"/>
        <line num="38" count="3" type="cond" truecount="1" falsecount="1"/>
        <line num="39" count="0" type="stmt"/>
        <line num="42" count="3" type="stmt"/>
        <line num="43" count="3" type="cond" truecount="2" falsecount="0"/>
        <line num="44" count="2" type="cond" truecount="2" falsecount="0"/>
        <line num="45" count="1" type="stmt"/>
        <line num="47" count="1" type="stmt"/>
        <line num="48" count="1" type="stmt"/>
        <line num="54" count="62" type="stmt"/>
        <line num="55" count="62" type="cond" truecount="2" falsecount="0"/>
        <line num="57" count="22" type="stmt"/>
        <line num="59" count="41" type="stmt"/>
        <line num="66" count="17" type="stmt"/>
        <line num="67" count="11" type="stmt"/>
[...]
        <line num="264" count="34" type="stmt"/>
        <line num="265" count="34" type="stmt"/>
        <line num="267" count="34" type="cond" truecount="1" falsecount="1"/>
        <line num="268" count="0" type="stmt"/>
        <line num="271" count="34" type="stmt"/>
        <line num="273" count="34" type="stmt"/>
        <line num="274" count="68" type="stmt"/>
        <line num="276" count="68" type="cond" truecount="2" falsecount="2"/>
        <line num="279" count="0" type="stmt"/>
        <line num="282" count="68" type="cond" truecount="2" falsecount="0"/>
        <line num="283" count="1" type="stmt"/>
        <line num="285" count="1" type="cond" truecount="1" falsecount="1"/>
        <line num="286" count="1" type="stmt"/>
        <line num="288" count="67" type="cond" truecount="2" falsecount="0"/>
        <line num="289" count="6" type="stmt"/>
        <line num="291" count="6" type="cond" truecount="1" falsecount="1"/>
        <line num="292" count="6" type="stmt"/>
        <line num="297" count="34" type="cond" truecount="2" falsecount="0"/>
        <line num="298" count="32" type="stmt"/>
        <line num="299" count="32" type="cond" truecount="2" falsecount="0"/>
        <line num="300" count="32" type="cond" truecount="2" falsecount="0"/>
        <line num="302" count="32" type="cond" truecount="2" falsecount="0"/>
        <line num="303" count="5" type="stmt"/>
        <line num="305" count="5" type="cond" truecount="1" falsecount="1"/>
        <line num="306" count="5" type="stmt"/>
        <line num="311" count="34" type="cond" truecount="2" falsecount="0"/>
        <line num="312" count="3" type="stmt"/>
        <line num="315" count="3" type="cond" truecount="2" falsecount="0"/>
        <line num="316" count="1" type="stmt"/>
        <line num="319" count="2" type="stmt"/>
        <line num="321" count="2" type="cond" truecount="2" falsecount="0"/>
        <line num="325" count="34" type="stmt"/>
        <line num="328" count="17" type="stmt"/>
        <line num="329" count="2" type="stmt"/>
        <line num="330" count="2" type="stmt"/>
        <line num="331" count="2" type="stmt"/>
        <line num="332" count="2" type="stmt"/>
        <line num="334" count="2" type="cond" truecount="1" falsecount="1"/>
        <line num="335" count="2" type="stmt"/>
        <line num="337" count="2" type="cond" truecount="3" falsecount="1"/>
        <line num="338" count="2" type="stmt"/>
        <line num="342" count="2" type="stmt"/>
        <line num="343" count="3" type="stmt"/>
        <line num="345" count="3" type="cond" truecount="4" falsecount="0"/>
        <line num="346" count="2" type="stmt"/>
        <line num="349" count="3" type="cond" truecount="1" falsecount="1"/>
        <line num="352" count="2" type="stmt"/>
        <line num="355" count="17" type="stmt"/>
        <line num="356" count="2" type="stmt"/>
        <line num="358" count="2" type="cond" truecount="2" falsecount="0"/>
        <line num="359" count="1" type="stmt"/>
        <line num="365" count="17" type="stmt"/>
        <line num="367" count="34" type="stmt"/>
        <line num="368" count="34" type="stmt"/>
        <line num="369" count="34" type="stmt"/>
        <line num="373" count="34" type="stmt"/>
        <line num="375" count="34" type="cond" truecount="2" falsecount="0"/>
        <line num="376" count="12" type="stmt"/>
        <line num="377" count="12" type="stmt"/>
        <line num="379" count="12" type="stmt"/>
        <line num="382" count="22" type="cond" truecount="2" falsecount="0"/>
        <line num="383" count="3" type="stmt"/>
        <line num="386" count="22" type="stmt"/>
        <line num="388" count="22" type="stmt"/>
        <line num="389" count="17" type="stmt"/>
        <line num="391" count="17" type="cond" truecount="2" falsecount="0"/>
        <line num="392" count="15" type="stmt"/>
        <line num="393" count="30" type="stmt"/>
        <line num="396" count="15" type="cond" truecount="2" falsecount="0"/>
        <line num="397" count="2" type="stmt"/>
        <line num="401" count="17" type="cond" truecount="2" falsecount="0"/>
        <line num="402" count="2" type="stmt"/>
        <line num="405" count="17" type="stmt"/>
        <line num="406" count="17" type="stmt"/>
        <line num="409" count="17" type="stmt"/>
        <line num="410" count="17" type="stmt"/>
        <line num="411" count="17" type="stmt"/>
        <line num="412" count="17" type="stmt"/>
        <line num="416" count="17" type="stmt"/>
        <line num="418" count="17" type="stmt"/>
        <line num="419" count="16" type="stmt"/>
        <line num="420" count="16" type="stmt"/>
        <line num="423" count="17" type="stmt"/>
        <line num="426" count="5" type="stmt"/>
        <line num="431" count="5" type="stmt"/>
        <line num="432" count="5" type="stmt"/>
        <line num="434" count="5" type="stmt"/>
        <line num="441" count="17" type="stmt"/>
        <line num="443" count="24" type="stmt"/>
        <line num="444" count="24" type="stmt"/>
        <line num="446" count="24" type="cond" truecount="2" falsecount="0"/>
        <line num="447" count="22" type="stmt"/>
        <line num="450" count="24" type="stmt"/>
        <line num="452" count="24" type="stmt"/>
        <line num="453" count="24" type="stmt"/>
        <line num="455" count="24" type="cond" truecount="4" falsecount="0"/>
        <line num="456" count="6" type="stmt"/>
        <line num="458" count="18" type="stmt"/>
        <line num="463" count="18" type="stmt"/>
        <line num="470" count="17" type="stmt"/>
        <line num="471" count="11" type="stmt"/>
        <line num="472" count="11" type="stmt"/>
        <line num="474" count="11" type="cond" truecount="1" falsecount="1"/>
        <line num="475" count="11" type="stmt"/>
        <line num="478" count="11" type="stmt"/>
        <line num="480" count="11" type="cond" truecount="4" falsecount="0"/>
        <line num="481" count="2" type="stmt"/>
        <line num="483" count="9" type="stmt"/>
        <line num="487" count="9" type="stmt"/>
        <line num="494" count="17" type="stmt"/>
        <line num="495" count="2" type="stmt"/>
        <line num="498" count="17" type="stmt"/>
        <line num="499" count="51" type="cond" truecount="2" falsecount="0"/>
        <line num="502" count="17" type="stmt"/>
        <line num="503" count="796" type="stmt"/>
        <line num="506" count="17" type="stmt"/>
        <line num="507" count="6" type="stmt"/>
        <line num="508" count="6" type="stmt"/>
        <line num="510" count="6" type="stmt"/>
        <line num="512" count="6" type="cond" truecount="2" falsecount="0"/>
        <line num="513" count="1" type="stmt"/>
        <line num="514" count="5" type="cond" truecount="4" falsecount="0"/>
        <line num="515" count="1" type="stmt"/>
        <line num="516" count="4" type="cond" truecount="4" falsecount="0"/>
        <line num="517" count="1" type="stmt"/>
        <line num="520" count="3" type="stmt"/>
        <line num="524" count="3" type="cond" truecount="2" falsecount="0"/>
        <line num="525" count="1" type="stmt"/>
        <line num="530" count="17" type="stmt"/>
        <line num="532" count="17" type="stmt"/>
        <line num="533" count="17" type="stmt"/>
        <line num="534" count="17" type="stmt"/>
        <line num="535" count="17" type="stmt"/>
        <line num="536" count="17" type="stmt"/>
        <line num="538" count="17" type="cond" truecount="2" falsecount="0"/>
        <line num="539" count="8" type="stmt"/>
        <line num="540" count="8" type="stmt"/>
        <line num="541" count="8" type="cond" truecount="2" falsecount="0"/>
        <line num="542" count="3" type="stmt"/>
        <line num="543" count="3" type="stmt"/>
        <line num="544" count="3" type="stmt"/>
        <line num="547" count="8" type="stmt"/>
        <line num="549" count="9" type="stmt"/>
        <line num="552" count="17" type="stmt"/>
        <line num="554" count="17" type="cond" truecount="2" falsecount="0"/>
        <line num="555" count="15" type="stmt"/>
        <line num="556" count="15" type="stmt"/>
        <line num="558" count="15" type="cond" truecount="2" falsecount="0"/>
        <line num="559" count="14" type="stmt"/>
        <line num="568" count="17" type="stmt"/>
        <line num="569" count="3" type="stmt"/>
        <line num="571" count="3" type="stmt"/>
        <line num="574" count="17" type="stmt"/>
        <line num="575" count="1" type="stmt"/>
        <line num="578" count="17" type="stmt"/>
        <line num="580" count="9" type="stmt"/>
        <line num="582" count="9" type="cond" truecount="4" falsecount="0"/>
        <line num="583" count="7" type="cond" truecount="2" falsecount="0"/>
        <line num="585" count="2" type="stmt"/>
        <line num="588" count="9" type="stmt"/>
        <line num="590" count="9" type="cond" truecount="1" falsecount="1"/>
        <line num="591" count="9" type="stmt"/>
        <line num="594" count="3" type="stmt"/>
        <line num="597" count="17" type="stmt"/>
        <line num="598" count="3" type="stmt"/>
        <line num="600" count="3" type="stmt"/>
        <line num="603" count="17" type="stmt"/>
        <line num="604" count="112" type="cond" truecount="2" falsecount="0"/>
        <line num="605" count="111" type="stmt"/>
        <line num="608" count="1" type="cond" truecount="1" falsecount="1"/>
        <line num="609" count="0" type="stmt"/>
        <line num="610" count="0" type="stmt"/>
        <line num="613" count="1" type="stmt"/>
        <line num="617" count="17" type="stmt"/>
        <line num="618" count="166" type="stmt"/>
        <line num="620" count="166" type="stmt"/>
        <line num="622" count="1328" type="stmt"/>
        <line num="624" count="1328" type="cond" truecount="2" falsecount="0"/>
        <line num="625" count="385" type="stmt"/>
        <line num="626" count="385" type="stmt"/>
        <line num="631" count="17" type="stmt"/>
        <line num="632" count="6" type="stmt"/>
        <line num="633" count="6" type="stmt"/>
        <line num="635" count="6" type="stmt"/>
        <line num="638" count="17" type="stmt"/>
        <line num="639" count="310" type="stmt"/>
        <line num="640" count="310" type="stmt"/>
        <line num="642" count="310" type="cond" truecount="2" falsecount="0"/>
        <line num="646" count="14" type="stmt"/>
        <line num="650" count="9" type="cond" truecount="2" falsecount="0"/>
        <line num="654" count="8" type="cond" truecount="2" falsecount="0"/>
        <line num="655" count="8" type="cond" truecount="2" falsecount="0"/>
        <line num="657" count="8" type="cond" truecount="2" falsecount="0"/>
        <line num="661" count="248" type="stmt"/>
        <line num="665" count="10" type="stmt"/>
        <line num="669" count="1" type="stmt"/>
        <line num="670" count="3" type="stmt"/>
        <line num="672" count="3" type="stmt"/>
        <line num="677" count="418" type="cond" truecount="1" falsecount="1"/>
        <line num="679" count="418" type="stmt"/>
        <line num="683" count="199" type="stmt"/>
        <line num="685" count="199" type="stmt"/>
        <line num="688" count="17" type="stmt"/>
      </file>
      <file name="google-pay-view.js" path="/home/admin/bt/braintree-web-drop-in/src/views/payment-sheet-views/google-pay-view.js">
        <metrics statements="65" coveredstatements="65" conditionals="18" coveredconditionals="18" methods="17" coveredmethods="17"/>
        <line num="3" count="17" type="stmt"/>
        <line num="4" count="17" type="stmt"/>
        <line num="5" count="17" type="stmt"/>
        <line num="6" count="17" type="stmt"/>
        <line num="7" count="17" type="stmt"/>
        <line num="8" count="17" type="stmt"/>
        <line num="9" count="17" type="stmt"/>
        <line num="10" count="17" type="stmt"/>
        <line num="13" count="67" type="stmt"/>
        <line num="16" count="17" type="stmt"/>
        <line num="17" count="17" type="stmt"/>
        <line num="18" count="17" type="stmt"/>
        <line num="20" count="17" type="stmt"/>
        <line num="21" count="66" type="stmt"/>
        <line num="24" count="66" type="stmt"/>
        <line num="25" count="66" type="stmt"/>
        <line num="26" count="66" type="stmt"/>
        <line num="28" count="66" type="stmt"/>
        <line num="29" count="66" type="stmt"/>
        <line num="31" count="66" type="stmt"/>
        <line num="35" count="2" type="stmt"/>
        <line num="37" count="2" type="stmt"/>
        <line num="39" count="2" type="stmt"/>
        <line num="40" count="2" type="stmt"/>
        <line num="45" count="66" type="stmt"/>
        <line num="47" count="66" type="stmt"/>
        <line num="52" count="65" type="stmt"/>
        <line num="53" count="65" type="stmt"/>
        <line num="55" count="25" type="stmt"/>
        <line num="57" count="25" type="stmt"/>
        <line num="59" count="23" type="stmt"/>
        <line num="61" count="43" type="stmt"/>
        <line num="68" count="17" type="stmt"/>
        <line num="69" count="13" type="stmt"/>
        <line num="70" count="13" type="stmt"/>
        <line num="73" count="13" type="stmt"/>
        <line num="74" count="5" type="stmt"/>
        <line num="76" count="5" type="stmt"/>
        <line num="78" count="4" type="stmt"/>
        <line num="79" count="4" type="stmt"/>
        <line num="81" count="9" type="stmt"/>
        <line num="83" count="9" type="cond" truecount="2" falsecount="0"/>
        <line num="84" count="3" type="stmt"/>
        <line num="85" count="3" type="stmt"/>
        <line num="86" count="6" type="cond" truecount="2" falsecount="0"/>
        <line num="87" count="2" type="stmt"/>
        <line num="89" count="2" type="stmt"/>
        <line num="90" count="4" type="cond" truecount="2" falsecount="0"/>
        <line num="91" count="1" type="stmt"/>
        <line num="94" count="7" type="stmt"/>
        <line num="98" count="17" type="stmt"/>
        <line num="99" count="1" type="stmt"/>
        <line num="102" count="17" type="stmt"/>
        <line num="103" count="336" type="stmt"/>
        <line num="105" count="336" type="cond" truecount="4" falsecount="0"/>
        <line num="106" count="330" type="stmt"/>
        <line num="109" count="6" type="stmt"/>
        <line num="110" count="6" type="cond" truecount="6" falsecount="0"/>
        <line num="111" count="2" type="stmt"/>
        <line num="117" count="4" type="stmt"/>
        <line num="119" count="6" type="stmt"/>
        <line num="121" count="6" type="stmt"/>
        <line num="125" count="6" type="stmt"/>
        <line num="130" count="71" type="stmt"/>
        <line num="135" count="17" type="stmt"/>
      </file>
      <file name="index.js" path="/home/admin/bt/braintree-web-drop-in/src/views/payment-sheet-views/index.js">
        <metrics statements="9" coveredstatements="9" conditionals="0" coveredconditionals="0" methods="0" coveredmethods="0"/>
        <line num="3" count="17" type="stmt"/>
        <line num="5" count="17" type="stmt"/>
        <line num="7" count="17" type="stmt"/>
        <line num="8" count="17" type="stmt"/>
        <line num="9" count="17" type="stmt"/>
        <line num="10" count="17" type="stmt"/>
        <line num="11" count="17" type="stmt"/>
        <line num="12" count="17" type="stmt"/>
        <line num="14" count="17" type="stmt"/>
      </file>
      <file name="paypal-credit-view.js" path="/home/admin/bt/braintree-web-drop-in/src/views/payment-sheet-views/paypal-credit-view.js">
        <metrics statements="14" coveredstatements="14" conditionals="2" coveredconditionals="2" methods="2" coveredmethods="2"/>
        <line num="3" count="18" type="stmt"/>
        <line num="4" count="18" type="stmt"/>
        <line num="5" count="18" type="stmt"/>
        <line num="6" count="18" type="stmt"/>
        <line num="9" count="41" type="stmt"/>
        <line num="11" count="41" type="stmt"/>
        <line num="14" count="18" type="stmt"/>
        <line num="15" count="18" type="stmt"/>
        <line num="16" count="18" type="stmt"/>
        <line num="18" count="18" type="stmt"/>
        <line num="19" count="331" type="cond" truecount="2" falsecount="0"/>
        <line num="20" count="329" type="stmt"/>
        <line num="23" count="2" type="stmt"/>
        <line num="27" count="18" type="stmt"/>
      </file>
      <file name="paypal-view.js" path="/home/admin/bt/braintree-web-drop-in/src/views/payment-sheet-views/paypal-view.js">
        <metrics statements="13" coveredstatements="13" conditionals="2" coveredconditionals="2" methods="2" coveredmethods="2"/>
        <line num="3" count="18" type="stmt"/>
        <line num="4" count="18" type="stmt"/>
        <line num="5" count="18" type="stmt"/>
        <line num="6" count="18" type="stmt"/>
        <line num="9" count="56" type="stmt"/>
        <line num="12" count="18" type="stmt"/>
        <line num="13" count="18" type="stmt"/>
        <line num="14" count="18" type="stmt"/>
        <line num="16" count="18" type="stmt"/>
        <line num="17" count="310" type="cond" truecount="2" falsecount="0"/>
        <line num="18" count="304" type="stmt"/>
        <line num="21" count="6" type="stmt"/>
        <line num="26" count="18" type="stmt"/>
      </file>
      <file name="venmo-view.js" path="/home/admin/bt/braintree-web-drop-in/src/views/payment-sheet-views/venmo-view.js">
        <metrics statements="44" coveredstatements="44" conditionals="10" coveredconditionals="10" methods="13" coveredmethods="13"/>
        <line num="3" count="17" type="stmt"/>
        <line num="4" count="17" type="stmt"/>
        <line num="5" count="17" type="stmt"/>
        <line num="6" count="17" type="stmt"/>
        <line num="7" count="17" type="stmt"/>
        <line num="8" count="17" type="stmt"/>
        <line num="11" count="59" type="stmt"/>
        <line num="14" count="17" type="stmt"/>
        <line num="15" count="17" type="stmt"/>
        <line num="16" count="17" type="stmt"/>
        <line num="18" count="17" type="stmt"/>
        <line num="19" count="54" type="stmt"/>
        <line num="20" count="54" type="stmt"/>
        <line num="22" count="54" type="stmt"/>
        <line num="24" count="54" type="stmt"/>
        <line num="25" count="53" type="stmt"/>
        <line num="27" count="53" type="cond" truecount="2" falsecount="0"/>
        <line num="28" count="50" type="stmt"/>
        <line num="31" count="3" type="stmt"/>
        <line num="32" count="1" type="stmt"/>
        <line num="34" count="2" type="cond" truecount="2" falsecount="0"/>
        <line num="35" count="1" type="stmt"/>
        <line num="37" count="1" type="stmt"/>
        <line num="40" count="53" type="stmt"/>
        <line num="42" count="53" type="stmt"/>
        <line num="43" count="4" type="stmt"/>
        <line num="45" count="4" type="stmt"/>
        <line num="47" count="4" type="stmt"/>
        <line num="48" count="2" type="stmt"/>
        <line num="50" count="2" type="cond" truecount="2" falsecount="0"/>
        <line num="51" count="1" type="stmt"/>
        <line num="54" count="1" type="stmt"/>
        <line num="56" count="4" type="stmt"/>
        <line num="60" count="53" type="stmt"/>
        <line num="62" count="1" type="stmt"/>
        <line num="69" count="17" type="stmt"/>
        <line num="73" count="4" type="stmt"/>
        <line num="76" count="17" type="stmt"/>
        <line num="77" count="332" type="stmt"/>
        <line num="78" count="332" type="cond" truecount="2" falsecount="0"/>
        <line num="80" count="332" type="cond" truecount="2" falsecount="0"/>
        <line num="81" count="330" type="stmt"/>
        <line num="84" count="2" type="stmt"/>
        <line num="87" count="17" type="stmt"/>
      </file>
    </package>
  </project>
</coverage>
