{"/home/admin/bt/braintree-web-drop-in/src/constants.js": {"path":"/home/admin/bt/braintree-web-drop-in/src/constants.js","statementMap":{"0":{"start":{"line":3,"column":0},"end":{"line":61,"column":2}}},"fnMap":{},"branchMap":{},"s":{"0":22},"f":{},"b":{},"_coverageSchema":"1a1c01bbd47fc00a2c39e90264f33305004495a9","hash":"96db245dc968c0d53fb70a4f45f5ae120889185a"}
,"/home/admin/bt/braintree-web-drop-in/src/dropin-model.js": {"path":"/home/admin/bt/braintree-web-drop-in/src/dropin-model.js","statementMap":{"0":{"start":{"line":3,"column":16},"end":{"line":3,"column":42}},"1":{"start":{"line":4,"column":18},"end":{"line":4,"column":47}},"2":{"start":{"line":5,"column":19},"end":{"line":5,"column":54}},"3":{"start":{"line":6,"column":16},"end":{"line":6,"column":38}},"4":{"start":{"line":7,"column":25},"end":{"line":7,"column":53}},"5":{"start":{"line":8,"column":23},"end":{"line":8,"column":49}},"6":{"start":{"line":9,"column":22},"end":{"line":9,"column":56}},"7":{"start":{"line":10,"column":14},"end":{"line":10,"column":38}},"8":{"start":{"line":11,"column":24},"end":{"line":11,"column":62}},"9":{"start":{"line":12,"column":19},"end":{"line":12,"column":57}},"10":{"start":{"line":14,"column":57},"end":{"line":18,"column":1}},"11":{"start":{"line":19,"column":38},"end":{"line":26,"column":1}},"12":{"start":{"line":29,"column":2},"end":{"line":29,"column":41}},"13":{"start":{"line":30,"column":2},"end":{"line":30,"column":61}},"14":{"start":{"line":32,"column":2},"end":{"line":32,"column":57}},"15":{"start":{"line":34,"column":2},"end":{"line":34,"column":36}},"16":{"start":{"line":35,"column":2},"end":{"line":35,"column":34}},"17":{"start":{"line":36,"column":2},"end":{"line":36,"column":31}},"18":{"start":{"line":37,"column":2},"end":{"line":37,"column":26}},"19":{"start":{"line":38,"column":2},"end":{"line":38,"column":30}},"20":{"start":{"line":40,"column":2},"end":{"line":40,"column":26}},"21":{"start":{"line":43,"column":0},"end":{"line":43,"column":38}},"22":{"start":{"line":45,"column":0},"end":{"line":62,"column":2}},"23":{"start":{"line":46,"column":13},"end":{"line":46,"column":17}},"24":{"start":{"line":48,"column":2},"end":{"line":61,"column":5}},"25":{"start":{"line":51,"column":4},"end":{"line":51,"column":46}},"26":{"start":{"line":53,"column":4},"end":{"line":53,"column":53}},"27":{"start":{"line":55,"column":4},"end":{"line":55,"column":50}},"28":{"start":{"line":57,"column":4},"end":{"line":57,"column":43}},"29":{"start":{"line":59,"column":4},"end":{"line":59,"column":42}},"30":{"start":{"line":60,"column":4},"end":{"line":60,"column":71}},"31":{"start":{"line":64,"column":0},"end":{"line":66,"column":2}},"32":{"start":{"line":65,"column":2},"end":{"line":65,"column":29}},"33":{"start":{"line":68,"column":0},"end":{"line":70,"column":2}},"34":{"start":{"line":69,"column":2},"end":{"line":69,"column":51}},"35":{"start":{"line":72,"column":0},"end":{"line":76,"column":2}},"36":{"start":{"line":73,"column":2},"end":{"line":73,"column":43}},"37":{"start":{"line":74,"column":2},"end":{"line":74,"column":48}},"38":{"start":{"line":75,"column":2},"end":{"line":75,"column":48}},"39":{"start":{"line":78,"column":0},"end":{"line":87,"column":2}},"40":{"start":{"line":79,"column":30},"end":{"line":79,"column":73}},"41":{"start":{"line":81,"column":2},"end":{"line":83,"column":3}},"42":{"start":{"line":82,"column":4},"end":{"line":82,"column":11}},"43":{"start":{"line":85,"column":2},"end":{"line":85,"column":56}},"44":{"start":{"line":86,"column":2},"end":{"line":86,"column":51}},"45":{"start":{"line":89,"column":0},"end":{"line":97,"column":2}},"46":{"start":{"line":90,"column":13},"end":{"line":90,"column":17}},"47":{"start":{"line":92,"column":2},"end":{"line":96,"column":5}},"48":{"start":{"line":93,"column":4},"end":{"line":93,"column":42}},"49":{"start":{"line":95,"column":4},"end":{"line":95,"column":40}},"50":{"start":{"line":99,"column":0},"end":{"line":102,"column":2}},"51":{"start":{"line":100,"column":2},"end":{"line":100,"column":44}},"52":{"start":{"line":101,"column":2},"end":{"line":101,"column":57}},"53":{"start":{"line":104,"column":0},"end":{"line":107,"column":2}},"54":{"start":{"line":105,"column":2},"end":{"line":105,"column":42}},"55":{"start":{"line":106,"column":2},"end":{"line":106,"column":55}},"56":{"start":{"line":109,"column":0},"end":{"line":115,"column":2}},"57":{"start":{"line":110,"column":2},"end":{"line":110,"column":35}},"58":{"start":{"line":111,"column":2},"end":{"line":111,"column":42}},"59":{"start":{"line":112,"column":2},"end":{"line":114,"column":5}},"60":{"start":{"line":117,"column":0},"end":{"line":121,"column":2}},"61":{"start":{"line":118,"column":2},"end":{"line":120,"column":5}},"62":{"start":{"line":123,"column":0},"end":{"line":127,"column":2}},"63":{"start":{"line":124,"column":2},"end":{"line":124,"column":64}},"64":{"start":{"line":125,"column":2},"end":{"line":125,"column":28}},"65":{"start":{"line":126,"column":2},"end":{"line":126,"column":31}},"66":{"start":{"line":129,"column":0},"end":{"line":132,"column":2}},"67":{"start":{"line":130,"column":2},"end":{"line":130,"column":29}},"68":{"start":{"line":131,"column":2},"end":{"line":131,"column":32}},"69":{"start":{"line":134,"column":0},"end":{"line":136,"column":2}},"70":{"start":{"line":135,"column":2},"end":{"line":135,"column":37}},"71":{"start":{"line":138,"column":0},"end":{"line":141,"column":2}},"72":{"start":{"line":139,"column":2},"end":{"line":139,"column":56}},"73":{"start":{"line":140,"column":2},"end":{"line":140,"column":60}},"74":{"start":{"line":143,"column":0},"end":{"line":161,"column":2}},"75":{"start":{"line":144,"column":38},"end":{"line":144,"column":97}},"76":{"start":{"line":145,"column":14},"end":{"line":145,"column":82}},"77":{"start":{"line":146,"column":27},"end":{"line":146,"column":72}},"78":{"start":{"line":148,"column":2},"end":{"line":154,"column":3}},"79":{"start":{"line":153,"column":4},"end":{"line":153,"column":17}},"80":{"start":{"line":156,"column":2},"end":{"line":158,"column":3}},"81":{"start":{"line":157,"column":4},"end":{"line":157,"column":17}},"82":{"start":{"line":160,"column":2},"end":{"line":160,"column":14}},"83":{"start":{"line":163,"column":0},"end":{"line":187,"column":2}},"84":{"start":{"line":164,"column":24},"end":{"line":164,"column":65}},"85":{"start":{"line":165,"column":41},"end":{"line":168,"column":3}},"86":{"start":{"line":170,"column":2},"end":{"line":170,"column":59}},"87":{"start":{"line":172,"column":2},"end":{"line":176,"column":3}},"88":{"start":{"line":173,"column":4},"end":{"line":173,"column":111}},"89":{"start":{"line":175,"column":4},"end":{"line":175,"column":47}},"90":{"start":{"line":178,"column":2},"end":{"line":180,"column":3}},"91":{"start":{"line":179,"column":4},"end":{"line":179,"column":11}},"92":{"start":{"line":182,"column":2},"end":{"line":186,"column":3}},"93":{"start":{"line":183,"column":4},"end":{"line":183,"column":77}},"94":{"start":{"line":185,"column":4},"end":{"line":185,"column":45}},"95":{"start":{"line":189,"column":0},"end":{"line":195,"column":2}},"96":{"start":{"line":194,"column":2},"end":{"line":194,"column":38}},"97":{"start":{"line":197,"column":0},"end":{"line":199,"column":2}},"98":{"start":{"line":198,"column":2},"end":{"line":198,"column":35}},"99":{"start":{"line":201,"column":0},"end":{"line":203,"column":2}},"100":{"start":{"line":202,"column":2},"end":{"line":202,"column":33}},"101":{"start":{"line":205,"column":0},"end":{"line":207,"column":2}},"102":{"start":{"line":206,"column":2},"end":{"line":206,"column":34}},"103":{"start":{"line":209,"column":0},"end":{"line":214,"column":2}},"104":{"start":{"line":210,"column":2},"end":{"line":213,"column":4}},"105":{"start":{"line":216,"column":0},"end":{"line":218,"column":2}},"106":{"start":{"line":217,"column":2},"end":{"line":217,"column":34}},"107":{"start":{"line":220,"column":0},"end":{"line":224,"column":2}},"108":{"start":{"line":221,"column":2},"end":{"line":221,"column":32}},"109":{"start":{"line":222,"column":2},"end":{"line":222,"column":34}},"110":{"start":{"line":223,"column":2},"end":{"line":223,"column":39}},"111":{"start":{"line":226,"column":0},"end":{"line":233,"column":2}},"112":{"start":{"line":227,"column":2},"end":{"line":229,"column":3}},"113":{"start":{"line":228,"column":4},"end":{"line":228,"column":11}},"114":{"start":{"line":230,"column":2},"end":{"line":230,"column":56}},"115":{"start":{"line":231,"column":2},"end":{"line":231,"column":34}},"116":{"start":{"line":232,"column":2},"end":{"line":232,"column":39}},"117":{"start":{"line":235,"column":0},"end":{"line":239,"column":2}},"118":{"start":{"line":236,"column":2},"end":{"line":238,"column":3}},"119":{"start":{"line":237,"column":4},"end":{"line":237,"column":41}},"120":{"start":{"line":241,"column":0},"end":{"line":243,"column":2}},"121":{"start":{"line":242,"column":2},"end":{"line":242,"column":44}},"122":{"start":{"line":245,"column":0},"end":{"line":247,"column":2}},"123":{"start":{"line":246,"column":2},"end":{"line":246,"column":37}},"124":{"start":{"line":249,"column":0},"end":{"line":251,"column":2}},"125":{"start":{"line":250,"column":2},"end":{"line":250,"column":29}},"126":{"start":{"line":253,"column":0},"end":{"line":255,"column":2}},"127":{"start":{"line":254,"column":2},"end":{"line":254,"column":34}},"128":{"start":{"line":257,"column":0},"end":{"line":259,"column":2}},"129":{"start":{"line":258,"column":2},"end":{"line":258,"column":32}},"130":{"start":{"line":261,"column":0},"end":{"line":282,"column":2}},"131":{"start":{"line":262,"column":13},"end":{"line":262,"column":17}},"132":{"start":{"line":263,"column":16},"end":{"line":263,"column":33}},"133":{"start":{"line":266,"column":2},"end":{"line":266,"column":50}},"134":{"start":{"line":268,"column":2},"end":{"line":272,"column":3}},"135":{"start":{"line":269,"column":4},"end":{"line":271,"column":7}},"136":{"start":{"line":270,"column":6},"end":{"line":270,"column":18}},"137":{"start":{"line":274,"column":2},"end":{"line":281,"column":5}},"138":{"start":{"line":275,"column":4},"end":{"line":275,"column":49}},"139":{"start":{"line":277,"column":4},"end":{"line":277,"column":40}},"140":{"start":{"line":279,"column":4},"end":{"line":279,"column":27}},"141":{"start":{"line":280,"column":4},"end":{"line":280,"column":60}},"142":{"start":{"line":284,"column":0},"end":{"line":288,"column":2}},"143":{"start":{"line":285,"column":2},"end":{"line":285,"column":51}},"144":{"start":{"line":287,"column":2},"end":{"line":287,"column":47}},"145":{"start":{"line":290,"column":0},"end":{"line":308,"column":2}},"146":{"start":{"line":291,"column":13},"end":{"line":291,"column":17}},"147":{"start":{"line":293,"column":2},"end":{"line":295,"column":3}},"148":{"start":{"line":294,"column":4},"end":{"line":294,"column":31}},"149":{"start":{"line":297,"column":2},"end":{"line":307,"column":5}},"150":{"start":{"line":300,"column":4},"end":{"line":304,"column":7}},"151":{"start":{"line":301,"column":6},"end":{"line":301,"column":35}},"152":{"start":{"line":303,"column":6},"end":{"line":303,"column":27}},"153":{"start":{"line":306,"column":4},"end":{"line":306,"column":31}},"154":{"start":{"line":310,"column":0},"end":{"line":324,"column":2}},"155":{"start":{"line":311,"column":32},"end":{"line":319,"column":8}},"156":{"start":{"line":312,"column":28},"end":{"line":312,"column":51}},"157":{"start":{"line":314,"column":4},"end":{"line":316,"column":5}},"158":{"start":{"line":315,"column":6},"end":{"line":315,"column":36}},"159":{"start":{"line":318,"column":4},"end":{"line":318,"column":17}},"160":{"start":{"line":321,"column":2},"end":{"line":323,"column":5}},"161":{"start":{"line":322,"column":4},"end":{"line":322,"column":68}},"162":{"start":{"line":327,"column":30},"end":{"line":327,"column":116}},"163":{"start":{"line":330,"column":2},"end":{"line":332,"column":3}},"164":{"start":{"line":331,"column":4},"end":{"line":331,"column":69}},"165":{"start":{"line":335,"column":2},"end":{"line":335,"column":133}},"166":{"start":{"line":335,"column":78},"end":{"line":335,"column":129}},"167":{"start":{"line":337,"column":2},"end":{"line":339,"column":5}},"168":{"start":{"line":338,"column":4},"end":{"line":338,"column":52}},"169":{"start":{"line":341,"column":2},"end":{"line":351,"column":5}},"170":{"start":{"line":342,"column":4},"end":{"line":344,"column":7}},"171":{"start":{"line":343,"column":6},"end":{"line":343,"column":26}},"172":{"start":{"line":346,"column":4},"end":{"line":348,"column":5}},"173":{"start":{"line":347,"column":6},"end":{"line":347,"column":84}},"174":{"start":{"line":350,"column":4},"end":{"line":350,"column":59}},"175":{"start":{"line":350,"column":40},"end":{"line":350,"column":55}},"176":{"start":{"line":355,"column":2},"end":{"line":360,"column":5}},"177":{"start":{"line":356,"column":4},"end":{"line":359,"column":6}},"178":{"start":{"line":364,"column":18},"end":{"line":364,"column":68}},"179":{"start":{"line":366,"column":2},"end":{"line":368,"column":3}},"180":{"start":{"line":367,"column":4},"end":{"line":367,"column":103}},"181":{"start":{"line":370,"column":2},"end":{"line":378,"column":5}},"182":{"start":{"line":374,"column":4},"end":{"line":374,"column":85}},"183":{"start":{"line":375,"column":4},"end":{"line":375,"column":25}},"184":{"start":{"line":377,"column":4},"end":{"line":377,"column":34}},"185":{"start":{"line":382,"column":2},"end":{"line":382,"column":115}},"186":{"start":{"line":385,"column":0},"end":{"line":385,"column":29}}},"fnMap":{"0":{"name":"DropinModel","decl":{"start":{"line":28,"column":9},"end":{"line":28,"column":20}},"loc":{"start":{"line":28,"column":30},"end":{"line":41,"column":1}},"line":28},"1":{"name":"(anonymous_1)","decl":{"start":{"line":45,"column":35},"end":{"line":45,"column":36}},"loc":{"start":{"line":45,"column":47},"end":{"line":62,"column":1}},"line":45},"2":{"name":"(anonymous_2)","decl":{"start":{"line":50,"column":10},"end":{"line":50,"column":11}},"loc":{"start":{"line":50,"column":42},"end":{"line":54,"column":3}},"line":50},"3":{"name":"(anonymous_3)","decl":{"start":{"line":54,"column":10},"end":{"line":54,"column":11}},"loc":{"start":{"line":54,"column":36},"end":{"line":58,"column":3}},"line":54},"4":{"name":"(anonymous_4)","decl":{"start":{"line":58,"column":10},"end":{"line":58,"column":11}},"loc":{"start":{"line":58,"column":36},"end":{"line":61,"column":3}},"line":58},"5":{"name":"(anonymous_5)","decl":{"start":{"line":64,"column":43},"end":{"line":64,"column":44}},"loc":{"start":{"line":64,"column":55},"end":{"line":66,"column":1}},"line":64},"6":{"name":"(anonymous_6)","decl":{"start":{"line":68,"column":51},"end":{"line":68,"column":52}},"loc":{"start":{"line":68,"column":63},"end":{"line":70,"column":1}},"line":68},"7":{"name":"(anonymous_7)","decl":{"start":{"line":72,"column":41},"end":{"line":72,"column":42}},"loc":{"start":{"line":72,"column":66},"end":{"line":76,"column":1}},"line":72},"8":{"name":"(anonymous_8)","decl":{"start":{"line":78,"column":44},"end":{"line":78,"column":45}},"loc":{"start":{"line":78,"column":69},"end":{"line":87,"column":1}},"line":78},"9":{"name":"(anonymous_9)","decl":{"start":{"line":89,"column":46},"end":{"line":89,"column":47}},"loc":{"start":{"line":89,"column":58},"end":{"line":97,"column":1}},"line":89},"10":{"name":"(anonymous_10)","decl":{"start":{"line":92,"column":46},"end":{"line":92,"column":47}},"loc":{"start":{"line":92,"column":72},"end":{"line":96,"column":3}},"line":92},"11":{"name":"(anonymous_11)","decl":{"start":{"line":99,"column":50},"end":{"line":99,"column":51}},"loc":{"start":{"line":99,"column":75},"end":{"line":102,"column":1}},"line":99},"12":{"name":"(anonymous_12)","decl":{"start":{"line":104,"column":48},"end":{"line":104,"column":49}},"loc":{"start":{"line":104,"column":73},"end":{"line":107,"column":1}},"line":104},"13":{"name":"(anonymous_13)","decl":{"start":{"line":109,"column":50},"end":{"line":109,"column":51}},"loc":{"start":{"line":109,"column":62},"end":{"line":115,"column":1}},"line":109},"14":{"name":"(anonymous_14)","decl":{"start":{"line":117,"column":44},"end":{"line":117,"column":45}},"loc":{"start":{"line":117,"column":69},"end":{"line":121,"column":1}},"line":117},"15":{"name":"(anonymous_15)","decl":{"start":{"line":123,"column":39},"end":{"line":123,"column":40}},"loc":{"start":{"line":123,"column":51},"end":{"line":127,"column":1}},"line":123},"16":{"name":"(anonymous_16)","decl":{"start":{"line":129,"column":40},"end":{"line":129,"column":41}},"loc":{"start":{"line":129,"column":52},"end":{"line":132,"column":1}},"line":129},"17":{"name":"(anonymous_17)","decl":{"start":{"line":134,"column":37},"end":{"line":134,"column":38}},"loc":{"start":{"line":134,"column":49},"end":{"line":136,"column":1}},"line":134},"18":{"name":"(anonymous_18)","decl":{"start":{"line":138,"column":53},"end":{"line":138,"column":54}},"loc":{"start":{"line":138,"column":78},"end":{"line":141,"column":1}},"line":138},"19":{"name":"(anonymous_19)","decl":{"start":{"line":143,"column":52},"end":{"line":143,"column":53}},"loc":{"start":{"line":143,"column":71},"end":{"line":161,"column":1}},"line":143},"20":{"name":"(anonymous_20)","decl":{"start":{"line":163,"column":52},"end":{"line":163,"column":53}},"loc":{"start":{"line":163,"column":71},"end":{"line":187,"column":1}},"line":163},"21":{"name":"(anonymous_21)","decl":{"start":{"line":189,"column":42},"end":{"line":189,"column":43}},"loc":{"start":{"line":189,"column":54},"end":{"line":195,"column":1}},"line":189},"22":{"name":"(anonymous_22)","decl":{"start":{"line":197,"column":47},"end":{"line":197,"column":48}},"loc":{"start":{"line":197,"column":59},"end":{"line":199,"column":1}},"line":197},"23":{"name":"(anonymous_23)","decl":{"start":{"line":201,"column":45},"end":{"line":201,"column":46}},"loc":{"start":{"line":201,"column":57},"end":{"line":203,"column":1}},"line":201},"24":{"name":"(anonymous_24)","decl":{"start":{"line":205,"column":47},"end":{"line":205,"column":48}},"loc":{"start":{"line":205,"column":66},"end":{"line":207,"column":1}},"line":205},"25":{"name":"(anonymous_25)","decl":{"start":{"line":209,"column":45},"end":{"line":209,"column":46}},"loc":{"start":{"line":209,"column":71},"end":{"line":214,"column":1}},"line":209},"26":{"name":"(anonymous_26)","decl":{"start":{"line":216,"column":48},"end":{"line":216,"column":49}},"loc":{"start":{"line":216,"column":60},"end":{"line":218,"column":1}},"line":216},"27":{"name":"(anonymous_27)","decl":{"start":{"line":220,"column":45},"end":{"line":220,"column":46}},"loc":{"start":{"line":220,"column":57},"end":{"line":224,"column":1}},"line":220},"28":{"name":"(anonymous_28)","decl":{"start":{"line":226,"column":46},"end":{"line":226,"column":47}},"loc":{"start":{"line":226,"column":65},"end":{"line":233,"column":1}},"line":226},"29":{"name":"(anonymous_29)","decl":{"start":{"line":235,"column":54},"end":{"line":235,"column":55}},"loc":{"start":{"line":235,"column":66},"end":{"line":239,"column":1}},"line":235},"30":{"name":"(anonymous_30)","decl":{"start":{"line":241,"column":45},"end":{"line":241,"column":46}},"loc":{"start":{"line":241,"column":62},"end":{"line":243,"column":1}},"line":241},"31":{"name":"(anonymous_31)","decl":{"start":{"line":245,"column":36},"end":{"line":245,"column":37}},"loc":{"start":{"line":245,"column":53},"end":{"line":247,"column":1}},"line":245},"32":{"name":"(anonymous_32)","decl":{"start":{"line":249,"column":35},"end":{"line":249,"column":36}},"loc":{"start":{"line":249,"column":47},"end":{"line":251,"column":1}},"line":249},"33":{"name":"(anonymous_33)","decl":{"start":{"line":253,"column":42},"end":{"line":253,"column":43}},"loc":{"start":{"line":253,"column":54},"end":{"line":255,"column":1}},"line":253},"34":{"name":"(anonymous_34)","decl":{"start":{"line":257,"column":40},"end":{"line":257,"column":41}},"loc":{"start":{"line":257,"column":52},"end":{"line":259,"column":1}},"line":257},"35":{"name":"(anonymous_35)","decl":{"start":{"line":261,"column":51},"end":{"line":261,"column":52}},"loc":{"start":{"line":261,"column":63},"end":{"line":282,"column":1}},"line":261},"36":{"name":"(anonymous_36)","decl":{"start":{"line":269,"column":104},"end":{"line":269,"column":105}},"loc":{"start":{"line":269,"column":119},"end":{"line":271,"column":5}},"line":269},"37":{"name":"(anonymous_37)","decl":{"start":{"line":274,"column":22},"end":{"line":274,"column":23}},"loc":{"start":{"line":274,"column":34},"end":{"line":278,"column":3}},"line":274},"38":{"name":"(anonymous_38)","decl":{"start":{"line":278,"column":10},"end":{"line":278,"column":11}},"loc":{"start":{"line":278,"column":22},"end":{"line":281,"column":3}},"line":278},"39":{"name":"(anonymous_39)","decl":{"start":{"line":284,"column":57},"end":{"line":284,"column":58}},"loc":{"start":{"line":284,"column":69},"end":{"line":288,"column":1}},"line":284},"40":{"name":"(anonymous_40)","decl":{"start":{"line":290,"column":49},"end":{"line":290,"column":50}},"loc":{"start":{"line":290,"column":61},"end":{"line":308,"column":1}},"line":290},"41":{"name":"(anonymous_41)","decl":{"start":{"line":299,"column":10},"end":{"line":299,"column":11}},"loc":{"start":{"line":299,"column":36},"end":{"line":305,"column":3}},"line":299},"42":{"name":"(anonymous_42)","decl":{"start":{"line":300,"column":64},"end":{"line":300,"column":65}},"loc":{"start":{"line":300,"column":89},"end":{"line":304,"column":5}},"line":300},"43":{"name":"(anonymous_43)","decl":{"start":{"line":305,"column":11},"end":{"line":305,"column":12}},"loc":{"start":{"line":305,"column":23},"end":{"line":307,"column":3}},"line":305},"44":{"name":"(anonymous_44)","decl":{"start":{"line":310,"column":52},"end":{"line":310,"column":53}},"loc":{"start":{"line":310,"column":78},"end":{"line":324,"column":1}},"line":310},"45":{"name":"(anonymous_45)","decl":{"start":{"line":311,"column":68},"end":{"line":311,"column":69}},"loc":{"start":{"line":311,"column":90},"end":{"line":319,"column":3}},"line":311},"46":{"name":"(anonymous_46)","decl":{"start":{"line":321,"column":31},"end":{"line":321,"column":32}},"loc":{"start":{"line":321,"column":56},"end":{"line":323,"column":3}},"line":321},"47":{"name":"getSupportedPaymentOptions","decl":{"start":{"line":326,"column":9},"end":{"line":326,"column":35}},"loc":{"start":{"line":326,"column":45},"end":{"line":352,"column":1}},"line":326},"48":{"name":"(anonymous_48)","decl":{"start":{"line":335,"column":55},"end":{"line":335,"column":56}},"loc":{"start":{"line":335,"column":76},"end":{"line":335,"column":131}},"line":335},"49":{"name":"(anonymous_49)","decl":{"start":{"line":337,"column":39},"end":{"line":337,"column":40}},"loc":{"start":{"line":337,"column":64},"end":{"line":339,"column":3}},"line":337},"50":{"name":"(anonymous_50)","decl":{"start":{"line":341,"column":36},"end":{"line":341,"column":37}},"loc":{"start":{"line":341,"column":54},"end":{"line":351,"column":3}},"line":341},"51":{"name":"(anonymous_51)","decl":{"start":{"line":342,"column":27},"end":{"line":342,"column":28}},"loc":{"start":{"line":342,"column":43},"end":{"line":344,"column":5}},"line":342},"52":{"name":"(anonymous_52)","decl":{"start":{"line":350,"column":22},"end":{"line":350,"column":23}},"loc":{"start":{"line":350,"column":38},"end":{"line":350,"column":57}},"line":350},"53":{"name":"getPaymentOption","decl":{"start":{"line":354,"column":9},"end":{"line":354,"column":25}},"loc":{"start":{"line":354,"column":50},"end":{"line":361,"column":1}},"line":354},"54":{"name":"(anonymous_54)","decl":{"start":{"line":355,"column":61},"end":{"line":355,"column":62}},"loc":{"start":{"line":355,"column":80},"end":{"line":360,"column":3}},"line":355},"55":{"name":"isPaymentOptionEnabled","decl":{"start":{"line":363,"column":9},"end":{"line":363,"column":31}},"loc":{"start":{"line":363,"column":56},"end":{"line":379,"column":1}},"line":363},"56":{"name":"(anonymous_56)","decl":{"start":{"line":373,"column":11},"end":{"line":373,"column":12}},"loc":{"start":{"line":373,"column":28},"end":{"line":378,"column":3}},"line":373},"57":{"name":"canShowVaultedPaymentMethodType","decl":{"start":{"line":381,"column":9},"end":{"line":381,"column":40}},"loc":{"start":{"line":381,"column":60},"end":{"line":383,"column":1}},"line":381}},"branchMap":{"0":{"loc":{"start":{"line":81,"column":2},"end":{"line":83,"column":3}},"type":"if","locations":[{"start":{"line":81,"column":2},"end":{"line":83,"column":3}},{"start":{"line":81,"column":2},"end":{"line":83,"column":3}}],"line":81},"1":{"loc":{"start":{"line":145,"column":14},"end":{"line":145,"column":82}},"type":"binary-expr","locations":[{"start":{"line":145,"column":14},"end":{"line":145,"column":43}},{"start":{"line":145,"column":47},"end":{"line":145,"column":82}}],"line":145},"2":{"loc":{"start":{"line":148,"column":2},"end":{"line":154,"column":3}},"type":"if","locations":[{"start":{"line":148,"column":2},"end":{"line":154,"column":3}},{"start":{"line":148,"column":2},"end":{"line":154,"column":3}}],"line":148},"3":{"loc":{"start":{"line":156,"column":2},"end":{"line":158,"column":3}},"type":"if","locations":[{"start":{"line":156,"column":2},"end":{"line":158,"column":3}},{"start":{"line":156,"column":2},"end":{"line":158,"column":3}}],"line":156},"4":{"loc":{"start":{"line":156,"column":6},"end":{"line":156,"column":85}},"type":"binary-expr","locations":[{"start":{"line":156,"column":6},"end":{"line":156,"column":35}},{"start":{"line":156,"column":40},"end":{"line":156,"column":62}},{"start":{"line":156,"column":66},"end":{"line":156,"column":84}}],"line":156},"5":{"loc":{"start":{"line":172,"column":2},"end":{"line":176,"column":3}},"type":"if","locations":[{"start":{"line":172,"column":2},"end":{"line":176,"column":3}},{"start":{"line":172,"column":2},"end":{"line":176,"column":3}}],"line":172},"6":{"loc":{"start":{"line":173,"column":42},"end":{"line":173,"column":110}},"type":"binary-expr","locations":[{"start":{"line":173,"column":42},"end":{"line":173,"column":71}},{"start":{"line":173,"column":75},"end":{"line":173,"column":110}}],"line":173},"7":{"loc":{"start":{"line":178,"column":2},"end":{"line":180,"column":3}},"type":"if","locations":[{"start":{"line":178,"column":2},"end":{"line":180,"column":3}},{"start":{"line":178,"column":2},"end":{"line":180,"column":3}}],"line":178},"8":{"loc":{"start":{"line":182,"column":2},"end":{"line":186,"column":3}},"type":"if","locations":[{"start":{"line":182,"column":2},"end":{"line":186,"column":3}},{"start":{"line":182,"column":2},"end":{"line":186,"column":3}}],"line":182},"9":{"loc":{"start":{"line":227,"column":2},"end":{"line":229,"column":3}},"type":"if","locations":[{"start":{"line":227,"column":2},"end":{"line":229,"column":3}},{"start":{"line":227,"column":2},"end":{"line":229,"column":3}}],"line":227},"10":{"loc":{"start":{"line":236,"column":2},"end":{"line":238,"column":3}},"type":"if","locations":[{"start":{"line":236,"column":2},"end":{"line":238,"column":3}},{"start":{"line":236,"column":2},"end":{"line":238,"column":3}}],"line":236},"11":{"loc":{"start":{"line":268,"column":2},"end":{"line":272,"column":3}},"type":"if","locations":[{"start":{"line":268,"column":2},"end":{"line":272,"column":3}},{"start":{"line":268,"column":2},"end":{"line":272,"column":3}}],"line":268},"12":{"loc":{"start":{"line":293,"column":2},"end":{"line":295,"column":3}},"type":"if","locations":[{"start":{"line":293,"column":2},"end":{"line":295,"column":3}},{"start":{"line":293,"column":2},"end":{"line":295,"column":3}}],"line":293},"13":{"loc":{"start":{"line":314,"column":4},"end":{"line":316,"column":5}},"type":"if","locations":[{"start":{"line":314,"column":4},"end":{"line":316,"column":5}},{"start":{"line":314,"column":4},"end":{"line":316,"column":5}}],"line":314},"14":{"loc":{"start":{"line":327,"column":30},"end":{"line":327,"column":116}},"type":"binary-expr","locations":[{"start":{"line":327,"column":30},"end":{"line":327,"column":81}},{"start":{"line":327,"column":85},"end":{"line":327,"column":116}}],"line":327},"15":{"loc":{"start":{"line":330,"column":2},"end":{"line":332,"column":3}},"type":"if","locations":[{"start":{"line":330,"column":2},"end":{"line":332,"column":3}},{"start":{"line":330,"column":2},"end":{"line":332,"column":3}}],"line":330},"16":{"loc":{"start":{"line":346,"column":4},"end":{"line":348,"column":5}},"type":"if","locations":[{"start":{"line":346,"column":4},"end":{"line":348,"column":5}},{"start":{"line":346,"column":4},"end":{"line":348,"column":5}}],"line":346},"17":{"loc":{"start":{"line":366,"column":2},"end":{"line":368,"column":3}},"type":"if","locations":[{"start":{"line":366,"column":2},"end":{"line":368,"column":3}},{"start":{"line":366,"column":2},"end":{"line":368,"column":3}}],"line":366},"18":{"loc":{"start":{"line":382,"column":9},"end":{"line":382,"column":114}},"type":"binary-expr","locations":[{"start":{"line":382,"column":9},"end":{"line":382,"column":26}},{"start":{"line":382,"column":30},"end":{"line":382,"column":114}}],"line":382}},"s":{"0":17,"1":17,"2":17,"3":17,"4":17,"5":17,"6":17,"7":17,"8":17,"9":17,"10":17,"11":17,"12":557,"13":557,"14":557,"15":557,"16":557,"17":557,"18":557,"19":557,"20":557,"21":17,"22":17,"23":365,"24":365,"25":365,"26":365,"27":362,"28":362,"29":362,"30":362,"31":17,"32":61,"33":17,"34":446,"35":17,"36":28,"37":28,"38":28,"39":17,"40":4,"41":4,"42":2,"43":2,"44":2,"45":17,"46":10,"47":10,"48":10,"49":10,"50":17,"51":49,"52":49,"53":17,"54":235,"55":235,"56":17,"57":3,"58":3,"59":3,"60":17,"61":8,"62":17,"63":4,"64":4,"65":4,"66":17,"67":9,"68":9,"69":17,"70":85,"71":17,"72":1,"73":1,"74":17,"75":440,"76":440,"77":440,"78":440,"79":422,"80":18,"81":10,"82":8,"83":17,"84":440,"85":440,"86":440,"87":440,"88":22,"89":418,"90":440,"91":432,"92":8,"93":6,"94":2,"95":17,"96":506,"97":17,"98":1,"99":17,"100":16,"101":17,"102":1,"103":17,"104":1,"105":17,"106":436,"107":17,"108":237,"109":237,"110":237,"111":17,"112":192,"113":1,"114":191,"115":191,"116":191,"117":17,"118":428,"119":293,"120":17,"121":4,"122":17,"123":14,"124":17,"125":260,"126":17,"127":10,"128":17,"129":40,"130":17,"131":7,"132":7,"133":7,"134":7,"135":6,"136":1,"137":7,"138":7,"139":7,"140":7,"141":7,"142":17,"143":2,"144":2,"145":17,"146":92,"147":92,"148":67,"149":25,"150":24,"151":14,"152":14,"153":1,"154":17,"155":24,"156":125,"157":125,"158":62,"159":125,"160":24,"161":22,"162":365,"163":365,"164":0,"165":365,"166":2174,"167":365,"168":2173,"169":365,"170":364,"171":2170,"172":364,"173":2,"174":362,"175":542,"176":2173,"177":2172,"178":2173,"179":2173,"180":1,"181":2172,"182":3,"183":3,"184":3,"185":125,"186":17},"f":{"0":557,"1":365,"2":365,"3":362,"4":362,"5":61,"6":446,"7":28,"8":4,"9":10,"10":10,"11":49,"12":235,"13":3,"14":8,"15":4,"16":9,"17":85,"18":1,"19":440,"20":440,"21":506,"22":1,"23":16,"24":1,"25":1,"26":436,"27":237,"28":192,"29":428,"30":4,"31":14,"32":260,"33":10,"34":40,"35":7,"36":1,"37":7,"38":7,"39":2,"40":92,"41":24,"42":14,"43":1,"44":24,"45":125,"46":22,"47":365,"48":2174,"49":2173,"50":364,"51":2170,"52":542,"53":2173,"54":2172,"55":2173,"56":3,"57":125},"b":{"0":[2,2],"1":[440,20],"2":[422,18],"3":[10,8],"4":[18,12,8],"5":[22,418],"6":[22,18],"7":[432,8],"8":[6,2],"9":[1,191],"10":[293,135],"11":[6,1],"12":[67,25],"13":[62,63],"14":[365,361],"15":[0,365],"16":[2,362],"17":[1,2172],"18":[125,125]},"_coverageSchema":"1a1c01bbd47fc00a2c39e90264f33305004495a9","hash":"cd008da1190b419f5fa8e7154d2ee85e2475386f"}
,"/home/admin/bt/braintree-web-drop-in/src/dropin.js": {"path":"/home/admin/bt/braintree-web-drop-in/src/dropin.js","statementMap":{"0":{"start":{"line":3,"column":13},"end":{"line":3,"column":43}},"1":{"start":{"line":4,"column":16},"end":{"line":4,"column":42}},"2":{"start":{"line":5,"column":16},"end":{"line":5,"column":48}},"3":{"start":{"line":6,"column":16},"end":{"line":6,"column":38}},"4":{"start":{"line":7,"column":18},"end":{"line":7,"column":47}},"5":{"start":{"line":8,"column":18},"end":{"line":8,"column":43}},"6":{"start":{"line":9,"column":19},"end":{"line":9,"column":54}},"7":{"start":{"line":10,"column":13},"end":{"line":10,"column":47}},"8":{"start":{"line":11,"column":9},"end":{"line":11,"column":22}},"9":{"start":{"line":12,"column":15},"end":{"line":12,"column":43}},"10":{"start":{"line":13,"column":27},"end":{"line":13,"column":69}},"11":{"start":{"line":14,"column":27},"end":{"line":14,"column":69}},"12":{"start":{"line":15,"column":23},"end":{"line":15,"column":49}},"13":{"start":{"line":16,"column":19},"end":{"line":16,"column":57}},"14":{"start":{"line":17,"column":13},"end":{"line":17,"column":38}},"15":{"start":{"line":18,"column":11},"end":{"line":18,"column":32}},"16":{"start":{"line":19,"column":14},"end":{"line":19,"column":38}},"17":{"start":{"line":20,"column":19},"end":{"line":20,"column":49}},"18":{"start":{"line":21,"column":20},"end":{"line":21,"column":51}},"19":{"start":{"line":22,"column":19},"end":{"line":22,"column":50}},"20":{"start":{"line":23,"column":20},"end":{"line":23,"column":68}},"21":{"start":{"line":25,"column":15},"end":{"line":25,"column":69}},"22":{"start":{"line":26,"column":14},"end":{"line":26,"column":68}},"23":{"start":{"line":28,"column":38},"end":{"line":34,"column":1}},"24":{"start":{"line":35,"column":91},"end":{"line":40,"column":1}},"25":{"start":{"line":41,"column":27},"end":{"line":41,"column":29}},"26":{"start":{"line":42,"column":14},"end":{"line":42,"column":27}},"27":{"start":{"line":44,"column":0},"end":{"line":44,"column":68}},"28":{"start":{"line":45,"column":0},"end":{"line":45,"column":67}},"29":{"start":{"line":269,"column":2},"end":{"line":269,"column":32}},"30":{"start":{"line":270,"column":2},"end":{"line":270,"column":29}},"31":{"start":{"line":271,"column":2},"end":{"line":271,"column":54}},"32":{"start":{"line":272,"column":2},"end":{"line":272,"column":69}},"33":{"start":{"line":273,"column":2},"end":{"line":273,"column":67}},"34":{"start":{"line":274,"column":2},"end":{"line":274,"column":45}},"35":{"start":{"line":275,"column":2},"end":{"line":275,"column":54}},"36":{"start":{"line":276,"column":2},"end":{"line":276,"column":62}},"37":{"start":{"line":278,"column":2},"end":{"line":278,"column":26}},"38":{"start":{"line":281,"column":0},"end":{"line":281,"column":33}},"39":{"start":{"line":283,"column":0},"end":{"line":394,"column":2}},"40":{"start":{"line":285,"column":13},"end":{"line":285,"column":17}},"41":{"start":{"line":286,"column":18},"end":{"line":286,"column":95}},"42":{"start":{"line":288,"column":2},"end":{"line":288,"column":27}},"43":{"start":{"line":290,"column":2},"end":{"line":300,"column":3}},"44":{"start":{"line":291,"column":4},"end":{"line":291,"column":61}},"45":{"start":{"line":292,"column":4},"end":{"line":292,"column":64}},"46":{"start":{"line":294,"column":4},"end":{"line":294,"column":11}},"47":{"start":{"line":295,"column":9},"end":{"line":300,"column":3}},"48":{"start":{"line":296,"column":4},"end":{"line":296,"column":61}},"49":{"start":{"line":297,"column":4},"end":{"line":297,"column":91}},"50":{"start":{"line":299,"column":4},"end":{"line":299,"column":11}},"51":{"start":{"line":302,"column":2},"end":{"line":304,"column":3}},"52":{"start":{"line":303,"column":4},"end":{"line":303,"column":50}},"53":{"start":{"line":306,"column":2},"end":{"line":311,"column":3}},"54":{"start":{"line":307,"column":4},"end":{"line":307,"column":61}},"55":{"start":{"line":308,"column":4},"end":{"line":308,"column":104}},"56":{"start":{"line":310,"column":4},"end":{"line":310,"column":11}},"57":{"start":{"line":313,"column":2},"end":{"line":318,"column":3}},"58":{"start":{"line":314,"column":4},"end":{"line":314,"column":61}},"59":{"start":{"line":315,"column":4},"end":{"line":315,"column":105}},"60":{"start":{"line":317,"column":4},"end":{"line":317,"column":11}},"61":{"start":{"line":321,"column":2},"end":{"line":321,"column":46}},"62":{"start":{"line":322,"column":2},"end":{"line":326,"column":3}},"63":{"start":{"line":323,"column":4},"end":{"line":323,"column":138}},"64":{"start":{"line":325,"column":4},"end":{"line":325,"column":60}},"65":{"start":{"line":328,"column":2},"end":{"line":331,"column":3}},"66":{"start":{"line":330,"column":4},"end":{"line":330,"column":71}},"67":{"start":{"line":333,"column":2},"end":{"line":337,"column":3}},"68":{"start":{"line":334,"column":4},"end":{"line":336,"column":7}},"69":{"start":{"line":335,"column":6},"end":{"line":335,"column":87}},"70":{"start":{"line":339,"column":2},"end":{"line":343,"column":15}},"71":{"start":{"line":340,"column":22},"end":{"line":340,"column":46}},"72":{"start":{"line":342,"column":4},"end":{"line":342,"column":77}},"73":{"start":{"line":345,"column":2},"end":{"line":345,"column":58}},"74":{"start":{"line":346,"column":2},"end":{"line":346,"column":45}},"75":{"start":{"line":348,"column":2},"end":{"line":352,"column":5}},"76":{"start":{"line":354,"column":2},"end":{"line":393,"column":5}},"77":{"start":{"line":355,"column":4},"end":{"line":359,"column":7}},"78":{"start":{"line":356,"column":6},"end":{"line":356,"column":41}},"79":{"start":{"line":357,"column":6},"end":{"line":357,"column":54}},"80":{"start":{"line":358,"column":6},"end":{"line":358,"column":20}},"81":{"start":{"line":361,"column":4},"end":{"line":374,"column":7}},"82":{"start":{"line":362,"column":6},"end":{"line":373,"column":7}},"83":{"start":{"line":363,"column":8},"end":{"line":363,"column":54}},"84":{"start":{"line":364,"column":8},"end":{"line":364,"column":45}},"85":{"start":{"line":366,"column":8},"end":{"line":366,"column":32}},"86":{"start":{"line":368,"column":8},"end":{"line":368,"column":41}},"87":{"start":{"line":370,"column":8},"end":{"line":370,"column":29}},"88":{"start":{"line":372,"column":8},"end":{"line":372,"column":97}},"89":{"start":{"line":376,"column":4},"end":{"line":378,"column":7}},"90":{"start":{"line":377,"column":6},"end":{"line":377,"column":52}},"91":{"start":{"line":380,"column":4},"end":{"line":382,"column":7}},"92":{"start":{"line":381,"column":6},"end":{"line":381,"column":47}},"93":{"start":{"line":384,"column":4},"end":{"line":386,"column":7}},"94":{"start":{"line":385,"column":6},"end":{"line":385,"column":49}},"95":{"start":{"line":388,"column":4},"end":{"line":388,"column":45}},"96":{"start":{"line":390,"column":4},"end":{"line":392,"column":7}},"97":{"start":{"line":391,"column":6},"end":{"line":391,"column":20}},"98":{"start":{"line":408,"column":0},"end":{"line":439,"column":2}},"99":{"start":{"line":411,"column":2},"end":{"line":413,"column":3}},"100":{"start":{"line":412,"column":4},"end":{"line":412,"column":11}},"101":{"start":{"line":415,"column":2},"end":{"line":421,"column":3}},"102":{"start":{"line":416,"column":4},"end":{"line":418,"column":5}},"103":{"start":{"line":417,"column":6},"end":{"line":417,"column":57}},"104":{"start":{"line":420,"column":4},"end":{"line":420,"column":11}},"105":{"start":{"line":423,"column":2},"end":{"line":423,"column":42}},"106":{"start":{"line":425,"column":2},"end":{"line":427,"column":3}},"107":{"start":{"line":426,"column":4},"end":{"line":426,"column":11}},"108":{"start":{"line":429,"column":2},"end":{"line":429,"column":39}},"109":{"start":{"line":431,"column":2},"end":{"line":433,"column":3}},"110":{"start":{"line":432,"column":4},"end":{"line":432,"column":11}},"111":{"start":{"line":435,"column":2},"end":{"line":437,"column":5}},"112":{"start":{"line":436,"column":4},"end":{"line":436,"column":73}},"113":{"start":{"line":438,"column":2},"end":{"line":438,"column":32}},"114":{"start":{"line":465,"column":0},"end":{"line":481,"column":2}},"115":{"start":{"line":466,"column":2},"end":{"line":466,"column":40}},"116":{"start":{"line":467,"column":2},"end":{"line":467,"column":42}},"117":{"start":{"line":469,"column":2},"end":{"line":473,"column":3}},"118":{"start":{"line":470,"column":4},"end":{"line":470,"column":34}},"119":{"start":{"line":472,"column":4},"end":{"line":472,"column":11}},"120":{"start":{"line":475,"column":2},"end":{"line":475,"column":40}},"121":{"start":{"line":477,"column":2},"end":{"line":480,"column":16}},"122":{"start":{"line":478,"column":4},"end":{"line":478,"column":34}},"123":{"start":{"line":479,"column":4},"end":{"line":479,"column":42}},"124":{"start":{"line":483,"column":0},"end":{"line":498,"column":2}},"125":{"start":{"line":484,"column":13},"end":{"line":484,"column":17}},"126":{"start":{"line":485,"column":15},"end":{"line":485,"column":92}},"127":{"start":{"line":487,"column":2},"end":{"line":487,"column":40}},"128":{"start":{"line":488,"column":2},"end":{"line":488,"column":50}},"129":{"start":{"line":490,"column":2},"end":{"line":497,"column":5}},"130":{"start":{"line":491,"column":4},"end":{"line":491,"column":39}},"131":{"start":{"line":493,"column":4},"end":{"line":496,"column":8}},"132":{"start":{"line":500,"column":0},"end":{"line":516,"column":2}},"133":{"start":{"line":501,"column":13},"end":{"line":501,"column":17}},"134":{"start":{"line":502,"column":15},"end":{"line":502,"column":67}},"135":{"start":{"line":504,"column":2},"end":{"line":504,"column":40}},"136":{"start":{"line":506,"column":2},"end":{"line":506,"column":62}},"137":{"start":{"line":508,"column":2},"end":{"line":515,"column":5}},"138":{"start":{"line":509,"column":4},"end":{"line":509,"column":39}},"139":{"start":{"line":511,"column":4},"end":{"line":514,"column":8}},"140":{"start":{"line":518,"column":0},"end":{"line":533,"column":2}},"141":{"start":{"line":519,"column":2},"end":{"line":521,"column":3}},"142":{"start":{"line":520,"column":4},"end":{"line":520,"column":31}},"143":{"start":{"line":523,"column":2},"end":{"line":525,"column":3}},"144":{"start":{"line":524,"column":4},"end":{"line":524,"column":30}},"145":{"start":{"line":527,"column":2},"end":{"line":532,"column":5}},"146":{"start":{"line":535,"column":0},"end":{"line":543,"column":2}},"147":{"start":{"line":536,"column":2},"end":{"line":536,"column":50}},"148":{"start":{"line":536,"column":35},"end":{"line":536,"column":47}},"149":{"start":{"line":538,"column":2},"end":{"line":542,"column":16}},"150":{"start":{"line":539,"column":4},"end":{"line":541,"column":5}},"151":{"start":{"line":540,"column":6},"end":{"line":540,"column":53}},"152":{"start":{"line":545,"column":0},"end":{"line":562,"column":2}},"153":{"start":{"line":547,"column":24},"end":{"line":547,"column":78}},"154":{"start":{"line":549,"column":2},"end":{"line":561,"column":3}},"155":{"start":{"line":550,"column":4},"end":{"line":550,"column":76}},"156":{"start":{"line":552,"column":4},"end":{"line":560,"column":5}},"157":{"start":{"line":553,"column":6},"end":{"line":553,"column":90}},"158":{"start":{"line":555,"column":6},"end":{"line":559,"column":7}},"159":{"start":{"line":556,"column":8},"end":{"line":556,"column":78}},"160":{"start":{"line":558,"column":8},"end":{"line":558,"column":60}},"161":{"start":{"line":564,"column":0},"end":{"line":566,"column":2}},"162":{"start":{"line":565,"column":2},"end":{"line":565,"column":75}},"163":{"start":{"line":568,"column":0},"end":{"line":590,"column":2}},"164":{"start":{"line":570,"column":27},"end":{"line":570,"column":70}},"165":{"start":{"line":572,"column":2},"end":{"line":574,"column":3}},"166":{"start":{"line":573,"column":4},"end":{"line":573,"column":11}},"167":{"start":{"line":576,"column":2},"end":{"line":576,"column":69}},"168":{"start":{"line":578,"column":2},"end":{"line":589,"column":16}},"169":{"start":{"line":579,"column":18},"end":{"line":579,"column":63}},"170":{"start":{"line":580,"column":14},"end":{"line":580,"column":25}},"171":{"start":{"line":581,"column":23},"end":{"line":581,"column":43}},"172":{"start":{"line":582,"column":16},"end":{"line":582,"column":63}},"173":{"start":{"line":583,"column":26},"end":{"line":583,"column":82}},"174":{"start":{"line":585,"column":4},"end":{"line":585,"column":45}},"175":{"start":{"line":586,"column":4},"end":{"line":586,"column":51}},"176":{"start":{"line":587,"column":4},"end":{"line":587,"column":84}},"177":{"start":{"line":588,"column":4},"end":{"line":588,"column":25}},"178":{"start":{"line":592,"column":0},"end":{"line":610,"column":2}},"179":{"start":{"line":594,"column":29},"end":{"line":594,"column":31}},"180":{"start":{"line":595,"column":23},"end":{"line":595,"column":50}},"181":{"start":{"line":597,"column":2},"end":{"line":609,"column":3}},"182":{"start":{"line":598,"column":4},"end":{"line":598,"column":34}},"183":{"start":{"line":600,"column":4},"end":{"line":604,"column":5}},"184":{"start":{"line":603,"column":6},"end":{"line":603,"column":15}},"185":{"start":{"line":606,"column":4},"end":{"line":606,"column":38}},"186":{"start":{"line":608,"column":4},"end":{"line":608,"column":95}},"187":{"start":{"line":612,"column":0},"end":{"line":621,"column":2}},"188":{"start":{"line":613,"column":2},"end":{"line":620,"column":3}},"189":{"start":{"line":614,"column":4},"end":{"line":614,"column":65}},"190":{"start":{"line":615,"column":4},"end":{"line":615,"column":62}},"191":{"start":{"line":616,"column":9},"end":{"line":620,"column":3}},"192":{"start":{"line":617,"column":4},"end":{"line":617,"column":63}},"193":{"start":{"line":619,"column":4},"end":{"line":619,"column":58}},"194":{"start":{"line":696,"column":0},"end":{"line":731,"column":2}},"195":{"start":{"line":697,"column":13},"end":{"line":697,"column":17}},"196":{"start":{"line":699,"column":2},"end":{"line":699,"column":26}},"197":{"start":{"line":701,"column":2},"end":{"line":730,"column":5}},"198":{"start":{"line":702,"column":4},"end":{"line":719,"column":5}},"199":{"start":{"line":703,"column":6},"end":{"line":703,"column":44}},"200":{"start":{"line":705,"column":6},"end":{"line":718,"column":9}},"201":{"start":{"line":706,"column":8},"end":{"line":706,"column":41}},"202":{"start":{"line":707,"column":8},"end":{"line":707,"column":63}},"203":{"start":{"line":708,"column":8},"end":{"line":708,"column":75}},"204":{"start":{"line":709,"column":8},"end":{"line":709,"column":63}},"205":{"start":{"line":711,"column":8},"end":{"line":711,"column":46}},"206":{"start":{"line":713,"column":8},"end":{"line":713,"column":23}},"207":{"start":{"line":715,"column":8},"end":{"line":715,"column":46}},"208":{"start":{"line":717,"column":8},"end":{"line":717,"column":35}},"209":{"start":{"line":721,"column":4},"end":{"line":721,"column":19}},"210":{"start":{"line":723,"column":4},"end":{"line":725,"column":5}},"211":{"start":{"line":724,"column":6},"end":{"line":724,"column":63}},"212":{"start":{"line":727,"column":4},"end":{"line":727,"column":19}},"213":{"start":{"line":729,"column":4},"end":{"line":729,"column":47}},"214":{"start":{"line":733,"column":0},"end":{"line":751,"column":2}},"215":{"start":{"line":734,"column":2},"end":{"line":736,"column":3}},"216":{"start":{"line":735,"column":4},"end":{"line":735,"column":17}},"217":{"start":{"line":738,"column":2},"end":{"line":740,"column":3}},"218":{"start":{"line":739,"column":4},"end":{"line":739,"column":17}},"219":{"start":{"line":742,"column":2},"end":{"line":744,"column":3}},"220":{"start":{"line":743,"column":4},"end":{"line":743,"column":16}},"221":{"start":{"line":746,"column":2},"end":{"line":748,"column":3}},"222":{"start":{"line":747,"column":4},"end":{"line":747,"column":16}},"223":{"start":{"line":750,"column":2},"end":{"line":750,"column":15}},"224":{"start":{"line":753,"column":0},"end":{"line":759,"column":2}},"225":{"start":{"line":754,"column":19},"end":{"line":754,"column":67}},"226":{"start":{"line":756,"column":2},"end":{"line":758,"column":3}},"227":{"start":{"line":757,"column":4},"end":{"line":757,"column":50}},"228":{"start":{"line":761,"column":0},"end":{"line":773,"column":2}},"229":{"start":{"line":764,"column":2},"end":{"line":764,"column":67}},"230":{"start":{"line":764,"column":58},"end":{"line":764,"column":65}},"231":{"start":{"line":766,"column":2},"end":{"line":766,"column":77}},"232":{"start":{"line":767,"column":2},"end":{"line":767,"column":83}},"233":{"start":{"line":769,"column":2},"end":{"line":772,"column":5}},"234":{"start":{"line":781,"column":0},"end":{"line":827,"column":2}},"235":{"start":{"line":783,"column":16},"end":{"line":783,"column":33}},"236":{"start":{"line":784,"column":13},"end":{"line":784,"column":17}},"237":{"start":{"line":786,"column":2},"end":{"line":786,"column":27}},"238":{"start":{"line":788,"column":2},"end":{"line":794,"column":3}},"239":{"start":{"line":789,"column":4},"end":{"line":793,"column":7}},"240":{"start":{"line":790,"column":6},"end":{"line":792,"column":9}},"241":{"start":{"line":791,"column":8},"end":{"line":791,"column":28}},"242":{"start":{"line":796,"column":2},"end":{"line":805,"column":3}},"243":{"start":{"line":797,"column":4},"end":{"line":804,"column":18}},"244":{"start":{"line":798,"column":6},"end":{"line":803,"column":9}},"245":{"start":{"line":799,"column":8},"end":{"line":802,"column":11}},"246":{"start":{"line":807,"column":2},"end":{"line":816,"column":3}},"247":{"start":{"line":808,"column":4},"end":{"line":815,"column":18}},"248":{"start":{"line":809,"column":6},"end":{"line":814,"column":9}},"249":{"start":{"line":810,"column":8},"end":{"line":813,"column":11}},"250":{"start":{"line":818,"column":2},"end":{"line":826,"column":5}},"251":{"start":{"line":819,"column":4},"end":{"line":819,"column":39}},"252":{"start":{"line":821,"column":4},"end":{"line":823,"column":5}},"253":{"start":{"line":822,"column":6},"end":{"line":822,"column":43}},"254":{"start":{"line":825,"column":4},"end":{"line":825,"column":29}},"255":{"start":{"line":834,"column":0},"end":{"line":836,"column":2}},"256":{"start":{"line":835,"column":2},"end":{"line":835,"column":50}},"257":{"start":{"line":838,"column":0},"end":{"line":842,"column":2}},"258":{"start":{"line":839,"column":2},"end":{"line":839,"column":66}},"259":{"start":{"line":841,"column":2},"end":{"line":841,"column":27}},"260":{"start":{"line":845,"column":31},"end":{"line":849,"column":3}},"261":{"start":{"line":851,"column":2},"end":{"line":853,"column":3}},"262":{"start":{"line":852,"column":4},"end":{"line":852,"column":59}},"263":{"start":{"line":855,"column":2},"end":{"line":857,"column":3}},"264":{"start":{"line":856,"column":4},"end":{"line":856,"column":67}},"265":{"start":{"line":859,"column":2},"end":{"line":861,"column":3}},"266":{"start":{"line":860,"column":4},"end":{"line":860,"column":81}},"267":{"start":{"line":863,"column":2},"end":{"line":866,"column":3}},"268":{"start":{"line":864,"column":4},"end":{"line":864,"column":77}},"269":{"start":{"line":865,"column":4},"end":{"line":865,"column":89}},"270":{"start":{"line":868,"column":2},"end":{"line":870,"column":3}},"271":{"start":{"line":869,"column":4},"end":{"line":869,"column":65}},"272":{"start":{"line":872,"column":2},"end":{"line":874,"column":3}},"273":{"start":{"line":873,"column":4},"end":{"line":873,"column":59}},"274":{"start":{"line":876,"column":2},"end":{"line":876,"column":32}},"275":{"start":{"line":879,"column":0},"end":{"line":879,"column":39}}},"fnMap":{"0":{"name":"Dropin","decl":{"start":{"line":268,"column":9},"end":{"line":268,"column":15}},"loc":{"start":{"line":268,"column":25},"end":{"line":279,"column":1}},"line":268},"1":{"name":"(anonymous_1)","decl":{"start":{"line":283,"column":31},"end":{"line":283,"column":32}},"loc":{"start":{"line":283,"column":51},"end":{"line":394,"column":1}},"line":283},"2":{"name":"(anonymous_2)","decl":{"start":{"line":334,"column":66},"end":{"line":334,"column":67}},"loc":{"start":{"line":334,"column":81},"end":{"line":336,"column":5}},"line":334},"3":{"name":"(anonymous_3)","decl":{"start":{"line":339,"column":52},"end":{"line":339,"column":53}},"loc":{"start":{"line":339,"column":81},"end":{"line":343,"column":3}},"line":339},"4":{"name":"(anonymous_4)","decl":{"start":{"line":354,"column":32},"end":{"line":354,"column":33}},"loc":{"start":{"line":354,"column":44},"end":{"line":389,"column":3}},"line":354},"5":{"name":"(anonymous_5)","decl":{"start":{"line":355,"column":43},"end":{"line":355,"column":44}},"loc":{"start":{"line":355,"column":58},"end":{"line":359,"column":5}},"line":355},"6":{"name":"(anonymous_6)","decl":{"start":{"line":361,"column":45},"end":{"line":361,"column":46}},"loc":{"start":{"line":361,"column":57},"end":{"line":374,"column":5}},"line":361},"7":{"name":"(anonymous_7)","decl":{"start":{"line":376,"column":47},"end":{"line":376,"column":48}},"loc":{"start":{"line":376,"column":64},"end":{"line":378,"column":5}},"line":376},"8":{"name":"(anonymous_8)","decl":{"start":{"line":380,"column":49},"end":{"line":380,"column":50}},"loc":{"start":{"line":380,"column":61},"end":{"line":382,"column":5}},"line":380},"9":{"name":"(anonymous_9)","decl":{"start":{"line":384,"column":44},"end":{"line":384,"column":45}},"loc":{"start":{"line":384,"column":61},"end":{"line":386,"column":5}},"line":384},"10":{"name":"(anonymous_10)","decl":{"start":{"line":389,"column":11},"end":{"line":389,"column":12}},"loc":{"start":{"line":389,"column":26},"end":{"line":393,"column":3}},"line":389},"11":{"name":"(anonymous_11)","decl":{"start":{"line":390,"column":25},"end":{"line":390,"column":26}},"loc":{"start":{"line":390,"column":37},"end":{"line":392,"column":5}},"line":390},"12":{"name":"(anonymous_12)","decl":{"start":{"line":408,"column":39},"end":{"line":408,"column":40}},"loc":{"start":{"line":408,"column":71},"end":{"line":439,"column":1}},"line":408},"13":{"name":"(anonymous_13)","decl":{"start":{"line":435,"column":38},"end":{"line":435,"column":39}},"loc":{"start":{"line":435,"column":63},"end":{"line":437,"column":3}},"line":435},"14":{"name":"(anonymous_14)","decl":{"start":{"line":465,"column":46},"end":{"line":465,"column":47}},"loc":{"start":{"line":465,"column":58},"end":{"line":481,"column":1}},"line":465},"15":{"name":"(anonymous_15)","decl":{"start":{"line":477,"column":43},"end":{"line":477,"column":44}},"loc":{"start":{"line":477,"column":55},"end":{"line":480,"column":3}},"line":477},"16":{"name":"(anonymous_16)","decl":{"start":{"line":483,"column":39},"end":{"line":483,"column":40}},"loc":{"start":{"line":483,"column":51},"end":{"line":498,"column":1}},"line":483},"17":{"name":"(anonymous_17)","decl":{"start":{"line":490,"column":40},"end":{"line":490,"column":41}},"loc":{"start":{"line":490,"column":52},"end":{"line":492,"column":3}},"line":490},"18":{"name":"(anonymous_18)","decl":{"start":{"line":492,"column":11},"end":{"line":492,"column":12}},"loc":{"start":{"line":492,"column":26},"end":{"line":497,"column":3}},"line":492},"19":{"name":"(anonymous_19)","decl":{"start":{"line":500,"column":38},"end":{"line":500,"column":39}},"loc":{"start":{"line":500,"column":50},"end":{"line":516,"column":1}},"line":500},"20":{"name":"(anonymous_20)","decl":{"start":{"line":508,"column":39},"end":{"line":508,"column":40}},"loc":{"start":{"line":508,"column":51},"end":{"line":510,"column":3}},"line":508},"21":{"name":"(anonymous_21)","decl":{"start":{"line":510,"column":11},"end":{"line":510,"column":12}},"loc":{"start":{"line":510,"column":26},"end":{"line":515,"column":3}},"line":510},"22":{"name":"(anonymous_22)","decl":{"start":{"line":518,"column":46},"end":{"line":518,"column":47}},"loc":{"start":{"line":518,"column":58},"end":{"line":533,"column":1}},"line":518},"23":{"name":"(anonymous_23)","decl":{"start":{"line":535,"column":50},"end":{"line":535,"column":51}},"loc":{"start":{"line":535,"column":68},"end":{"line":543,"column":1}},"line":535},"24":{"name":"(anonymous_24)","decl":{"start":{"line":536,"column":21},"end":{"line":536,"column":22}},"loc":{"start":{"line":536,"column":33},"end":{"line":536,"column":49}},"line":536},"25":{"name":"(anonymous_25)","decl":{"start":{"line":538,"column":42},"end":{"line":538,"column":43}},"loc":{"start":{"line":538,"column":67},"end":{"line":542,"column":3}},"line":538},"26":{"name":"(anonymous_26)","decl":{"start":{"line":545,"column":42},"end":{"line":545,"column":43}},"loc":{"start":{"line":545,"column":54},"end":{"line":562,"column":1}},"line":545},"27":{"name":"(anonymous_27)","decl":{"start":{"line":564,"column":42},"end":{"line":564,"column":43}},"loc":{"start":{"line":564,"column":67},"end":{"line":566,"column":1}},"line":564},"28":{"name":"(anonymous_28)","decl":{"start":{"line":568,"column":49},"end":{"line":568,"column":50}},"loc":{"start":{"line":568,"column":61},"end":{"line":590,"column":1}},"line":568},"29":{"name":"(anonymous_29)","decl":{"start":{"line":578,"column":29},"end":{"line":578,"column":30}},"loc":{"start":{"line":578,"column":56},"end":{"line":589,"column":3}},"line":578},"30":{"name":"(anonymous_30)","decl":{"start":{"line":592,"column":66},"end":{"line":592,"column":67}},"loc":{"start":{"line":592,"column":78},"end":{"line":610,"column":1}},"line":592},"31":{"name":"(anonymous_31)","decl":{"start":{"line":612,"column":36},"end":{"line":612,"column":37}},"loc":{"start":{"line":612,"column":48},"end":{"line":621,"column":1}},"line":612},"32":{"name":"(anonymous_32)","decl":{"start":{"line":696,"column":40},"end":{"line":696,"column":41}},"loc":{"start":{"line":696,"column":59},"end":{"line":731,"column":1}},"line":696},"33":{"name":"(anonymous_33)","decl":{"start":{"line":701,"column":52},"end":{"line":701,"column":53}},"loc":{"start":{"line":701,"column":71},"end":{"line":722,"column":3}},"line":701},"34":{"name":"(anonymous_34)","decl":{"start":{"line":705,"column":75},"end":{"line":705,"column":76}},"loc":{"start":{"line":705,"column":97},"end":{"line":714,"column":7}},"line":705},"35":{"name":"(anonymous_35)","decl":{"start":{"line":714,"column":15},"end":{"line":714,"column":16}},"loc":{"start":{"line":714,"column":30},"end":{"line":718,"column":7}},"line":714},"36":{"name":"(anonymous_36)","decl":{"start":{"line":722,"column":10},"end":{"line":722,"column":11}},"loc":{"start":{"line":722,"column":29},"end":{"line":728,"column":3}},"line":722},"37":{"name":"(anonymous_37)","decl":{"start":{"line":728,"column":10},"end":{"line":728,"column":11}},"loc":{"start":{"line":728,"column":29},"end":{"line":730,"column":3}},"line":728},"38":{"name":"(anonymous_38)","decl":{"start":{"line":733,"column":58},"end":{"line":733,"column":59}},"loc":{"start":{"line":733,"column":77},"end":{"line":751,"column":1}},"line":733},"39":{"name":"(anonymous_39)","decl":{"start":{"line":753,"column":37},"end":{"line":753,"column":38}},"loc":{"start":{"line":753,"column":49},"end":{"line":759,"column":1}},"line":753},"40":{"name":"(anonymous_40)","decl":{"start":{"line":761,"column":37},"end":{"line":761,"column":38}},"loc":{"start":{"line":761,"column":49},"end":{"line":773,"column":1}},"line":761},"41":{"name":"(anonymous_41)","decl":{"start":{"line":781,"column":28},"end":{"line":781,"column":29}},"loc":{"start":{"line":781,"column":40},"end":{"line":827,"column":1}},"line":781},"42":{"name":"(anonymous_42)","decl":{"start":{"line":789,"column":17},"end":{"line":789,"column":18}},"loc":{"start":{"line":789,"column":29},"end":{"line":793,"column":5}},"line":789},"43":{"name":"(anonymous_43)","decl":{"start":{"line":790,"column":45},"end":{"line":790,"column":46}},"loc":{"start":{"line":790,"column":60},"end":{"line":792,"column":7}},"line":790},"44":{"name":"(anonymous_44)","decl":{"start":{"line":797,"column":17},"end":{"line":797,"column":18}},"loc":{"start":{"line":797,"column":29},"end":{"line":804,"column":5}},"line":797},"45":{"name":"(anonymous_45)","decl":{"start":{"line":798,"column":50},"end":{"line":798,"column":51}},"loc":{"start":{"line":798,"column":67},"end":{"line":803,"column":7}},"line":798},"46":{"name":"(anonymous_46)","decl":{"start":{"line":808,"column":17},"end":{"line":808,"column":18}},"loc":{"start":{"line":808,"column":29},"end":{"line":815,"column":5}},"line":808},"47":{"name":"(anonymous_47)","decl":{"start":{"line":809,"column":49},"end":{"line":809,"column":50}},"loc":{"start":{"line":809,"column":66},"end":{"line":814,"column":7}},"line":809},"48":{"name":"(anonymous_48)","decl":{"start":{"line":818,"column":22},"end":{"line":818,"column":23}},"loc":{"start":{"line":818,"column":34},"end":{"line":820,"column":3}},"line":818},"49":{"name":"(anonymous_49)","decl":{"start":{"line":820,"column":10},"end":{"line":820,"column":11}},"loc":{"start":{"line":820,"column":22},"end":{"line":826,"column":3}},"line":820},"50":{"name":"(anonymous_50)","decl":{"start":{"line":834,"column":46},"end":{"line":834,"column":47}},"loc":{"start":{"line":834,"column":58},"end":{"line":836,"column":1}},"line":834},"51":{"name":"(anonymous_51)","decl":{"start":{"line":838,"column":40},"end":{"line":838,"column":41}},"loc":{"start":{"line":838,"column":52},"end":{"line":842,"column":1}},"line":838},"52":{"name":"formatPaymentMethodPayload","decl":{"start":{"line":844,"column":9},"end":{"line":844,"column":35}},"loc":{"start":{"line":844,"column":51},"end":{"line":877,"column":1}},"line":844}},"branchMap":{"0":{"loc":{"start":{"line":286,"column":18},"end":{"line":286,"column":95}},"type":"binary-expr","locations":[{"start":{"line":286,"column":18},"end":{"line":286,"column":55}},{"start":{"line":286,"column":59},"end":{"line":286,"column":95}}],"line":286},"1":{"loc":{"start":{"line":290,"column":2},"end":{"line":300,"column":3}},"type":"if","locations":[{"start":{"line":290,"column":2},"end":{"line":300,"column":3}},{"start":{"line":290,"column":2},"end":{"line":300,"column":3}}],"line":290},"2":{"loc":{"start":{"line":295,"column":9},"end":{"line":300,"column":3}},"type":"if","locations":[{"start":{"line":295,"column":9},"end":{"line":300,"column":3}},{"start":{"line":295,"column":9},"end":{"line":300,"column":3}}],"line":295},"3":{"loc":{"start":{"line":295,"column":13},"end":{"line":295,"column":90}},"type":"binary-expr","locations":[{"start":{"line":295,"column":13},"end":{"line":295,"column":50}},{"start":{"line":295,"column":54},"end":{"line":295,"column":90}}],"line":295},"4":{"loc":{"start":{"line":302,"column":2},"end":{"line":304,"column":3}},"type":"if","locations":[{"start":{"line":302,"column":2},"end":{"line":304,"column":3}},{"start":{"line":302,"column":2},"end":{"line":304,"column":3}}],"line":302},"5":{"loc":{"start":{"line":306,"column":2},"end":{"line":311,"column":3}},"type":"if","locations":[{"start":{"line":306,"column":2},"end":{"line":311,"column":3}},{"start":{"line":306,"column":2},"end":{"line":311,"column":3}}],"line":306},"6":{"loc":{"start":{"line":306,"column":6},"end":{"line":306,"column":44}},"type":"binary-expr","locations":[{"start":{"line":306,"column":6},"end":{"line":306,"column":16}},{"start":{"line":306,"column":20},"end":{"line":306,"column":44}}],"line":306},"7":{"loc":{"start":{"line":313,"column":2},"end":{"line":318,"column":3}},"type":"if","locations":[{"start":{"line":313,"column":2},"end":{"line":318,"column":3}},{"start":{"line":313,"column":2},"end":{"line":318,"column":3}}],"line":313},"8":{"loc":{"start":{"line":322,"column":2},"end":{"line":326,"column":3}},"type":"if","locations":[{"start":{"line":322,"column":2},"end":{"line":326,"column":3}},{"start":{"line":322,"column":2},"end":{"line":326,"column":3}}],"line":322},"9":{"loc":{"start":{"line":323,"column":23},"end":{"line":323,"column":137}},"type":"binary-expr","locations":[{"start":{"line":323,"column":23},"end":{"line":323,"column":71}},{"start":{"line":323,"column":75},"end":{"line":323,"column":137}}],"line":323},"10":{"loc":{"start":{"line":328,"column":2},"end":{"line":331,"column":3}},"type":"if","locations":[{"start":{"line":328,"column":2},"end":{"line":331,"column":3}},{"start":{"line":328,"column":2},"end":{"line":331,"column":3}}],"line":328},"11":{"loc":{"start":{"line":333,"column":2},"end":{"line":337,"column":3}},"type":"if","locations":[{"start":{"line":333,"column":2},"end":{"line":337,"column":3}},{"start":{"line":333,"column":2},"end":{"line":337,"column":3}}],"line":333},"12":{"loc":{"start":{"line":362,"column":6},"end":{"line":373,"column":7}},"type":"if","locations":[{"start":{"line":362,"column":6},"end":{"line":373,"column":7}},{"start":{"line":362,"column":6},"end":{"line":373,"column":7}}],"line":362},"13":{"loc":{"start":{"line":411,"column":2},"end":{"line":413,"column":3}},"type":"if","locations":[{"start":{"line":411,"column":2},"end":{"line":413,"column":3}},{"start":{"line":411,"column":2},"end":{"line":413,"column":3}}],"line":411},"14":{"loc":{"start":{"line":415,"column":2},"end":{"line":421,"column":3}},"type":"if","locations":[{"start":{"line":415,"column":2},"end":{"line":421,"column":3}},{"start":{"line":415,"column":2},"end":{"line":421,"column":3}}],"line":415},"15":{"loc":{"start":{"line":416,"column":4},"end":{"line":418,"column":5}},"type":"if","locations":[{"start":{"line":416,"column":4},"end":{"line":418,"column":5}},{"start":{"line":416,"column":4},"end":{"line":418,"column":5}}],"line":416},"16":{"loc":{"start":{"line":425,"column":2},"end":{"line":427,"column":3}},"type":"if","locations":[{"start":{"line":425,"column":2},"end":{"line":427,"column":3}},{"start":{"line":425,"column":2},"end":{"line":427,"column":3}}],"line":425},"17":{"loc":{"start":{"line":431,"column":2},"end":{"line":433,"column":3}},"type":"if","locations":[{"start":{"line":431,"column":2},"end":{"line":433,"column":3}},{"start":{"line":431,"column":2},"end":{"line":433,"column":3}}],"line":431},"18":{"loc":{"start":{"line":469,"column":2},"end":{"line":473,"column":3}},"type":"if","locations":[{"start":{"line":469,"column":2},"end":{"line":473,"column":3}},{"start":{"line":469,"column":2},"end":{"line":473,"column":3}}],"line":469},"19":{"loc":{"start":{"line":519,"column":2},"end":{"line":521,"column":3}},"type":"if","locations":[{"start":{"line":519,"column":2},"end":{"line":521,"column":3}},{"start":{"line":519,"column":2},"end":{"line":521,"column":3}}],"line":519},"20":{"loc":{"start":{"line":523,"column":2},"end":{"line":525,"column":3}},"type":"if","locations":[{"start":{"line":523,"column":2},"end":{"line":525,"column":3}},{"start":{"line":523,"column":2},"end":{"line":525,"column":3}}],"line":523},"21":{"loc":{"start":{"line":536,"column":11},"end":{"line":536,"column":49}},"type":"binary-expr","locations":[{"start":{"line":536,"column":11},"end":{"line":536,"column":17}},{"start":{"line":536,"column":21},"end":{"line":536,"column":49}}],"line":536},"22":{"loc":{"start":{"line":539,"column":4},"end":{"line":541,"column":5}},"type":"if","locations":[{"start":{"line":539,"column":4},"end":{"line":541,"column":5}},{"start":{"line":539,"column":4},"end":{"line":541,"column":5}}],"line":539},"23":{"loc":{"start":{"line":539,"column":8},"end":{"line":539,"column":55}},"type":"binary-expr","locations":[{"start":{"line":539,"column":8},"end":{"line":539,"column":29}},{"start":{"line":539,"column":33},"end":{"line":539,"column":55}}],"line":539},"24":{"loc":{"start":{"line":549,"column":2},"end":{"line":561,"column":3}},"type":"if","locations":[{"start":{"line":549,"column":2},"end":{"line":561,"column":3}},{"start":{"line":549,"column":2},"end":{"line":561,"column":3}}],"line":549},"25":{"loc":{"start":{"line":552,"column":4},"end":{"line":560,"column":5}},"type":"if","locations":[{"start":{"line":552,"column":4},"end":{"line":560,"column":5}},{"start":{"line":552,"column":4},"end":{"line":560,"column":5}}],"line":552},"26":{"loc":{"start":{"line":555,"column":6},"end":{"line":559,"column":7}},"type":"if","locations":[{"start":{"line":555,"column":6},"end":{"line":559,"column":7}},{"start":{"line":555,"column":6},"end":{"line":559,"column":7}}],"line":555},"27":{"loc":{"start":{"line":572,"column":2},"end":{"line":574,"column":3}},"type":"if","locations":[{"start":{"line":572,"column":2},"end":{"line":574,"column":3}},{"start":{"line":572,"column":2},"end":{"line":574,"column":3}}],"line":572},"28":{"loc":{"start":{"line":600,"column":4},"end":{"line":604,"column":5}},"type":"if","locations":[{"start":{"line":600,"column":4},"end":{"line":604,"column":5}},{"start":{"line":600,"column":4},"end":{"line":604,"column":5}}],"line":600},"29":{"loc":{"start":{"line":613,"column":2},"end":{"line":620,"column":3}},"type":"if","locations":[{"start":{"line":613,"column":2},"end":{"line":620,"column":3}},{"start":{"line":613,"column":2},"end":{"line":620,"column":3}}],"line":613},"30":{"loc":{"start":{"line":616,"column":9},"end":{"line":620,"column":3}},"type":"if","locations":[{"start":{"line":616,"column":9},"end":{"line":620,"column":3}},{"start":{"line":616,"column":9},"end":{"line":620,"column":3}}],"line":616},"31":{"loc":{"start":{"line":699,"column":12},"end":{"line":699,"column":25}},"type":"binary-expr","locations":[{"start":{"line":699,"column":12},"end":{"line":699,"column":19}},{"start":{"line":699,"column":23},"end":{"line":699,"column":25}}],"line":699},"32":{"loc":{"start":{"line":702,"column":4},"end":{"line":719,"column":5}},"type":"if","locations":[{"start":{"line":702,"column":4},"end":{"line":719,"column":5}},{"start":{"line":702,"column":4},"end":{"line":719,"column":5}}],"line":702},"33":{"loc":{"start":{"line":723,"column":4},"end":{"line":725,"column":5}},"type":"if","locations":[{"start":{"line":723,"column":4},"end":{"line":725,"column":5}},{"start":{"line":723,"column":4},"end":{"line":725,"column":5}}],"line":723},"34":{"loc":{"start":{"line":734,"column":2},"end":{"line":736,"column":3}},"type":"if","locations":[{"start":{"line":734,"column":2},"end":{"line":736,"column":3}},{"start":{"line":734,"column":2},"end":{"line":736,"column":3}}],"line":734},"35":{"loc":{"start":{"line":738,"column":2},"end":{"line":740,"column":3}},"type":"if","locations":[{"start":{"line":738,"column":2},"end":{"line":740,"column":3}},{"start":{"line":738,"column":2},"end":{"line":740,"column":3}}],"line":738},"36":{"loc":{"start":{"line":742,"column":2},"end":{"line":744,"column":3}},"type":"if","locations":[{"start":{"line":742,"column":2},"end":{"line":744,"column":3}},{"start":{"line":742,"column":2},"end":{"line":744,"column":3}}],"line":742},"37":{"loc":{"start":{"line":746,"column":2},"end":{"line":748,"column":3}},"type":"if","locations":[{"start":{"line":746,"column":2},"end":{"line":748,"column":3}},{"start":{"line":746,"column":2},"end":{"line":748,"column":3}}],"line":746},"38":{"loc":{"start":{"line":746,"column":6},"end":{"line":746,"column":109}},"type":"binary-expr","locations":[{"start":{"line":746,"column":6},"end":{"line":746,"column":61}},{"start":{"line":746,"column":65},"end":{"line":746,"column":109}}],"line":746},"39":{"loc":{"start":{"line":756,"column":2},"end":{"line":758,"column":3}},"type":"if","locations":[{"start":{"line":756,"column":2},"end":{"line":758,"column":3}},{"start":{"line":756,"column":2},"end":{"line":758,"column":3}}],"line":756},"40":{"loc":{"start":{"line":764,"column":2},"end":{"line":764,"column":67}},"type":"if","locations":[{"start":{"line":764,"column":2},"end":{"line":764,"column":67}},{"start":{"line":764,"column":2},"end":{"line":764,"column":67}}],"line":764},"41":{"loc":{"start":{"line":788,"column":2},"end":{"line":794,"column":3}},"type":"if","locations":[{"start":{"line":788,"column":2},"end":{"line":794,"column":3}},{"start":{"line":788,"column":2},"end":{"line":794,"column":3}}],"line":788},"42":{"loc":{"start":{"line":796,"column":2},"end":{"line":805,"column":3}},"type":"if","locations":[{"start":{"line":796,"column":2},"end":{"line":805,"column":3}},{"start":{"line":796,"column":2},"end":{"line":805,"column":3}}],"line":796},"43":{"loc":{"start":{"line":807,"column":2},"end":{"line":816,"column":3}},"type":"if","locations":[{"start":{"line":807,"column":2},"end":{"line":816,"column":3}},{"start":{"line":807,"column":2},"end":{"line":816,"column":3}}],"line":807},"44":{"loc":{"start":{"line":821,"column":4},"end":{"line":823,"column":5}},"type":"if","locations":[{"start":{"line":821,"column":4},"end":{"line":823,"column":5}},{"start":{"line":821,"column":4},"end":{"line":823,"column":5}}],"line":821},"45":{"loc":{"start":{"line":851,"column":2},"end":{"line":853,"column":3}},"type":"if","locations":[{"start":{"line":851,"column":2},"end":{"line":853,"column":3}},{"start":{"line":851,"column":2},"end":{"line":853,"column":3}}],"line":851},"46":{"loc":{"start":{"line":855,"column":2},"end":{"line":857,"column":3}},"type":"if","locations":[{"start":{"line":855,"column":2},"end":{"line":857,"column":3}},{"start":{"line":855,"column":2},"end":{"line":857,"column":3}}],"line":855},"47":{"loc":{"start":{"line":859,"column":2},"end":{"line":861,"column":3}},"type":"if","locations":[{"start":{"line":859,"column":2},"end":{"line":861,"column":3}},{"start":{"line":859,"column":2},"end":{"line":861,"column":3}}],"line":859},"48":{"loc":{"start":{"line":863,"column":2},"end":{"line":866,"column":3}},"type":"if","locations":[{"start":{"line":863,"column":2},"end":{"line":866,"column":3}},{"start":{"line":863,"column":2},"end":{"line":866,"column":3}}],"line":863},"49":{"loc":{"start":{"line":868,"column":2},"end":{"line":870,"column":3}},"type":"if","locations":[{"start":{"line":868,"column":2},"end":{"line":870,"column":3}},{"start":{"line":868,"column":2},"end":{"line":870,"column":3}}],"line":868},"50":{"loc":{"start":{"line":872,"column":2},"end":{"line":874,"column":3}},"type":"if","locations":[{"start":{"line":872,"column":2},"end":{"line":874,"column":3}},{"start":{"line":872,"column":2},"end":{"line":874,"column":3}}],"line":872}},"s":{"0":3,"1":3,"2":3,"3":3,"4":3,"5":3,"6":3,"7":3,"8":3,"9":3,"10":3,"11":3,"12":3,"13":3,"14":3,"15":3,"16":3,"17":3,"18":3,"19":3,"20":3,"21":3,"22":3,"23":3,"24":3,"25":3,"26":3,"27":3,"28":3,"29":95,"30":95,"31":95,"32":95,"33":95,"34":95,"35":95,"36":95,"37":95,"38":3,"39":3,"40":56,"41":56,"42":56,"43":56,"44":1,"45":1,"46":1,"47":55,"48":1,"49":1,"50":1,"51":54,"52":52,"53":54,"54":2,"55":2,"56":2,"57":52,"58":2,"59":2,"60":2,"61":50,"62":50,"63":5,"64":5,"65":50,"66":0,"67":50,"68":3,"69":5,"70":50,"71":3300,"72":3300,"73":50,"74":50,"75":50,"76":50,"77":50,"78":1,"79":1,"80":1,"81":50,"82":50,"83":49,"84":49,"85":49,"86":49,"87":49,"88":1,"89":50,"90":2,"91":50,"92":1,"93":50,"94":1,"95":50,"96":0,"97":0,"98":3,"99":18,"100":1,"101":17,"102":2,"103":1,"104":2,"105":15,"106":15,"107":1,"108":14,"109":14,"110":0,"111":14,"112":25,"113":14,"114":3,"115":7,"116":7,"117":7,"118":3,"119":3,"120":4,"121":4,"122":4,"123":4,"124":3,"125":3,"126":3,"127":3,"128":3,"129":3,"130":2,"131":1,"132":3,"133":11,"134":11,"135":11,"136":11,"137":11,"138":10,"139":1,"140":3,"141":50,"142":1,"143":50,"144":8,"145":50,"146":3,"147":21,"148":10,"149":21,"150":35,"151":10,"152":3,"153":21,"154":21,"155":7,"156":7,"157":4,"158":4,"159":2,"160":2,"161":3,"162":0,"163":3,"164":49,"165":49,"166":46,"167":3,"168":3,"169":3,"170":3,"171":3,"172":3,"173":3,"174":3,"175":3,"176":3,"177":3,"178":3,"179":45,"180":45,"181":45,"182":7,"183":7,"184":2,"185":5,"186":5,"187":3,"188":49,"189":2,"190":2,"191":47,"192":2,"193":45,"194":3,"195":12,"196":12,"197":12,"198":11,"199":4,"200":4,"201":4,"202":4,"203":4,"204":4,"205":4,"206":4,"207":0,"208":0,"209":7,"210":11,"211":0,"212":11,"213":11,"214":3,"215":11,"216":4,"217":7,"218":1,"219":6,"220":3,"221":3,"222":1,"223":2,"224":3,"225":7,"226":7,"227":0,"228":3,"229":56,"230":1,"231":55,"232":55,"233":55,"234":3,"235":7,"236":7,"237":7,"238":7,"239":7,"240":7,"241":1,"242":7,"243":2,"244":2,"245":1,"246":7,"247":2,"248":2,"249":1,"250":7,"251":7,"252":7,"253":3,"254":4,"255":3,"256":1,"257":3,"258":7,"259":7,"260":11,"261":11,"262":1,"263":11,"264":4,"265":11,"266":4,"267":11,"268":4,"269":4,"270":11,"271":1,"272":11,"273":3,"274":11,"275":3},"f":{"0":95,"1":56,"2":5,"3":3300,"4":50,"5":1,"6":50,"7":2,"8":1,"9":1,"10":0,"11":0,"12":18,"13":25,"14":7,"15":4,"16":3,"17":2,"18":1,"19":11,"20":10,"21":1,"22":50,"23":21,"24":10,"25":35,"26":21,"27":0,"28":49,"29":3,"30":45,"31":49,"32":12,"33":11,"34":4,"35":0,"36":11,"37":11,"38":11,"39":7,"40":56,"41":7,"42":7,"43":1,"44":2,"45":1,"46":2,"47":1,"48":7,"49":7,"50":1,"51":7,"52":11},"b":{"0":[56,2],"1":[1,55],"2":[1,54],"3":[55,54],"4":[52,2],"5":[2,52],"6":[54,53],"7":[2,50],"8":[5,45],"9":[5,2],"10":[0,50],"11":[3,47],"12":[49,1],"13":[1,17],"14":[2,15],"15":[1,1],"16":[1,14],"17":[0,14],"18":[3,4],"19":[1,49],"20":[8,42],"21":[21,7],"22":[10,25],"23":[35,28],"24":[7,14],"25":[4,3],"26":[2,2],"27":[46,3],"28":[2,5],"29":[2,47],"30":[2,45],"31":[12,11],"32":[4,7],"33":[0,11],"34":[4,7],"35":[1,6],"36":[3,3],"37":[1,2],"38":[3,2],"39":[0,7],"40":[1,55],"41":[7,0],"42":[2,5],"43":[2,5],"44":[3,4],"45":[1,10],"46":[4,7],"47":[4,7],"48":[4,7],"49":[1,10],"50":[3,8]},"_coverageSchema":"1a1c01bbd47fc00a2c39e90264f33305004495a9","hash":"fecd532460da9de2f8a916aba0177b08cede5462"}
,"/home/admin/bt/braintree-web-drop-in/src/index.js": {"path":"/home/admin/bt/braintree-web-drop-in/src/index.js","statementMap":{"0":{"start":{"line":106,"column":13},"end":{"line":106,"column":32}},"1":{"start":{"line":107,"column":13},"end":{"line":107,"column":44}},"2":{"start":{"line":108,"column":26},"end":{"line":108,"column":65}},"3":{"start":{"line":109,"column":16},"end":{"line":109,"column":38}},"4":{"start":{"line":110,"column":16},"end":{"line":110,"column":42}},"5":{"start":{"line":111,"column":18},"end":{"line":111,"column":47}},"6":{"start":{"line":112,"column":14},"end":{"line":112,"column":38}},"7":{"start":{"line":113,"column":18},"end":{"line":113,"column":52}},"8":{"start":{"line":115,"column":14},"end":{"line":115,"column":27}},"9":{"start":{"line":552,"column":2},"end":{"line":554,"column":3}},"10":{"start":{"line":553,"column":4},"end":{"line":553,"column":81}},"11":{"start":{"line":556,"column":2},"end":{"line":586,"column":5}},"12":{"start":{"line":559,"column":4},"end":{"line":562,"column":8}},"13":{"start":{"line":564,"column":4},"end":{"line":564,"column":61}},"14":{"start":{"line":566,"column":4},"end":{"line":570,"column":5}},"15":{"start":{"line":567,"column":6},"end":{"line":567,"column":70}},"16":{"start":{"line":569,"column":6},"end":{"line":569,"column":66}},"17":{"start":{"line":572,"column":4},"end":{"line":585,"column":7}},"18":{"start":{"line":573,"column":6},"end":{"line":584,"column":9}},"19":{"start":{"line":577,"column":8},"end":{"line":581,"column":9}},"20":{"start":{"line":578,"column":10},"end":{"line":578,"column":22}},"21":{"start":{"line":580,"column":10},"end":{"line":580,"column":17}},"22":{"start":{"line":583,"column":8},"end":{"line":583,"column":26}},"23":{"start":{"line":590,"column":22},"end":{"line":590,"column":55}},"24":{"start":{"line":592,"column":2},"end":{"line":592,"column":70}},"25":{"start":{"line":593,"column":2},"end":{"line":593,"column":74}},"26":{"start":{"line":594,"column":2},"end":{"line":594,"column":58}},"27":{"start":{"line":596,"column":2},"end":{"line":598,"column":4}},"28":{"start":{"line":597,"column":4},"end":{"line":597,"column":25}},"29":{"start":{"line":600,"column":2},"end":{"line":600,"column":24}},"30":{"start":{"line":604,"column":0},"end":{"line":604,"column":134}},"31":{"start":{"line":606,"column":0},"end":{"line":613,"column":2}}},"fnMap":{"0":{"name":"create","decl":{"start":{"line":551,"column":9},"end":{"line":551,"column":15}},"loc":{"start":{"line":551,"column":25},"end":{"line":587,"column":1}},"line":551},"1":{"name":"(anonymous_1)","decl":{"start":{"line":558,"column":11},"end":{"line":558,"column":12}},"loc":{"start":{"line":558,"column":26},"end":{"line":563,"column":3}},"line":558},"2":{"name":"(anonymous_2)","decl":{"start":{"line":563,"column":10},"end":{"line":563,"column":11}},"loc":{"start":{"line":563,"column":36},"end":{"line":586,"column":3}},"line":563},"3":{"name":"(anonymous_3)","decl":{"start":{"line":572,"column":23},"end":{"line":572,"column":24}},"loc":{"start":{"line":572,"column":50},"end":{"line":585,"column":5}},"line":572},"4":{"name":"(anonymous_4)","decl":{"start":{"line":576,"column":21},"end":{"line":576,"column":22}},"loc":{"start":{"line":576,"column":46},"end":{"line":584,"column":7}},"line":576},"5":{"name":"setAnalyticsIntegration","decl":{"start":{"line":589,"column":9},"end":{"line":589,"column":32}},"loc
[...]
},"40":{"start":{"line":81,"column":24},"end":{"line":81,"column":27}},"41":{"start":{"line":83,"column":4},"end":{"line":92,"column":5}},"42":{"start":{"line":84,"column":6},"end":{"line":84,"column":25}},"43":{"start":{"line":85,"column":6},"end":{"line":85,"column":39}},"44":{"start":{"line":86,"column":11},"end":{"line":92,"column":5}},"45":{"start":{"line":87,"column":6},"end":{"line":87,"column":77}},"46":{"start":{"line":89,"column":6},"end":{"line":89,"column":13}},"47":{"start":{"line":90,"column":11},"end":{"line":92,"column":5}},"48":{"start":{"line":91,"column":6},"end":{"line":91,"column":75}},"49":{"start":{"line":94,"column":4},"end":{"line":94,"column":42}},"50":{"start":{"line":98,"column":0},"end":{"line":100,"column":2}},"51":{"start":{"line":99,"column":2},"end":{"line":99,"column":43}},"52":{"start":{"line":102,"column":0},"end":{"line":127,"column":2}},"53":{"start":{"line":103,"column":29},"end":{"line":103,"column":83}},"54":{"start":{"line":105,"column":2},"end":{"line":107,"column":3}},"55":{"start":{"line":106,"column":4},"end":{"line":106,"column":34}},"56":{"start":{"line":109,"column":2},"end":{"line":126,"column":5}},"57":{"start":{"line":110,"column":4},"end":{"line":115,"column":5}},"58":{"start":{"line":111,"column":6},"end":{"line":114,"column":9}},"59":{"start":{"line":117,"column":4},"end":{"line":117,"column":29}},"60":{"start":{"line":119,"column":25},"end":{"line":119,"column":61}},"61":{"start":{"line":121,"column":4},"end":{"line":123,"column":7}},"62":{"start":{"line":125,"column":4},"end":{"line":125,"column":36}},"63":{"start":{"line":130,"column":2},"end":{"line":132,"column":5}},"64":{"start":{"line":135,"column":0},"end":{"line":135,"column":31}}},"fnMap":{"0":{"name":"GooglePayView","decl":{"start":{"line":12,"column":9},"end":{"line":12,"column":22}},"loc":{"start":{"line":12,"column":25},"end":{"line":14,"column":1}},"line":12},"1":{"name":"(anonymous_1)","decl":{"start":{"line":20,"column":37},"end":{"line":20,"column":38}},"loc":{"start":{"line":20,"column":49},"end":{"line":66,"column":1}},"line":20},"2":{"name":"(anonymous_2)","decl":{"start":{"line":34,"column":13},"end":{"line":34,"column":14}},"loc":{"start":{"line":34,"column":30},"end":{"line":42,"column":5}},"line":34},"3":{"name":"(anonymous_3)","decl":{"start":{"line":39,"column":27},"end":{"line":39,"column":28}},"loc":{"start":{"line":39,"column":39},"end":{"line":41,"column":7}},"line":39},"4":{"name":"(anonymous_4)","decl":{"start":{"line":51,"column":10},"end":{"line":51,"column":11}},"loc":{"start":{"line":51,"column":39},"end":{"line":54,"column":3}},"line":51},"5":{"name":"(anonymous_5)","decl":{"start":{"line":54,"column":10},"end":{"line":54,"column":11}},"loc":{"start":{"line":54,"column":22},"end":{"line":60,"column":3}},"line":54},"6":{"name":"(anonymous_6)","decl":{"start":{"line":60,"column":11},"end":{"line":60,"column":12}},"loc":{"start":{"line":60,"column":26},"end":{"line":65,"column":3}},"line":60},"7":{"name":"(anonymous_7)","decl":{"start":{"line":68,"column":35},"end":{"line":68,"column":36}},"loc":{"start":{"line":68,"column":47},"end":{"line":96,"column":1}},"line":68},"8":{"name":"(anonymous_8)","decl":{"start":{"line":73,"column":70},"end":{"line":73,"column":71}},"loc":{"start":{"line":73,"column":93},"end":{"line":77,"column":3}},"line":73},"9":{"name":"(anonymous_9)","decl":{"start":{"line":77,"column":10},"end":{"line":77,"column":11}},"loc":{"start":{"line":77,"column":37},"end":{"line":80,"column":3}},"line":77},"10":{"name":"(anonymous_10)","decl":{"start":{"line":80,"column":11},"end":{"line":80,"column":12}},"loc":{"start":{"line":80,"column":26},"end":{"line":95,"column":3}},"line":80},"11":{"name":"(anonymous_11)","decl":{"start":{"line":98,"column":46},"end":{"line":98,"column":47}},"loc":{"start":{"line":98,"column":68},"end":{"line":100,"column":1}},"line":98},"12":{"name":"(anonymous_12)","decl":{"start":{"line":102,"column":26},"end":{"line":102,"column":27}},"loc":{"start":{"line":102,"column":45},"end":{"line":127,"column":1}},"line":102},"13":{"name":"(anonymous_13)","decl":{"start":{"line":109,"column":32},"end":{"line":109,"column":33}},"loc":{"start":{"line":109,"column":44},"end":{"line":118,"column":3}},"line":109},"14":{"name":"(anonymous_14)","decl":{"start":{"line":118,"column":10},"end":{"line":118,"column":11}},"loc":{"start":{"line":118,"column":22},"end":{"line":124,"column":3}},"line":118},"15":{"name":"(anonymous_15)","decl":{"start":{"line":124,"column":10},"end":{"line":124,"column":11}},"loc":{"start":{"line":124,"column":30},"end":{"line":126,"column":3}},"line":124},"16":{"name":"createPaymentsClient","decl":{"start":{"line":129,"column":9},"end":{"line":129,"column":29}},"loc":{"start":{"line":129,"column":38},"end":{"line":133,"column":1}},"line":129}},"branchMap":{"0":{"loc":{"start":{"line":83,"column":4},"end":{"line":92,"column":5}},"type":"if","locations":[{"start":{"line":83,"column":4},"end":{"line":92,"column":5}},{"start":{"line":83,"column":4},"end":{"line":92,"column":5}}],"line":83},"1":{"loc":{"start":{"line":86,"column":11},"end":{"line":92,"column":5}},"type":"if","locations":[{"start":{"line":86,"column":11},"end":{"line":92,"column":5}},{"start":{"line":86,"column":11},"end":{"line":92,"column":5}}],"line":86},"2":{"loc":{"start":{"line":90,"column":11},"end":{"line":92,"column":5}},"type":"if","locations":[{"start":{"line":90,"column":11},"end":{"line":92,"column":5}},{"start":{"line":90,"column":11},"end":{"line":92,"column":5}}],"line":90},"3":{"loc":{"start":{"line":105,"column":2},"end":{"line":107,"column":3}},"type":"if","locations":[{"start":{"line":105,"column":2},"end":{"line":107,"column":3}},{"start":{"line":105,"column":2},"end":{"line":107,"column":3}}],"line":105},"4":{"loc":{"start":{"line":105,"column":8},"end":{"line":105,"column":91}},"type":"binary-expr","locations":[{"start":{"line":105,"column":8},"end":{"line":105,"column":39}},{"start":{"line":105,"column":43},"end":{"line":105,"column":91}}],"line":105},"5":{"loc":{"start":{"line":110,"column":4},"end":{"line":115,"column":5}},"type":"if","locations":[{"start":{"line":110,"column":4},"end":{"line":115,"column":5}},{"start":{"line":110,"column":4},"end":{"line":115,"column":5}}],"line":110},"6":{"loc":{"start":{"line":110,"column":10},"end":{"line":110,"column":124}},"type":"binary-expr","locations":[{"start":{"line":110,"column":10},"end":{"line":110,"column":23}},{"start":{"line":110,"column":27},"end":{"line":110,"column":49}},{"start":{"line":110,"column":53},"end":{"line":110,"column":79}},{"start":{"line":110,"column":83},"end":{"line":110,"column":124}}],"line":110},"7":{"loc":{"start":{"line":131,"column":17},"end":{"line":131,"column":116}},"type":"cond-expr","locations":[{"start":{"line":131,"column":95},"end":{"line":131,"column":107}},{"start":{"line":131,"column":110},"end":{"line":131,"column":116}}],"line":131}},"s":{"0":17,"1":17,"2":17,"3":17,"4":17,"5":17,"6":17,"7":17,"8":67,"9":17,"10":17,"11":17,"12":17,"13":66,"14":66,"15":66,"16":66,"17":66,"18":66,"19":66,"20":2,"21":2,"22":2,"23":2,"24":66,"25":66,"26":65,"27":65,"28":25,"29":25,"30":23,"31":43,"32":17,"33":13,"34":13,"35":13,"36":5,"37":5,"38":4,"39":4,"40":9,"41":9,"42":3,"43":3,"44":6,"45":2,"46":2,"47":4,"48":1,"49":7,"50":17,"51":1,"52":17,"53":336,"54":336,"55":330,"56":6,"57":6,"58":2,"59":4,"60":6,"61":6,"62":6,"63":71,"64":17},"f":{"0":67,"1":66,"2":2,"3":2,"4":65,"5":25,"6":43,"7":13,"8":5,"9":4,"10":9,"11":1,"12":336,"13":6,"14":6,"15":6,"16":71},"b":{"0":[3,6],"1":[2,4],"2":[1,3],"3":[330,6],"4":[336,335],"5":[2,4],"6":[6,5,5,5],"7":[1,30]},"_coverageSchema":"1a1c01bbd47fc00a2c39e90264f33305004495a9","hash":"07468644cdfe13867fcf2f09de21183ad24a75f0"}
,"/home/admin/bt/braintree-web-drop-in/src/views/payment-sheet-views/index.js": {"path":"/home/admin/bt/braintree-web-drop-in/src/views/payment-sheet-views/index.js","statementMap":{"0":{"start":{"line":3,"column":23},"end":{"line":3,"column":66}},"1":{"start":{"line":5,"column":13},"end":{"line":5,"column":15}},"2":{"start":{"line":7,"column":0},"end":{"line":7,"column":64}},"3":{"start":{"line":8,"column":0},"end":{"line":8,"column":55}},"4":{"start":{"line":9,"column":0},"end":{"line":9,"column":66}},"5":{"start":{"line":10,"column":0},"end":{"line":10,"column":59}},"6":{"start":{"line":11,"column":0},"end":{"line":11,"column":72}},"7":{"start":{"line":12,"column":0},"end":{"line":12,"column":57}},"8":{"start":{"line":14,"column":0},"end":{"line":14,"column":24}}},"fnMap":{},"branchMap":{},"s":{"0":17,"1":17,"2":17,"3":17,"4":17,"5":17,"6":17,"7":17,"8":17},"f":{},"b":{},"_coverageSchema":"1a1c01bbd47fc00a2c39e90264f33305004495a9","hash":"027f38354a3c94203b9ab13cf99396356516971f"}
,"/home/admin/bt/braintree-web-drop-in/src/views/payment-sheet-views/paypal-credit-view.js": {"path":"/home/admin/bt/braintree-web-drop-in/src/views/payment-sheet-views/paypal-credit-view.js","statementMap":{"0":{"start":{"line":3,"column":13},"end":{"line":3,"column":47}},"1":{"start":{"line":4,"column":14},"end":{"line":4,"column":42}},"2":{"start":{"line":5,"column":23},"end":{"line":5,"column":66}},"3":{"start":{"line":6,"column":21},"end":{"line":6,"column":50}},"4":{"start":{"line":9,"column":2},"end":{"line":9,"column":40}},"5":{"start":{"line":11,"column":2},"end":{"line":11,"column":30}},"6":{"start":{"line":14,"column":0},"end":{"line":14,"column":69}},"7":{"start":{"line":15,"column":0},"end":{"line":15,"column":58}},"8":{"start":{"line":16,"column":0},"end":{"line":16,"column":84}},"9":{"start":{"line":18,"column":0},"end":{"line":26,"column":2}},"10":{"start":{"line":19,"column":2},"end":{"line":21,"column":3}},"11":{"start":{"line":20,"column":4},"end":{"line":20,"column":34}},"12":{"start":{"line":23,"column":2},"end":{"line":25,"column":15}},"13":{"start":{"line":27,"column":0},"end":{"line":27,"column":34}}},"fnMap":{"0":{"name":"PayPalCreditView","decl":{"start":{"line":8,"column":9},"end":{"line":8,"column":25}},"loc":{"start":{"line":8,"column":28},"end":{"line":12,"column":1}},"line":8},"1":{"name":"(anonymous_1)","decl":{"start":{"line":18,"column":29},"end":{"line":18,"column":30}},"loc":{"start":{"line":18,"column":48},"end":{"line":26,"column":1}},"line":18}},"branchMap":{"0":{"loc":{"start":{"line":19,"column":2},"end":{"line":21,"column":3}},"type":"if","locations":[{"start":{"line":19,"column":2},"end":{"line":21,"column":3}},{"start":{"line":19,"column":2},"end":{"line":21,"column":3}}],"line":19}},"s":{"0":18,"1":18,"2":18,"3":18,"4":41,"5":41,"6":18,"7":18,"8":18,"9":18,"10":331,"11":329,"12":2,"13":18},"f":{"0":41,"1":331},"b":{"0":[329,2]},"_coverageSchema":"1a1c01bbd47fc00a2c39e90264f33305004495a9","hash":"c019c4bb31c5f3f2a914a6557d057d0bf6ce52e3"}
,"/home/admin/bt/braintree-web-drop-in/src/views/payment-sheet-views/paypal-view.js": {"path":"/home/admin/bt/braintree-web-drop-in/src/views/payment-sheet-views/paypal-view.js","statementMap":{"0":{"start":{"line":3,"column":13},"end":{"line":3,"column":47}},"1":{"start":{"line":4,"column":14},"end":{"line":4,"column":42}},"2":{"start":{"line":5,"column":23},"end":{"line":5,"column":66}},"3":{"start":{"line":6,"column":21},"end":{"line":6,"column":50}},"4":{"start":{"line":9,"column":2},"end":{"line":9,"column":40}},"5":{"start":{"line":12,"column":0},"end":{"line":12,"column":63}},"6":{"start":{"line":13,"column":0},"end":{"line":13,"column":46}},"7":{"start":{"line":14,"column":0},"end":{"line":14,"column":66}},"8":{"start":{"line":16,"column":0},"end":{"line":24,"column":2}},"9":{"start":{"line":17,"column":2},"end":{"line":19,"column":3}},"10":{"start":{"line":18,"column":4},"end":{"line":18,"column":34}},"11":{"start":{"line":21,"column":2},"end":{"line":23,"column":15}},"12":{"start":{"line":26,"column":0},"end":{"line":26,"column":28}}},"fnMap":{"0":{"name":"PayPalView","decl":{"start":{"line":8,"column":9},"end":{"line":8,"column":19}},"loc":{"start":{"line":8,"column":22},"end":{"line":10,"column":1}},"line":8},"1":{"name":"(anonymous_1)","decl":{"start":{"line":16,"column":23},"end":{"line":16,"column":24}},"loc":{"start":{"line":16,"column":42},"end":{"line":24,"column":1}},"line":16}},"branchMap":{"0":{"loc":{"start":{"line":17,"column":2},"end":{"line":19,"column":3}},"type":"if","locations":[{"start":{"line":17,"column":2},"end":{"line":19,"column":3}},{"start":{"line":17,"column":2},"end":{"line":19,"column":3}}],"line":17}},"s":{"0":18,"1":18,"2":18,"3":18,"4":56,"5":18,"6":18,"7":18,"8":18,"9":310,"10":304,"11":6,"12":18},"f":{"0":56,"1":310},"b":{"0":[304,6]},"_coverageSchema":"1a1c01bbd47fc00a2c39e90264f33305004495a9","hash":"86caede730c44c39f03e90601231dde80079bacf"}
,"/home/admin/bt/braintree-web-drop-in/src/views/payment-sheet-views/venmo-view.js": {"path":"/home/admin/bt/braintree-web-drop-in/src/views/payment-sheet-views/venmo-view.js","statementMap":{"0":{"start":{"line":3,"column":13},"end":{"line":3,"column":47}},"1":{"start":{"line":4,"column":15},"end":{"line":4,"column":38}},"2":{"start":{"line":5,"column":14},"end":{"line":5,"column":44}},"3":{"start":{"line":6,"column":18},"end":{"line":6,"column":51}},"4":{"start":{"line":7,"column":14},"end":{"line":7,"column":42}},"5":{"start":{"line":8,"column":23},"end":{"line":8,"column":66}},"6":{"start":{"line":11,"column":2},"end":{"line":11,"column":34}},"7":{"start":{"line":14,"column":0},"end":{"line":14,"column":56}},"8":{"start":{"line":15,"column":0},"end":{"line":15,"column":44}},"9":{"start":{"line":16,"column":0},"end":{"line":16,"column":63}},"10":{"start":{"line":18,"column":0},"end":{"line":67,"column":2}},"11":{"start":{"line":19,"column":13},"end":{"line":19,"column":17}},"12":{"start":{"line":20,"column":27},"end":{"line":20,"column":100}},"13":{"start":{"line":22,"column":2},"end":{"line":22,"column":39}},"14":{"start":{"line":24,"column":2},"end":{"line":66,"column":5}},"15":{"start":{"line":25,"column":4},"end":{"line":25,"column":39}},"16":{"start":{"line":27,"column":4},"end":{"line":29,"column":5}},"17":{"start":{"line":28,"column":6},"end":{"line":28,"column":31}},"18":{"start":{"line":31,"column":4},"end":{"line":38,"column":7}},"19":{"start":{"line":32,"column":6},"end":{"line":32,"column":49}},"20":{"start":{"line":34,"column":6},"end":{"line":36,"column":7}},"21":{"start":{"line":35,"column":8},"end":{"line":35,"column":15}},"22":{"start":{"line":37,"column":6},"end":{"line":37,"column":67}},"23":{"start":{"line":40,"column":17},"end":{"line":40,"column":52}},"24":{"start":{"line":42,"column":4},"end":{"line":58,"column":7}},"25":{"start":{"line":43,"column":6},"end":{"line":43,"column":29}},"26":{"start":{"line":45,"column":6},"end":{"line":45,"column":31}},"27":{"start":{"line":47,"column":6},"end":{"line":57,"column":9}},"28":{"start":{"line":48,"column":8},"end":{"line":48,"column":45}},"29":{"start":{"line":50,"column":8},"end":{"line":52,"column":9}},"30":{"start":{"line":51,"column":10},"end":{"line":51,"column":17}},"31":{"start":{"line":54,"column":8},"end":{"line":54,"column":44}},"32":{"start":{"line":56,"column":8},"end":{"line":56,"column":31}},"33":{"start":{"line":60,"column":4},"end":{"line":60,"column":38}},"34":{"start":{"line":62,"column":4},"end":{"line":65,"column":7}},"35":{"start":{"line":69,"column":0},"end":{"line":74,"column":2}},"36":{"start":{"line":73,"column":2},"end":{"line":73,"column":45}},"37":{"start":{"line":76,"column":0},"end":{"line":85,"column":2}},"38":{"start":{"line":77,"column":29},"end":{"line":77,"column":83}},"39":{"start":{"line":78,"column":21},"end":{"line":78,"column":102}},"40":{"start":{"line":80,"column":2},"end":{"line":82,"column":3}},"41":{"start":{"line":81,"column":4},"end":{"line":81,"column":34}},"42":{"start":{"line":84,"column":2},"end":{"line":84,"column":90}},"43":{"start":{"line":87,"column":0},"end":{"line":87,"column":27}}},"fnMap":{"0":{"name":"VenmoView","decl":{"start":{"line":10,"column":9},"end":{"line":10,"column":18}},"loc":{"start":{"line":10,"column":21},"end":{"line":12,"column":1}},"line":10},"1":{"name":"(anonymous_1)","decl":{"start":{"line":18,"column":33},"end":{"line":18,"column":34}},"loc":{"start":{"line":18,"column":45},"end":{"line":67,"column":1}},"line":18},"2":{"name":"(anonymous_2)","decl":{"start":{"line":24,"column":49},"end":{"line":24,"column":50}},"loc":{"start":{"line":24,"column":74},"end":{"line":39,"column":3}},"line":24},"3":{"name":"(anonymous_3)","decl":{"start":{"line":31,"column":46},"end":{"line":31,"column":47}},"loc":{"start":{"line":31,"column":65},"end":{"line":33,"column":5}},"line":31},"4":{"name":"(anonymous_4)","decl":{"start":{"line":33,"column":13},"end":{"line":33,"column":14}},"loc":{"start":{"line":33,"column":28},"end":{"line":38,"column":5}},"line":33},"5":{"name":"(anonymous_5)","decl":{"start":{"line":39,"column":10},"end":{"line":39,"column":11}},"loc":{"start":{"line":39,"column":22},"end":{"line":61,"column":3}},"line":39},"6":{"name":"(anonymous_6)","decl":{"start":{"line":42,"column":37},"end":{"line":42,"column":38}},"loc":{"start":{"line":42,"column":54},"end":{"line":58,"column":5}},"line":42},"7":{"name":"(anonymous_7)","decl":{"start":{"line":47,"column":48},"end":{"line":47,"column":49}},"loc":{"start":{"line":47,"column":67},"end":{"line":49,"column":7}},"line":47},"8":{"name":"(anonymous_8)","decl":{"start":{"line":49,"column":15},"end":{"line":49,"column":16}},"loc":{"start":{"line":49,"column":38},"end":{"line":55,"column":7}},"line":49},"9":{"name":"(anonymous_9)","decl":{"start":{"line":55,"column":14},"end":{"line":55,"column":15}},"loc":{"start":{"line":55,"column":26},"end":{"line":57,"column":7}},"line":55},"10":{"name":"(anonymous_10)","decl":{"start":{"line":61,"column":11},"end":{"line":61,"column":12}},"loc":{"start":{"line":61,"column":26},"end":{"line":66,"column":3}},"line":61},"11":{"name":"(anonymous_11)","decl":{"start":{"line":69,"column":40},"end":{"line":69,"column":41}},"loc":{"start":{"line":69,"column":57},"end":{"line":74,"column":1}},"line":69},"12":{"name":"(anonymous_12)","decl":{"start":{"line":76,"column":22},"end":{"line":76,"column":23}},"loc":{"start":{"line":76,"column":41},"end":{"line":85,"column":1}},"line":76}},"branchMap":{"0":{"loc":{"start":{"line":27,"column":4},"end":{"line":29,"column":5}},"type":"if","locations":[{"start":{"line":27,"column":4},"end":{"line":29,"column":5}},{"start":{"line":27,"column":4},"end":{"line":29,"column":5}}],"line":27},"1":{"loc":{"start":{"line":34,"column":6},"end":{"line":36,"column":7}},"type":"if","locations":[{"start":{"line":34,"column":6},"end":{"line":36,"column":7}},{"start":{"line":34,"column":6},"end":{"line":36,"column":7}}],"line":34},"2":{"loc":{"start":{"line":50,"column":8},"end":{"line":52,"column":9}},"type":"if","locations":[{"start":{"line":50,"column":8},"end":{"line":52,"column":9}},{"start":{"line":50,"column":8},"end":{"line":52,"column":9}}],"line":50},"3":{"loc":{"start":{"line":78,"column":21},"end":{"line":78,"column":102}},"type":"binary-expr","locations":[{"start":{"line":78,"column":21},"end":{"line":78,"column":54}},{"start":{"line":78,"column":58},"end":{"line":78,"column":102}}],"line":78},"4":{"loc":{"start":{"line":80,"column":2},"end":{"line":82,"column":3}},"type":"if","locations":[{"start":{"line":80,"column":2},"end":{"line":82,"column":3}},{"start":{"line":80,"column":2},"end":{"line":82,"column":3}}],"line":80}},"s":{"0":17,"1":17,"2":17,"3":17,"4":17,"5":17,"6":59,"7":17,"8":17,"9":17,"10":17,"11":54,"12":54,"13":54,"14":54,"15":53,"16":53,"17":50,"18":3,"19":1,"20":2,"21":1,"22":1,"23":53,"24":53,"25":4,"26":4,"27":4,"28":2,"29":2,"30":1,"31":1,"32":4,"33":53,"34":1,"35":17,"36":4,"37":17,"38":332,"39":332,"40":332,"41":330,"42":2,"43":17},"f":{"0":59,"1":54,"2":53,"3":1,"4":2,"5":53,"6":4,"7":2,"8":2,"9":4,"10":1,"11":4,"12":332},"b":{"0":[50,3],"1":[1,1],"2":[1,1],"3":[332,331],"4":[330,2]},"_coverageSchema":"1a1c01bbd47fc00a2c39e90264f33305004495a9","hash":"06fea687c9d2493d8829846f9cb5135e9f0d89c0"}
}
