TN:
SF:src/constants.js
FNF:0
FNH:0
DA:3,22
LF:1
LH:1
BRF:0
BRH:0
end_of_record
TN:
SF:src/dropin-model.js
FN:28,DropinModel
FN:45,(anonymous_1)
FN:50,(anonymous_2)
FN:54,(anonymous_3)
FN:58,(anonymous_4)
FN:64,(anonymous_5)
FN:68,(anonymous_6)
FN:72,(anonymous_7)
FN:78,(anonymous_8)
FN:89,(anonymous_9)
FN:92,(anonymous_10)
FN:99,(anonymous_11)
FN:104,(anonymous_12)
FN:109,(anonymous_13)
FN:117,(anonymous_14)
FN:123,(anonymous_15)
FN:129,(anonymous_16)
FN:134,(anonymous_17)
FN:138,(anonymous_18)
FN:143,(anonymous_19)
FN:163,(anonymous_20)
FN:189,(anonymous_21)
FN:197,(anonymous_22)
FN:201,(anonymous_23)
FN:205,(anonymous_24)
FN:209,(anonymous_25)
FN:216,(anonymous_26)
FN:220,(anonymous_27)
FN:226,(anonymous_28)
FN:235,(anonymous_29)
FN:241,(anonymous_30)
FN:245,(anonymous_31)
FN:249,(anonymous_32)
FN:253,(anonymous_33)
FN:257,(anonymous_34)
FN:261,(anonymous_35)
FN:269,(anonymous_36)
FN:274,(anonymous_37)
FN:278,(anonymous_38)
FN:284,(anonymous_39)
FN:290,(anonymous_40)
FN:299,(anonymous_41)
FN:300,(anonymous_42)
FN:305,(anonymous_43)
FN:310,(anonymous_44)
FN:311,(anonymous_45)
FN:321,(anonymous_46)
FN:326,getSupportedPaymentOptions
FN:335,(anonymous_48)
FN:337,(anonymous_49)
FN:341,(anonymous_50)
FN:342,(anonymous_51)
FN:350,(anonymous_52)
FN:354,getPaymentOption
FN:355,(anonymous_54)
FN:363,isPaymentOptionEnabled
FN:373,(anonymous_56)
FN:381,canShowVaultedPaymentMethodType
FNF:58
FNH:58
FNDA:557,DropinModel
FNDA:365,(anonymous_1)
FNDA:365,(anonymous_2)
FNDA:362,(anonymous_3)
FNDA:362,(anonymous_4)
FNDA:61,(anonymous_5)
FNDA:446,(anonymous_6)
FNDA:28,(anonymous_7)
FNDA:4,(anonymous_8)
FNDA:10,(anonymous_9)
FNDA:10,(anonymous_10)
FNDA:49,(anonymous_11)
FNDA:235,(anonymous_12)
FNDA:3,(anonymous_13)
FNDA:8,(anonymous_14)
FNDA:4,(anonymous_15)
FNDA:9,(anonymous_16)
FNDA:85,(anonymous_17)
FNDA:1,(anonymous_18)
FNDA:440,(anonymous_19)
FNDA:440,(anonymous_20)
FNDA:506,(anonymous_21)
FNDA:1,(anonymous_22)
FNDA:16,(anonymous_23)
FNDA:1,(anonymous_24)
FNDA:1,(anonymous_25)
FNDA:436,(anonymous_26)
FNDA:237,(anonymous_27)
FNDA:192,(anonymous_28)
FNDA:428,(anonymous_29)
FNDA:4,(anonymous_30)
FNDA:14,(anonymous_31)
FNDA:260,(anonymous_32)
FNDA:10,(anonymous_33)
FNDA:40,(anonymous_34)
FNDA:7,(anonymous_35)
FNDA:1,(anonymous_36)
FNDA:7,(anonymous_37)
FNDA:7,(anonymous_38)
FNDA:2,(anonymous_39)
FNDA:92,(anonymous_40)
FNDA:24,(anonymous_41)
FNDA:14,(anonymous_42)
FNDA:1,(anonymous_43)
FNDA:24,(anonymous_44)
FNDA:125,(anonymous_45)
FNDA:22,(anonymous_46)
FNDA:365,getSupportedPaymentOptions
FNDA:2174,(anonymous_48)
FNDA:2173,(anonymous_49)
FNDA:364,(anonymous_50)
FNDA:2170,(anonymous_51)
FNDA:542,(anonymous_52)
FNDA:2173,getPaymentOption
FNDA:2172,(anonymous_54)
FNDA:2173,isPaymentOptionEnabled
FNDA:3,(anonymous_56)
FNDA:125,canShowVaultedPaymentMethodType
DA:3,17
DA:4,17
DA:5,17
DA:6,17
DA:7,17
DA:8,17
DA:9,17
DA:10,17
DA:11,17
DA:12,17
DA:14,17
DA:19,17
DA:29,557
DA:30,557
DA:32,557
DA:34,557
DA:35,557
DA:36,557
DA:37,557
DA:38,557
DA:40,557
DA:43,17
DA:45,17
DA:46,365
DA:48,365
DA:51,365
DA:53,365
DA:55,362
DA:57,362
DA:59,362
DA:60,362
DA:64,17
DA:65,61
DA:68,17
DA:69,446
DA:72,17
DA:73,28
DA:74,28
DA:75,28
DA:78,17
DA:79,4
DA:81,4
DA:82,2
DA:85,2
DA:86,2
DA:89,17
DA:90,10
DA:92,10
DA:93,10
DA:95,10
DA:99,17
DA:100,49
DA:101,49
DA:104,17
DA:105,235
DA:106,235
DA:109,17
DA:110,3
DA:111,3
DA:112,3
DA:117,17
DA:118,8
DA:123,17
DA:124,4
DA:125,4
DA:126,4
DA:129,17
DA:130,9
DA:131,9
DA:134,17
DA:135,85
DA:138,17
DA:139,1
DA:140,1
DA:143,17
DA:144,440
DA:145,440
DA:146,440
DA:148,440
DA:153,422
DA:156,18
DA:157,10
DA:160,8
DA:163,17
DA:164,440
DA:165,440
DA:170,440
DA:172,440
DA:173,22
DA:175,418
DA:178,440
DA:179,432
DA:182,8
DA:183,6
DA:185,2
DA:189,17
DA:194,506
DA:197,17
DA:198,1
DA:201,17
DA:202,16
DA:205,17
DA:206,1
DA:209,17
DA:210,1
DA:216,17
DA:217,436
DA:220,17
DA:221,237
DA:222,237
DA:223,237
DA:226,17
DA:227,192
DA:228,1
DA:230,191
DA:231,191
DA:232,191
DA:235,17
DA:236,428
DA:237,293
DA:241,17
DA:242,4
DA:245,17
DA:246,14
DA:249,17
DA:250,260
DA:253,17
DA:254,10
DA:257,17
DA:258,40
DA:261,17
DA:262,7
DA:263,7
DA:266,7
DA:268,7
DA:269,6
DA:270,1
DA:274,7
DA:275,7
DA:277,7
DA:279,7
DA:280,7
DA:284,17
DA:285,2
DA:287,2
DA:290,17
DA:291,92
DA:293,92
DA:294,67
DA:297,25
DA:300,24
DA:301,14
DA:303,14
DA:306,1
DA:310,17
DA:311,24
DA:312,125
DA:314,125
DA:315,62
DA:318,125
DA:321,24
DA:322,22
DA:327,365
DA:330,365
DA:331,0
DA:335,2174
DA:337,365
DA:338,2173
DA:341,365
DA:342,364
DA:343,2170
DA:346,364
DA:347,2
DA:350,542
DA:355,2173
DA:356,2172
DA:364,2173
DA:366,2173
DA:367,1
DA:370,2172
DA:374,3
DA:375,3
DA:377,3
DA:382,125
DA:385,17
LF:185
LH:184
BRDA:81,0,0,2
BRDA:81,0,1,2
BRDA:145,1,0,440
BRDA:145,1,1,20
BRDA:148,2,0,422
BRDA:148,2,1,18
BRDA:156,3,0,10
BRDA:156,3,1,8
BRDA:156,4,0,18
BRDA:156,4,1,12
BRDA:156,4,2,8
BRDA:172,5,0,22
BRDA:172,5,1,418
BRDA:173,6,0,22
BRDA:173,6,1,18
BRDA:178,7,0,432
BRDA:178,7,1,8
BRDA:182,8,0,6
BRDA:182,8,1,2
BRDA:227,9,0,1
BRDA:227,9,1,191
BRDA:236,10,0,293
BRDA:236,10,1,135
BRDA:268,11,0,6
BRDA:268,11,1,1
BRDA:293,12,0,67
BRDA:293,12,1,25
BRDA:314,13,0,62
BRDA:314,13,1,63
BRDA:327,14,0,365
BRDA:327,14,1,361
BRDA:330,15,0,0
BRDA:330,15,1,365
BRDA:346,16,0,2
BRDA:346,16,1,362
BRDA:366,17,0,1
BRDA:366,17,1,2172
BRDA:382,18,0,125
BRDA:382,18,1,125
BRF:39
BRH:38
end_of_record
TN:
SF:src/dropin.js
FN:268,Dropin
FN:283,(anonymous_1)
FN:334,(anonymous_2)
FN:339,(anonymous_3)
FN:354,(anonymous_4)
FN:355,(anonymous_5)
FN:361,(anonymous_6)
FN:376,(anonymous_7)
FN:380,(anonymous_8)
FN:384,(anonymous_9)
FN:389,(anonymous_10)
FN:390,(anonymous_11)
FN:408,(anonymous_12)
FN:435,(anonymous_13)
FN:465,(anonymous_14)
FN:477,(anonymous_15)
FN:483,(anonymous_16)
FN:490,(anonymous_17)
FN:492,(anonymous_18)
FN:500,(anonymous_19)
FN:508,(anonymous_20)
FN:510,(anonymous_21)
FN:518,(anonymous_22)
FN:535,(anonymous_23)
FN:536,(anonymous_24)
FN:538,(anonymous_25)
FN:545,(anonymous_26)
FN:564,(anonymous_27)
FN:568,(anonymous_28)
FN:578,(anonymous_29)
FN:592,(anonymous_30)
FN:612,(anonymous_31)
FN:696,(anonymous_32)
FN:701,(anonymous_33)
FN:705,(anonymous_34)
FN:714,(anonymous_35)
FN:722,(anonymous_36)
FN:728,(anonymous_37)
FN:733,(anonymous_38)
FN:753,(anonymous_39)
FN:761,(anonymous_40)
FN:781,(anonymous_41)
FN:789,(anonymous_42)
FN:790,(anonymous_43)
FN:797,(anonymous_44)
FN:798,(anonymous_45)
FN:808,(anonymous_46)
FN:809,(anonymous_47)
FN:818,(anonymous_48)
FN:820,(anonymous_49)
FN:834,(anonymous_50)
FN:838,(anonymous_51)
FN:844,formatPaymentMethodPayload
FNF:53
FNH:49
FNDA:95,Dropin
FNDA:56,(anonymous_1)
FNDA:5,(anonymous_2)
FNDA:3300,(anonymous_3)
FNDA:50,(anonymous_4)
FNDA:1,(anonymous_5)
FNDA:50,(anonymous_6)
FNDA:2,(anonymous_7)
FNDA:1,(anonymous_8)
FNDA:1,(anonymous_9)
FNDA:0,(anonymous_10)
FNDA:0,(anonymous_11)
FNDA:18,(anonymous_12)
FNDA:25,(anonymous_13)
FNDA:7,(anonymous_14)
FNDA:4,(anonymous_15)
FNDA:3,(anonymous_16)
FNDA:2,(anonymous_17)
FNDA:1,(anonymous_18)
FNDA:11,(anonymous_19)
FNDA:10,(anonymous_20)
FNDA:1,(anonymous_21)
FNDA:50,(anonymous_22)
FNDA:21,(anonymous_23)
FNDA:10,(anonymous_24)
FNDA:35,(anonymous_25)
FNDA:21,(anonymous_26)
FNDA:0,(anonymous_27)
FNDA:49,(anonymous_28)
FNDA:3,(anonymous_29)
FNDA:45,(anonymous_30)
FNDA:49,(anonymous_31)
FNDA:12,(anonymous_32)
FNDA:11,(anonymous_33)
FNDA:4,(anonymous_34)
FNDA:0,(anonymous_35)
FNDA:11,(anonymous_36)
FNDA:11,(anonymous_37)
FNDA:11,(anonymous_38)
FNDA:7,(anonymous_39)
FNDA:56,(anonymous_40)
FNDA:7,(anonymous_41)
FNDA:7,(anonymous_42)
FNDA:1,(anonymous_43)
FNDA:2,(anonymous_44)
FNDA:1,(anonymous_45)
FNDA:2,(anonymous_46)
FNDA:1,(anonymous_47)
FNDA:7,(anonymous_48)
FNDA:7,(anonymous_49)
FNDA:1,(anonymous_50)
FNDA:7,(anonymous_51)
FNDA:11,formatPaymentMethodPayload
DA:3,3
DA:4,3
DA:5,3
DA:6,3
DA:7,3
DA:8,3
DA:9,3
DA:10,3
DA:11,3
DA:12,3
DA:13,3
DA:14,3
DA:15,3
DA:16,3
DA:17,3
DA:18,3
DA:19,3
DA:20,3
DA:21,3
DA:22,3
DA:23,3
DA:25,3
DA:26,3
DA:28,3
DA:35,3
DA:41,3
DA:42,3
DA:44,3
DA:45,3
DA:269,95
DA:270,95
DA:271,95
DA:272,95
DA:273,95
DA:274,95
DA:275,95
DA:276,95
DA:278,95
DA:281,3
DA:283,3
DA:285,56
DA:286,56
DA:288,56
DA:290,56
DA:291,1
DA:292,1
DA:294,1
DA:295,55
DA:296,1
DA:297,1
DA:299,1
DA:302,54
DA:303,52
DA:306,54
DA:307,2
DA:308,2
DA:310,2
DA:313,52
DA:314,2
DA:315,2
DA:317,2
DA:321,50
DA:322,50
DA:323,5
DA:325,5
DA:328,50
DA:330,0
DA:333,50
DA:334,3
DA:335,5
DA:339,50
DA:340,3300
DA:342,3300
DA:345,50
DA:346,50
DA:348,50
DA:354,50
DA:355,50
DA:356,1
DA:357,1
DA:358,1
DA:361,50
DA:362,50
DA:363,49
DA:364,49
DA:366,49
DA:368,49
DA:370,49
DA:372,1
DA:376,50
DA:377,2
DA:380,50
DA:381,1
DA:384,50
DA:385,1
DA:388,50
DA:390,0
DA:391,0
DA:408,3
DA:411,18
DA:412,1
DA:415,17
DA:416,2
DA:417,1
DA:420,2
DA:423,15
DA:425,15
DA:426,1
DA:429,14
DA:431,14
DA:432,0
DA:435,14
DA:436,25
DA:438,14
DA:465,3
DA:466,7
DA:467,7
DA:469,7
DA:470,3
DA:472,3
DA:475,4
DA:477,4
DA:478,4
DA:479,4
DA:483,3
DA:484,3
DA:485,3
DA:487,3
DA:488,3
DA:490,3
DA:491,2
DA:493,1
DA:500,3
DA:501,11
DA:502,11
DA:504,11
DA:506,11
DA:508,11
DA:509,10
DA:511,1
DA:518,3
DA:519,50
DA:520,1
DA:523,50
DA:524,8
DA:527,50
DA:535,3
DA:536,21
DA:538,21
DA:539,35
DA:540,10
DA:545,3
DA:547,21
DA:549,21
DA:550,7
DA:552,7
DA:553,4
DA:555,4
DA:556,2
DA:558,2
DA:564,3
DA:565,0
DA:568,3
DA:570,49
DA:572,49
DA:573,46
DA:576,3
DA:578,3
DA:579,3
DA:580,3
DA:581,3
DA:582,3
DA:583,3
DA:585,3
DA:586,3
DA:587,3
DA:588,3
DA:592,3
DA:594,45
DA:595,45
DA:597,45
DA:598,7
DA:600,7
DA:603,2
DA:606,5
DA:608,5
DA:612,3
DA:613,49
DA:614,2
DA:615,2
DA:616,47
DA:617,2
DA:619,45
DA:696,3
DA:697,12
DA:699,12
DA:701,12
DA:702,11
DA:703,4
DA:705,4
DA:706,4
DA:707,4
DA:708,4
DA:709,4
DA:711,4
DA:713,4
DA:715,0
DA:717,0
DA:721,7
DA:723,11
DA:724,0
DA:727,11
DA:729,11
DA:733,3
DA:734,11
DA:735,4
DA:738,7
DA:739,1
DA:742,6
DA:743,3
DA:746,3
DA:747,1
DA:750,2
DA:753,3
DA:754,7
DA:756,7
DA:757,0
DA:761,3
DA:764,56
DA:766,55
DA:767,55
DA:769,55
DA:781,3
DA:783,7
DA:784,7
DA:786,7
DA:788,7
DA:789,7
DA:790,7
DA:791,1
DA:796,7
DA:797,2
DA:798,2
DA:799,1
DA:807,7
DA:808,2
DA:809,2
DA:810,1
DA:818,7
DA:819,7
DA:821,7
DA:822,3
DA:825,4
DA:834,3
DA:835,1
DA:838,3
DA:839,7
DA:841,7
DA:845,11
DA:851,11
DA:852,1
DA:855,11
DA:856,4
DA:859,11
DA:860,4
DA:863,11
DA:864,4
DA:865,4
DA:868,11
DA:869,1
DA:872,11
DA:873,3
DA:876,11
DA:879,3
LF:274
LH:265
BRDA:286,0,0,56
BRDA:286,0,1,2
BRDA:290,1,0,1
BRDA:290,1,1,55
BRDA:295,2,0,1
BRDA:295,2,1,54
BRDA:295,3,0,55
BRDA:295,3,1,54
BRDA:302,4,0,52
BRDA:302,4,1,2
BRDA:306,5,0,2
BRDA:306,5,1,52
BRDA:306,6,0,54
BRDA:306,6,1,53
BRDA:313,7,0,2
BRDA:313,7,1,50
BRDA:322,8,0,5
BRDA:322,8,1,45
BRDA:323,9,0,5
BRDA:323,9,1,2
BRDA:328,10,0,0
BRDA:328,10,1,50
BRDA:333,11,0,3
BRDA:333,11,1,47
BRDA:362,12,0,49
BRDA:362,12,1,1
BRDA:411,13,0,1
BRDA:411,13,1,17
BRDA:415,14,0,2
BRDA:415,14,1,15
BRDA:416,15,0,1
BRDA:416,15,1,1
BRDA:425,16,0,1
BRDA:425,16,1,14
BRDA:431,17,0,0
BRDA:431,17,1,14
BRDA:469,18,0,3
BRDA:469,18,1,4
BRDA:519,19,0,1
BRDA:519,19,1,49
BRDA:523,20,0,8
BRDA:523,20,1,42
BRDA:536,21,0,21
BRDA:536,21,1,7
BRDA:539,22,0,10
BRDA:539,22,1,25
BRDA:539,23,0,35
BRDA:539,23,1,28
BRDA:549,24,0,7
BRDA:549,24,1,14
BRDA:552,25,0,4
BRDA:552,25,1,3
BRDA:555,26,0,2
BRDA:555,26,1,2
BRDA:572,27,0,46
BRDA:572,27,1,3
BRDA:600,28,0,2
BRDA:600,28,1,5
BRDA:613,29,0,2
BRDA:613,29,1,47
BRDA:616,30,0,2
BRDA:616,30,1,45
BRDA:699,31,0,12
BRDA:699,31,1,11
BRDA:702,32,0,4
BRDA:702,32,1,7
BRDA:723,33,0,0
BRDA:723,33,1,11
BRDA:734,34,0,4
BRDA:734,34,1,7
BRDA:738,35,0,1
BRDA:738,35,1,6
BRDA:742,36,0,3
BRDA:742,36,1,3
BRDA:746,37,0,1
BRDA:746,37,1,2
BRDA:746,38,0,3
BRDA:746,38,1,2
BRDA:756,39,0,0
BRDA:756,39,1,7
BRDA:764,40,0,1
BRDA:764,40,1,55
BRDA:788,41,0,7
BRDA:788,41,1,0
BRDA:796,42,0,2
BRDA:796,42,1,5
BRDA:807,43,0,2
BRDA:807,43,1,5
BRDA:821,44,0,3
BRDA:821,44,1,4
BRDA:851,45,0,1
BRDA:851,45,1,10
BRDA:855,46,0,4
BRDA:855,46,1,7
BRDA:859,47,0,4
BRDA:859,47,1,7
BRDA:863,48,0,4
BRDA:863,48,1,7
BRDA:868,49,0,1
BRDA:868,49,1,10
BRDA:872,50,0,3
BRDA:872,50,1,8
BRF:102
BRH:97
end_of_record
TN:
SF:src/index.js
FN:551,create
FN:558,(anonymous_1)
FN:563,(anonymous_2)
FN:572,(anonymous_3)
FN:576,(anonymous_4)
FN:589,setAnalyticsIntegration
FN:596,(anonymous_6)
FNF:7
FNH:7
FNDA:7,create
FNDA:1,(anonymous_1)
FNDA:5,(anonymous_2)
FNDA:5,(anonymous_3)
FNDA:5,(anonymous_4)
FNDA:5,setAnalyticsIntegration
FNDA:11,(anonymous_6)
DA:106,2
DA:107,2
DA:108,2
DA:109,2
DA:110,2
DA:111,2
DA:112,2
DA:113,2
DA:115,2
DA:552,7
DA:553,1
DA:556,6
DA:559,1
DA:564,5
DA:566,5
DA:567,4
DA:569,1
DA:572,5
DA:573,5
DA:577,5
DA:578,1
DA:580,1
DA:583,4
DA:590,5
DA:592,5
DA:593,5
DA:594,5
DA:596,5
DA:597,11
DA:600,5
DA:604,2
DA:606,2
LF:32
LH:32
BRDA:552,0,0,1
BRDA:552,0,1,6
BRDA:566,1,0,4
BRDA:566,1,1,1
BRDA:577,2,0,1
BRDA:577,2,1,4
BRDA:604,3,0,2
BRDA:604,3,1,2
BRF:8
BRH:8
end_of_record
TN:
SF:src/lib/add-selection-event-handler.js
FN:3,addSelectionEventHandler
FN:5,(anonymous_1)
FNF:2
FNH:2
FNDA:913,addSelectionEventHandler
FNDA:3,(anonymous_1)
DA:4,913
DA:5,913
DA:6,3
DA:7,1
DA:12,9
LF:5
LH:5
BRDA:6,0,0,1
BRDA:6,0,1,2
BRF:2
BRH:2
end_of_record
TN:
SF:src/lib/analytics.js
FN:7,_millisToSeconds
FN:11,sendAnalyticsEvent
FNF:2
FNH:2
FNDA:13,_millisToSeconds
FNDA:13,sendAnalyticsEvent
DA:3,20
DA:4,20
DA:5,20
DA:8,13
DA:12,13
DA:13,13
DA:14,13
DA:15,13
DA:16,13
DA:25,13
DA:26,11
DA:28,2
DA:31,13
DA:39,20
LF:14
LH:14
BRDA:25,0,0,11
BRDA:25,0,1,2
BRF:2
BRH:2
end_of_record
TN:
SF:src/lib/assign.js
FN:5,assignPolyfill
FNF:1
FNH:1
FNDA:5,assignPolyfill
DA:3,22
DA:8,5
DA:9,5
DA:10,5
DA:11,9
DA:12,8
DA:17,5
DA:20,22
LF:8
LH:8
BRDA:3,0,0,22
BRDA:3,0,1,0
BRDA:11,1,0,8
BRDA:11,1,1,1
BRF:4
BRH:3
end_of_record
TN:
SF:src/lib/browser-detection.js
FNF:0
FNH:0
DA:3,20
DA:4,20
DA:6,20
LF:3
LH:3
BRF:0
BRH:0
end_of_record
TN:
SF:src/lib/create-from-script-tag.js
FN:34,injectHiddenInput
FN:47,addCompositeKeyValuePairToObject
FN:59,deserialize
FN:67,createFromScriptTag
FN:89,(anonymous_4)
FN:100,(anonymous_5)
FN:110,(anonymous_6)
FN:112,(anonymous_7)
FN:113,(anonymous_8)
FNF:9
FNH:9
FNDA:12,injectHiddenInput
FNDA:11,addCompositeKeyValuePairToObject
FNDA:7,deserialize
FNDA:23,createFromScriptTag
FNDA:2,(anonymous_4)
FNDA:288,(anonymous_5)
FNDA:18,(anonymous_6)
FNDA:11,(anonymous_7)
FNDA:11,(anonymous_8)
DA:3,3
DA:4,3
DA:5,3
DA:6,3
DA:7,3
DA:8,3
DA:35,12
DA:37,12
DA:38,9
DA:39,9
DA:40,9
DA:41,9
DA:44,12
DA:48,11
DA:49,11
DA:51,11
DA:52,7
DA:54,4
DA:55,4
DA:60,7
DA:61,7
DA:63,4
DA:70,23
DA:71,3
DA:74,20
DA:76,20
DA:77,1
DA:80,19
DA:81,19
DA:83,19
DA:85,19
DA:86,1
DA:89,18
DA:90,2
DA:93,18
DA:95,18
DA:100,18
DA:101,288
DA:103,288
DA:104,281
DA:107,7
DA:110,18
DA:111,18
DA:112,18
DA:113,11
DA:114,11
DA:115,1
DA:118,10
DA:120,10
DA:121,2
DA:124,10
DA:130,3
LF:52
LH:52
BRDA:37,0,0,9
BRDA:37,0,1,3
BRDA:51,1,0,7
BRDA:51,1,1,4
BRDA:54,2,0,4
BRDA:54,2,1,2
BRDA:70,3,0,3
BRDA:70,3,1,20
BRDA:76,4,0,1
BRDA:76,4,1,19
BRDA:85,5,0,1
BRDA:85,5,1,18
BRDA:103,6,0,281
BRDA:103,6,1,7
BRDA:114,7,0,1
BRDA:114,7,1,10
BRDA:120,8,0,2
BRDA:120,8,1,8
BRF:18
BRH:18
end_of_record
TN:
SF:src/lib/data-collector.js
FN:8,DataCollector
FN:12,(anonymous_1)
FN:15,(anonymous_2)
FN:28,(anonymous_3)
FN:30,(anonymous_4)
FN:32,(anonymous_5)
FN:40,(anonymous_6)
FN:44,(anonymous_7)
FN:52,(anonymous_8)
FNF:9
FNH:8
FNDA:10,DataCollector
FNDA:5,(anonymous_1)
FNDA:5,(anonymous_2)
FNDA:5,(anonymous_3)
FNDA:4,(anonymous_4)
FNDA:1,(anonymous_5)
FNDA:0,(anonymous_6)
FNDA:1,(anonymous_7)
FNDA:1,(anonymous_8)
DA:3,4
DA:4,4
DA:5,4
DA:6,4
DA:9,10
DA:12,4
DA:13,5
DA:15,5
DA:18,5
DA:19,3
DA:22,2
DA:24,2
DA:29,5
DA:31,4
DA:33,1
DA:36,1
DA:40,4
DA:41,0
DA:44,4
DA:45,1
DA:46,0
DA:49,1
DA:52,4
DA:53,1
DA:54,0
DA:57,1
DA:60,4
LF:27
LH:24
BRDA:18,0,0,3
BRDA:18,0,1,2
BRDA:18,1,0,5
BRDA:18,1,1,4
BRDA:45,2,0,0
BRDA:45,2,1,1
BRDA:53,3,0,0
BRDA:53,3,1,1
BRF:8
BRH:6
end_of_record
TN:
SF:src/lib/dropin-error.js
FN:3,isBraintreeWebError
FN:7,DropinError
FNF:2
FNH:2
FNDA:137,isBraintreeWebError
FNDA:137,DropinError
DA:4,137
DA:8,137
DA:10,137
DA:11,35
DA:13,102
DA:16,137
DA:17,1
DA:19,136
DA:23,23
DA:24,23
DA:26,23
LF:11
LH:11
BRDA:10,0,0,35
BRDA:10,0,1,102
BRDA:16,1,0,1
BRDA:16,1,1,136
BRF:4
BRH:4
end_of_record
TN:
SF:src/lib/enumerate.js
FN:3,enumerate
FN:6,(anonymous_1)
FNF:2
FNH:2
FNDA:2,enumerate
FNDA:4,(anonymous_1)
DA:4,2
DA:6,2
DA:7,4
DA:9,4
DA:13,1
LF:5
LH:5
BRDA:4,0,0,1
BRDA:4,0,1,1
BRF:2
BRH:2
end_of_record
TN:
SF:src/lib/find-parent-form.js
FN:3,findParentForm
FNF:1
FNH:1
FNDA:9,findParentForm
DA:4,9
DA:6,9
DA:7,4
DA:10,5
DA:13,4
LF:5
LH:5
BRDA:6,0,0,4
BRDA:6,0,1,5
BRDA:6,1,0,9
BRDA:6,1,1,7
BRF:4
BRH:4
end_of_record
TN:
SF:src/lib/is-guest-checkout.js
FN:5,(anonymous_0)
FNF:1
FNH:1
FNDA:560,(anonymous_0)
DA:3,17
DA:5,17
DA:7,560
DA:9,560
DA:10,19
DA:12,19
DA:15,541
LF:7
LH:7
BRDA:9,0,0,19
BRDA:9,0,1,541
BRDA:12,1,0,19
BRDA:12,1,1,19
BRF:4
BRH:4
end_of_record
TN:
SF:src/lib/is-https.js
FN:3,isHTTPS
FNF:1
FNH:0
FNDA:0,isHTTPS
DA:4,0
DA:7,17
LF:2
LH:1
BRF:0
BRH:0
end_of_record
TN:
SF:src/lib/is-utf-8.js
FN:3,(anonymous_0)
FNF:1
FNH:1
FNDA:471,(anonymous_0)
DA:3,18
DA:4,471
DA:6,471
LF:3
LH:3
BRDA:4,0,0,471
BRDA:4,0,1,468
BRDA:6,1,0,471
BRDA:6,1,1,471
BRF:4
BRH:4
end_of_record
TN:
SF:src/lib/kebab-case-to-camel-case.js
FN:3,kebabCaseToCamelCase
FN:6,(anonymous_1)
FNF:2
FNH:2
FNDA:15,kebabCaseToCamelCase
FNDA:7,(anonymous_1)
DA:4,15
DA:5,15
DA:6,15
DA:7,7
DA:10,15
DA:13,4
LF:6
LH:6
BRF:0
BRH:0
end_of_record
TN:
SF:src/lib/polyfill.js
FN:6,atob
FN:34,(anonymous_1)
FNF:2
FNH:2
FNDA:2,atob
FNDA:22,(anonymous_1)
DA:4,21
DA:8,2
DA:9,2
DA:10,2
DA:12,2
DA:13,1
DA:16,1
DA:17,1
DA:18,4
DA:19,4
DA:20,4
DA:21,4
DA:23,4
DA:24,4
DA:25,4
DA:27,4
DA:30,1
DA:33,21
DA:35,22
LF:19
LH:19
BRDA:4,0,0,21
BRDA:4,0,1,0
BRDA:12,1,0,1
BRDA:12,1,1,1
BRDA:27,2,0,4
BRDA:27,2,1,0
BRDA:27,3,0,3
BRDA:27,3,1,1
BRF:8
BRH:6
end_of_record
TN:
SF:src/lib/promise.js
FNF:0
FNH:0
DA:3,22
DA:5,22
LF:2
LH:2
BRDA:3,0,0,22
BRDA:3,0,1,0
BRF:2
BRH:1
end_of_record
TN:
SF:src/lib/sanitize-html.js
FN:3,(anonymous_0)
FNF:1
FNH:1
FNDA:6,(anonymous_0)
DA:3,4
DA:4,6
DA:5,0
DA:8,6
LF:4
LH:3
BRDA:4,0,0,0
BRDA:4,0,1,6
BRF:2
BRH:1
end_of_record
TN:
SF:src/lib/supports-flexbox.js
FN:3,(anonymous_0)
FN:14,(anonymous_1)
FNF:2
FNH:2
FNDA:166,(anonymous_0)
FNDA:830,(anonymous_1)
DA:3,5
DA:4,166
DA:5,166
DA:6,166
DA:14,166
DA:15,830
DA:18,166
LF:7
LH:7
BRF:0
BRH:0
end_of_record
TN:
SF:src/lib/three-d-secure.js
FN:8,ThreeDSecure
FN:13,(anonymous_1)
FN:19,(anonymous_2)
FN:24,(anonymous_3)
FN:33,(anonymous_4)
FN:44,(anonymous_5)
FN:48,(anonymous_6)
FNF:7
FNH:6
FNDA:20,ThreeDSecure
FNDA:9,(anonymous_1)
FNDA:9,(anonymous_2)
FNDA:6,(anonymous_3)
FNDA:0,(anonymous_4)
FNDA:1,(anonymous_5)
FNDA:1,(anonymous_6)
DA:3,4
DA:4,4
DA:6,4
DA:9,20
DA:10,20
DA:13,4
DA:14,9
DA:16,9
DA:20,9
DA:24,4
DA:25,6
DA:34,0
DA:38,6
DA:39,6
DA:41,6
DA:44,4
DA:45,1
DA:48,4
DA:49,1
DA:52,4
LF:20
LH:19
BRDA:38,0,0,6
BRDA:38,0,1,4
BRDA:39,1,0,6
BRDA:39,1,1,5
BRF:4
BRH:4
end_of_record
TN:
SF:src/lib/transition-helper.js
FN:5,isHidden
FN:17,onTransitionEnd
FN:24,transitionEventListener
FNF:3
FNH:3
FNDA:10,isHidden
FNDA:6,onTransitionEnd
FNDA:4,transitionEventListener
DA:3,18
DA:6,10
DA:7,3
DA:10,7
DA:11,2
DA:14,5
DA:18,6
DA:19,3
DA:21,3
DA:25,4
DA:26,2
DA:27,2
DA:31,3
DA:34,18
LF:14
LH:14
BRDA:6,0,0,3
BRDA:6,0,1,7
BRDA:10,1,0,2
BRDA:10,1,1,5
BRDA:18,2,0,3
BRDA:18,2,1,3
BRDA:18,3,0,6
BRDA:18,3,1,5
BRDA:25,4,0,2
BRDA:25,4,1,2
BRF:10
BRH:10
end_of_record
TN:
SF:src/lib/uuid.js
FN:4,uuid
FN:5,(anonymous_1)
FNF:2
FNH:2
FNDA:124,uuid
FNDA:3844,(anonymous_1)
DA:5,124
DA:6,3844
DA:7,3844
DA:9,3844
DA:13,5
LF:5
LH:5
BRDA:7,0,0,3720
BRDA:7,0,1,124
BRF:2
BRH:2
end_of_record
TN:
SF:src/lib/wait.js
FN:5,delay
FN:8,(anonymous_1)
FNF:2
FNH:2
FNDA:460,delay
FNDA:460,(anonymous_1)
DA:3,5
DA:6,460
DA:8,460
DA:9,460
DA:13,5
LF:5
LH:5
BRDA:6,0,0,460
BRDA:6,0,1,430
BRF:2
BRH:2
end_of_record
TN:
SF:src/translations/da_DK.js
FNF:0
FNH:0
DA:3,19
LF:1
LH:1
BRF:0
BRH:0
end_of_record
TN:
SF:src/translations/de_DE.js
FNF:0
FNH:0
DA:3,19
LF:1
LH:1
BRF:0
BRH:0
end_of_record
TN:
SF:src/translations/en_AU.js
FNF:0
FNH:0
DA:3,19
LF:1
LH:1
BRF:0
BRH:0
end_of_record
TN:
SF:src/translations/en_GB.js
FNF:0
FNH:0
DA:3,19
LF:1
LH:1
BRF:0
BRH:0
end_of_record
TN:
SF:src/translations/en_US.js
FNF:0
FNH:0
DA:3,20
LF:1
LH:1
BRF:0
BRH:0
end_of_record
TN:
SF:src/translations/es_ES.js
FNF:0
FNH:0
DA:3,19
LF:1
LH:1
BRF:0
BRH:0
end_of_record
TN:
SF:src/translations/fr_CA.js
FNF:0
FNH:0
DA:3,19
LF:1
LH:1
BRF:0
BRH:0
end_of_record
TN:
SF:src/translations/fr_FR.js
FNF:0
FNH:0
DA:3,19
LF:1
LH:1
BRF:0
BRH:0
end_of_record
TN:
SF:src/translations/id_ID.js
FNF:0
FNH:0
DA:3,19
LF:1
LH:1
BRF:0
BRH:0
end_of_record
TN:
SF:src/translations/index.js
FNF:0
FNH:0
DA:4,19
DA:6,19
DA:32,19
DA:52,19
LF:4
LH:4
BRF:0
BRH:0
end_of_record
TN:
SF:src/translations/it_IT.js
FNF:0
FNH:0
DA:3,19
LF:1
LH:1
BRF:0
BRH:0
end_of_record
TN:
SF:src/translations/ja_JP.js
FNF:0
FNH:0
DA:3,19
LF:1
LH:1
BRF:0
BRH:0
end_of_record
TN:
SF:src/translations/ko_KR.js
FNF:0
FNH:0
DA:3,19
LF:1
LH:1
BRF:0
BRH:0
end_of_record
TN:
SF:src/translations/nl_NL.js
FNF:0
FNH:0
DA:3,19
LF:1
LH:1
BRF:0
BRH:0
end_of_record
TN:
SF:src/translations/no_NO.js
FNF:0
FNH:0
DA:3,19
LF:1
LH:1
BRF:0
BRH:0
end_of_record
TN:
SF:src/translations/pl_PL.js
FNF:0
FNH:0
DA:3,19
LF:1
LH:1
BRF:0
BRH:0
end_of_record
TN:
SF:src/translations/pt_BR.js
FNF:0
FNH:0
DA:3,19
LF:1
LH:1
BRF:0
BRH:0
end_of_record
TN:
SF:src/translations/pt_PT.js
FNF:0
FNH:0
DA:3,19
LF:1
LH:1
BRF:0
BRH:0
end_of_record
TN:
SF:src/translations/ru_RU.js
FNF:0
FNH:0
DA:3,19
LF:1
LH:1
BRF:0
BRH:0
end_of_record
TN:
SF:src/translations/sv_SE.js
FNF:0
FNH:0
DA:3,19
LF:1
LH:1
BRF:0
BRH:0
end_of_record
TN:
SF:src/translations/th_TH.js
FNF:0
FNH:0
DA:3,19
LF:1
LH:1
BRF:0
BRH:0
end_of_record
TN:
SF:src/translations/zh_CN.js
FNF:0
FNH:0
DA:3,19
LF:1
LH:1
BRF:0
BRH:0
end_of_record
TN:
SF:src/translations/zh_HK.js
FNF:0
FNH:0
DA:3,19
LF:1
LH:1
BRF:0
BRH:0
end_of_record
TN:
SF:src/translations/zh_TW.js
FNF:0
FNH:0
DA:3,19
LF:1
LH:1
BRF:0
BRH:0
end_of_record
TN:
SF:src/views/base-view.js
FN:9,BaseView
FN:15,(anonymous_1)
FN:21,(anonymous_2)
FN:25,(anonymous_3)
FN:29,(anonymous_4)
FN:31,(anonymous_5)
FN:35,(anonymous_6)
FN:43,(anonymous_7)
FNF:8
FNH:8
FNDA:1198,BaseView
FNDA:5475,(anonymous_1)
FNDA:2,(anonymous_2)
FNDA:207,(anonymous_3)
FNDA:119,(anonymous_4)
FNDA:1,(anonymous_5)
FNDA:12,(anonymous_6)
FNDA:42,(anonymous_7)
DA:3,21
DA:4,21
DA:5,21
DA:6,21
DA:7,21
DA:10,1198
DA:12,1198
DA:15,21
DA:16,5475
DA:18,5475
DA:21,21
DA:22,2
DA:25,21
DA:26,207
DA:29,21
DA:31,21
DA:32,1
DA:35,21
DA:36,12
DA:37,10
DA:40,12
DA:43,21
DA:44,42
DA:45,40
DA:48,42
DA:51,21
LF:26
LH:26
BRDA:10,0,0,1198
BRDA:10,0,1,18
BRDA:16,1,0,0
BRDA:16,1,1,5475
BRDA:26,2,0,207
BRDA:26,2,1,17
BRDA:36,3,0,10
BRDA:36,3,1,2
BRDA:44,4,0,40
BRDA:44,4,1,2
BRF:10
BRH:9
end_of_record
TN:
SF:src/views/delete-confirmation-view.js
FN:7,DeleteConfirmationView
FN:17,(anonymous_1)
FN:22,(anonymous_2)
FN:25,(anonymous_3)
FN:30,(anonymous_4)
FNF:5
FNH:5
FNDA:173,DeleteConfirmationView
FNDA:171,(anonymous_1)
FNDA:1,(anonymous_2)
FNDA:1,(anonymous_3)
FNDA:4,(anonymous_4)
DA:3,5
DA:4,5
DA:5,5
DA:8,173
DA:10,173
DA:13,5
DA:14,5
DA:15,5
DA:17,5
DA:18,171
DA:19,171
DA:20,171
DA:22,171
DA:23,1
DA:25,171
DA:26,1
DA:30,5
DA:32,4
DA:34,4
DA:35,3
DA:37,1
DA:38,1
DA:39,1
DA:40,1
DA:42,1
DA:43,1
DA:45,1
DA:46,1
DA:48,0
DA:51,3
DA:52,3
DA:53,1
DA:56,1
DA:58,4
DA:61,5
LF:35
LH:34
BRDA:34,0,0,3
BRDA:34,0,1,1
BRDA:35,1,0,1
BRDA:35,1,1,1
BRDA:35,1,2,1
BRDA:35,1,3,0
BRDA:39,2,0,1
BRDA:39,2,1,0
BRDA:52,3,0,1
BRDA:52,3,1,2
BRF:10
BRH:8
end_of_record
TN:
SF:src/views/main-view.js
FN:19,MainView
FN:30,(anonymous_1)
FN:56,(anonymous_2)
FN:95,(anonymous_3)
FN:96,(anonymous_4)
FN:103,(anonymous_5)
FN:135,(anonymous_6)
FN:142,(anonymous_7)
FN:156,(anonymous_8)
FN:160,(anonymous_9)
FN:164,(anonymous_10)
FN:167,(anonymous_11)
FN:206,(anonymous_12)
FN:209,(anonymous_13)
FN:213,(anonymous_14)
FN:220,(anonymous_15)
FN:226,(anonymous_16)
FN:232,(anonymous_17)
FN:255,(anonymous_18)
FN:263,(anonymous_19)
FN:268,(anonymous_20)
FN:286,(anonymous_21)
FN:290,(anonymous_22)
FN:294,(anonymous_23)
FN:298,(anonymous_24)
FN:302,(anonymous_25)
FN:305,(anonymous_26)
FN:306,(anonymous_27)
FN:311,(anonymous_28)
FN:320,(anonymous_29)
FN:330,(anonymous_30)
FN:346,(anonymous_31)
FN:351,(anonymous_32)
FN:355,(anonymous_33)
FN:360,(anonymous_34)
FN:372,(anonymous_35)
FN:373,(anonymous_36)
FN:381,(anonymous_37)
FN:399,snakeCaseToCamelCase
FN:400,(anonymous_39)
FN:405,prefixShowClass
FNF:41
FNH:41
FNDA:163,MainView
FNDA:163,(anonymous_1)
FNDA:978,(anonymous_2)
FNDA:13,(anonymous_3)
FNDA:13,(anonymous_4)
FNDA:1,(anonymous_5)
FNDA:241,(anonymous_6)
FNDA:207,(anonymous_7)
FNDA:743,(anonymous_8)
FNDA:840,(anonymous_9)
FNDA:227,(anonymous_10)
FNDA:224,(anonymous_11)
FNDA:8,(anonymous_12)
FNDA:6,(anonymous_13)
FNDA:2,(anonymous_14)
FNDA:151,(anonymous_15)
FNDA:6,(anonymous_16)
FNDA:8,(anonymous_17)
FNDA:60,(anonymous_18)
FNDA:184,(anonymous_19)
FNDA:7,(anonymous_20)
FNDA:229,(anonymous_21)
FNDA:4,(anonymous_22)
FNDA:2,(anonymous_23)
FNDA:2,(anonymous_24)
FNDA:3,(anonymous_25)
FNDA:3,(anonymous_26)
FNDA:1,(anonymous_27)
FNDA:3,(anonymous_28)
FNDA:4,(anonymous_29)
FNDA:4,(anonymous_30)
FNDA:2,(anonymous_31)
FNDA:1,(anonymous_32)
FNDA:2,(anonymous_33)
FNDA:6,(anonymous_34)
FNDA:6,(anonymous_35)
FNDA:6,(anonymous_36)
FNDA:163,(anonymous_37)
FNDA:2,snakeCaseToCamelCase
FNDA:5,(anonymous_39)
FNDA:231,prefixShowClass
DA:3,4
DA:4,4
DA:5,4
DA:6,4
DA:7,4
DA:8,4
DA:9,4
DA:10,4
DA:11,4
DA:12,4
DA:13,4
DA:14,4
DA:16,4
DA:17,4
DA:20,163
DA:22,163
DA:24,163
DA:27,4
DA:28,4
DA:30,4
DA:33,163
DA:35,163
DA:37,163
DA:38,163
DA:40,163
DA:41,163
DA:42,163
DA:44,163
DA:45,163
DA:47,163
DA:49,163
DA:51,163
DA:52,163
DA:53,163
DA:54,163
DA:56,163
DA:59,978
DA:60,368
DA:62,368
DA:69,368
DA:71,368
DA:72,368
DA:75,978
DA:78,163
DA:84,163
DA:86,163
DA:91,163
DA:93,163
DA:95,163
DA:96,13
DA:97,13
DA:101,163
DA:103,163
DA:104,1
DA:106,1
DA:107,1
DA:111,163
DA:113,163
DA:115,163
DA:116,163
DA:117,163
DA:118,163
DA:120,163
DA:121,53
DA:129,53
DA:132,163
DA:135,4
DA:136,241
DA:138,241
DA:139,31
DA:140,31
DA:142,210
DA:143,207
DA:145,210
DA:146,210
DA:147,208
DA:153,241
DA:156,4
DA:157,743
DA:160,4
DA:161,840
DA:164,4
DA:167,227
DA:168,224
DA:169,224
DA:170,3
DA:174,227
DA:175,227
DA:177,227
DA:178,148
DA:179,31
DA:181,117
DA:183,79
DA:184,26
DA:186,26
DA:187,53
DA:188,53
DA:191,227
DA:192,1
DA:195,227
DA:197,227
DA:203,227
DA:206,4
DA:207,8
DA:209,8
DA:210,6
DA:212,6
DA:214,2
DA:216,2
DA:220,4
DA:221,151
DA:222,151
DA:223,151
DA:226,4
DA:227,6
DA:228,6
DA:229,6
DA:232,4
DA:234,8
DA:236,8
DA:238,8
DA:239,4
DA:241,4
DA:242,4
DA:243,4
DA:244,4
DA:245,1
DA:247,3
DA:248,3
DA:251,0
DA:255,4
DA:256,60
DA:257,1
DA:259,59
DA:260,59
DA:263,4
DA:264,184
DA:265,184
DA:268,4
DA:270,7
DA:272,7
DA:273,2
DA:274,5
DA:275,2
DA:276,3
DA:277,1
DA:279,2
DA:282,7
DA:283,7
DA:286,4
DA:287,229
DA:290,4
DA:291,4
DA:294,4
DA:295,2
DA:298,4
DA:299,2
DA:302,4
DA:304,3
DA:305,3
DA:306,3
DA:307,1
DA:311,3
DA:312,3
DA:313,1
DA:316,2
DA:320,4
DA:321,4
DA:322,4
DA:323,4
DA:325,4
DA:330,4
DA:333,4
DA:334,4
DA:335,4
DA:337,4
DA:339,4
DA:346,4
DA:347,2
DA:348,2
DA:351,4
DA:352,1
DA:355,4
DA:356,2
DA:357,2
DA:360,4
DA:361,6
DA:363,6
DA:365,6
DA:366,2
DA:367,2
DA:369,4
DA:372,6
DA:373,6
DA:375,6
DA:376,6
DA:381,4
DA:382,163
DA:383,163
DA:385,163
DA:386,13
DA:387,11
DA:389,11
DA:391,2
DA:393,150
DA:394,45
DA:396,105
DA:400,2
DA:401,5
DA:406,231
DA:409,4
LF:211
LH:210
BRDA:59,0,0,368
BRDA:59,0,1,610
BRDA:106,1,0,1
BRDA:106,1,1,0
BRDA:106,2,0,1
BRDA:106,2,1,1
BRDA:120,3,0,53
BRDA:120,3,1,110
BRDA:138,4,0,31
BRDA:138,4,1,210
BRDA:146,5,0,208
BRDA:146,5,1,2
BRDA:169,6,0,3
BRDA:169,6,1,221
BRDA:177,7,0,148
BRDA:177,7,1,79
BRDA:178,8,0,31
BRDA:178,8,1,117
BRDA:178,9,0,148
BRDA:178,9,1,145
BRDA:183,10,0,26
BRDA:183,10,1,53
BRDA:187,11,0,53
BRDA:187,11,1,0
BRDA:191,12,0,1
BRDA:191,12,1,226
BRDA:198,13,0,227
BRDA:198,13,1,17
BRDA:199,14,0,227
BRDA:199,14,1,17
BRDA:238,15,0,4
BRDA:238,15,1,4
BRDA:243,16,0,4
BRDA:243,16,1,0
BRDA:244,17,0,1
BRDA:244,17,1,3
BRDA:256,18,0,1
BRDA:256,18,1,59
BRDA:272,19,0,2
BRDA:272,19,1,5
BRDA:274,20,0,2
BRDA:274,20,1,3
BRDA:274,21,0,5
BRDA:274,21,1,5
BRDA:275,22,0,2
BRDA:275,22,1,1
BRDA:276,23,0,1
BRDA:276,23,1,2
BRDA:312,24,0,1
BRDA:312,24,1,2
BRDA:341,25,0,4
BRDA:341,25,1,1
BRDA:365,26,0,2
BRDA:365,26,1,4
BRDA:365,27,0,6
BRDA:365,27,1,3
BRDA:385,28,0,13
BRDA:385,28,1,150
BRDA:386,29,0,11
BRDA:386,29,1,2
BRDA:393,30,0,45
BRDA:393,30,1,105
BRF:62
BRH:59
end_of_record
TN:
SF:src/views/payment-method-view.js
FN:12,PaymentMethodView
FN:21,(anonymous_1)
FN:74,(anonymous_2)
FN:76,(anonymous_3)
FN:81,(anonymous_4)
FN:88,(anonymous_5)
FN:93,(anonymous_6)
FN:104,(anonymous_7)
FNF:8
FNH:7
FNDA:63,PaymentMethodView
FNDA:66,(anonymous_1)
FNDA:24,(anonymous_2)
FNDA:18,(anonymous_3)
FNDA:1,(anonymous_4)
FNDA:0,(anonymous_5)
FNDA:6,(anonymous_6)
FNDA:1,(anonymous_7)
DA:3,6
DA:4,6
DA:5,6
DA:6,6
DA:7,6
DA:8,6
DA:10,6
DA:13,63
DA:15,63
DA:18,6
DA:19,6
DA:21,6
DA:23,66
DA:24,66
DA:25,66
DA:27,66
DA:28,66
DA:29,66
DA:31,66
DA:33,66
DA:35,1
DA:39,1
DA:41,26
DA:42,26
DA:46,26
DA:48,1
DA:52,1
DA:54,22
DA:58,22
DA:60,4
DA:64,4
DA:66,12
DA:69,66
DA:70,66
DA:71,66
DA:74,6
DA:76,24
DA:77,18
DA:81,6
DA:82,1
DA:83,1
DA:84,0
DA:88,6
DA:89,0
DA:90,0
DA:93,6
DA:94,6
DA:95,1
DA:97,5
DA:98,2
DA:101,5
DA:104,6
DA:105,1
DA:108,6
LF:54
LH:51
BRDA:33,0,0,1
BRDA:33,0,1,26
BRDA:33,0,2,1
BRDA:33,0,3,22
BRDA:33,0,4,4
BRDA:33,0,5,12
BRDA:83,1,0,0
BRDA:83,1,1,1
BRDA:94,2,0,1
BRDA:94,2,1,5
BRDA:97,3,0,2
BRDA:97,3,1,3
BRF:12
BRH:11
end_of_record
TN:
SF:src/views/payment-methods-view.js
FN:19,PaymentMethodsView
FN:29,(anonymous_1)
FN:44,(anonymous_2)
FN:56,(anonymous_3)
FN:65,(anonymous_4)
FN:78,(anonymous_5)
FN:84,(anonymous_6)
FN:89,(anonymous_7)
FN:95,(anonymous_8)
FN:100,(anonymous_9)
FN:122,(anonymous_10)
FN:135,(anonymous_11)
FN:154,(anonymous_12)
FN:162,(anonymous_13)
FN:166,(anonymous_14)
FNF:15
FNH:14
FNDA:186,PaymentMethodsView
FNDA:184,(anonymous_1)
FNDA:0,(anonymous_2)
FNDA:3,(anonymous_3)
FNDA:22,(anonymous_4)
FNDA:4,(anonymous_5)
FNDA:3,(anonymous_6)
FNDA:4,(anonymous_7)
FNDA:2,(anonymous_8)
FNDA:55,(anonymous_9)
FNDA:3,(anonymous_10)
FNDA:19,(anonymous_11)
FNDA:3,(anonymous_12)
FNDA:191,(anonymous_13)
FNDA:6,(anonymous_14)
DA:3,5
DA:4,5
DA:5,5
DA:6,5
DA:7,5
DA:8,5
DA:9,5
DA:11,5
DA:20,186
DA:22,186
DA:25,5
DA:26,5
DA:27,5
DA:29,5
DA:30,184
DA:31,184
DA:32,184
DA:33,184
DA:35,184
DA:36,184
DA:37,184
DA:39,184
DA:41,184
DA:42,0
DA:44,0
DA:45,0
DA:46,0
DA:48,0
DA:52,0
DA:56,5
DA:57,3
DA:58,0
DA:60,3
DA:61,3
DA:62,3
DA:65,5
DA:68,22
DA:69,4
DA:72,18
DA:73,18
DA:75,18
DA:78,5
DA:79,4
DA:81,4
DA:82,4
DA:84,4
DA:85,3
DA:89,5
DA:90,4
DA:92,4
DA:93,4
DA:95,4
DA:96,2
DA:100,5
DA:101,55
DA:108,55
DA:109,15
DA:110,15
DA:113,55
DA:114,14
DA:116,41
DA:119,55
DA:122,5
DA:125,3
DA:126,3
DA:127,2
DA:128,2
DA:129,2
DA:130,2
DA:135,5
DA:137,19
DA:139,19
DA:140,20
DA:141,18
DA:142,18
DA:143,18
DA:147,19
DA:148,3
DA:150,19
DA:151,19
DA:154,5
DA:155,3
DA:156,2
DA:159,1
DA:162,5
DA:164,191
DA:166,191
DA:167,6
DA:170,191
DA:172,191
DA:173,50
DA:177,5
LF:92
LH:85
BRDA:41,0,0,0
BRDA:41,0,1,184
BRDA:45,1,0,0
BRDA:45,1,1,0
BRDA:57,2,0,0
BRDA:57,2,1,3
BRDA:68,3,0,4
BRDA:68,3,1,18
BRDA:108,4,0,15
BRDA:108,4,1,40
BRDA:108,5,0,55
BRDA:108,5,1,33
BRDA:113,6,0,14
BRDA:113,6,1,41
BRDA:126,7,0,2
BRDA:126,7,1,1
BRDA:140,8,0,18
BRDA:140,8,1,2
BRDA:147,9,0,3
BRDA:147,9,1,16
BRDA:155,10,0,2
BRDA:155,10,1,1
BRDA:155,11,0,3
BRDA:155,11,1,2
BRF:24
BRH:20
end_of_record
TN:
SF:src/views/payment-options-view.js
FN:11,PaymentOptionsView
FN:21,(anonymous_1)
FN:25,(anonymous_2)
FN:30,(anonymous_3)
FN:34,clickHandler
FN:88,(anonymous_5)
FNF:6
FNH:6
FNDA:69,PaymentOptionsView
FNDA:67,(anonymous_1)
FNDA:272,(anonymous_2)
FNDA:272,(anonymous_3)
FNDA:8,clickHandler
FNDA:272,(anonymous_5)
DA:3,5
DA:4,5
DA:5,5
DA:6,5
DA:7,5
DA:9,5
DA:12,69
DA:14,69
DA:17,5
DA:18,5
DA:19,5
DA:21,5
DA:22,67
DA:23,67
DA:25,67
DA:26,272
DA:30,5
DA:32,272
DA:33,272
DA:34,272
DA:35,8
DA:36,8
DA:37,8
DA:40,272
DA:41,272
DA:43,272
DA:45,40
DA:46,40
DA:47,40
DA:49,57
DA:50,57
DA:51,57
DA:52,57
DA:54,40
DA:55,40
DA:56,40
DA:58,55
DA:59,55
DA:60,55
DA:62,40
DA:63,40
DA:64,40
DA:66,40
DA:67,40
DA:68,40
DA:70,0
DA:73,272
DA:74,272
DA:75,272
DA:77,272
DA:79,272
DA:81,272
DA:82,272
DA:88,5
DA:89,272
DA:92,5
LF:56
LH:55
BRDA:43,0,0,40
BRDA:43,0,1,57
BRDA:43,0,2,40
BRDA:43,0,3,55
BRDA:43,0,4,40
BRDA:43,0,5,40
BRDA:43,0,6,0
BRF:7
BRH:6
end_of_record
TN:
SF:src/views/payment-sheet-views/apple-pay-view.js
FN:13,ApplePayView
FN:21,(anonymous_1)
FN:32,(anonymous_2)
FN:37,(anonymous_3)
FN:42,(anonymous_4)
FN:58,(anonymous_5)
FN:66,(anonymous_6)
FN:71,(anonymous_7)
FN:75,(anonymous_8)
FN:77,(anonymous_9)
FN:83,(anonymous_10)
FN:86,(anonymous_11)
FN:90,(anonymous_12)
FN:101,(anonymous_13)
FN:105,(anonymous_14)
FNF:15
FNH:14
FNDA:75,ApplePayView
FNDA:63,(anonymous_1)
FNDA:62,(anonymous_2)
FNDA:3,(anonymous_3)
FNDA:3,(anonymous_4)
FNDA:41,(anonymous_5)
FNDA:11,(anonymous_6)
FNDA:3,(anonymous_7)
FNDA:2,(anonymous_8)
FNDA:1,(anonymous_9)
FNDA:5,(anonymous_10)
FNDA:4,(anonymous_11)
FNDA:2,(anonymous_12)
FNDA:0,(anonymous_13)
FNDA:337,(anonymous_14)
DA:3,17
DA:4,17
DA:5,17
DA:6,17
DA:7,17
DA:8,17
DA:9,17
DA:11,17
DA:14,75
DA:17,17
DA:18,17
DA:19,17
DA:21,17
DA:22,63
DA:23,63
DA:25,63
DA:26,63
DA:28,63
DA:30,63
DA:32,63
DA:33,62
DA:35,62
DA:37,62
DA:38,3
DA:39,0
DA:42,3
DA:43,3
DA:44,2
DA:45,1
DA:47,1
DA:48,1
DA:54,62
DA:55,62
DA:57,22
DA:59,41
DA:66,17
DA:67,11
DA:68,11
DA:69,11
DA:71,11
DA:72,3
DA:76,2
DA:78,1
DA:79,1
DA:83,11
DA:84,5
DA:87,4
DA:88,4
DA:89,3
DA:91,2
DA:92,2
DA:96,11
DA:98,11
DA:101,17
DA:102,0
DA:105,17
DA:106,337
DA:107,337
DA:108,337
DA:111,337
DA:113,337
DA:114,330
DA:117,7
DA:119,7
DA:120,2
DA:123,5
DA:124,1
DA:127,4
DA:130,17
LF:69
LH:67
BRDA:26,0,0,63
BRDA:26,0,1,62
BRDA:38,1,0,0
BRDA:38,1,1,3
BRDA:43,2,0,2
BRDA:43,2,1,1
BRDA:44,3,0,1
BRDA:44,3,1,1
BRDA:55,4,0,62
BRDA:55,4,1,21
BRDA:107,5,0,337
BRDA:107,5,1,336
BRDA:108,6,0,337
BRDA:108,6,1,8
BRDA:111,7,0,337
BRDA:111,7,1,336
BRDA:113,8,0,330
BRDA:113,8,1,7
BRDA:117,9,0,7
BRDA:117,9,1,6
BRDA:119,10,0,2
BRDA:119,10,1,5
BRDA:123,11,0,1
BRDA:123,11,1,4
BRF:24
BRH:23
end_of_record
TN:
SF:src/views/payment-sheet-views/base-paypal-view.js
FN:20,BasePayPalView
FN:26,(anonymous_1)
FN:37,(anonymous_2)
FN:44,(anonymous_3)
FN:57,(anonymous_4)
FN:60,(anonymous_5)
FN:61,(anonymous_6)
FN:79,(anonymous_7)
FN:93,(anonymous_8)
FN:100,reportError
FN:113,(anonymous_10)
FN:119,(anonymous_11)
FN:125,(anonymous_12)
FN:153,(anonymous_13)
FN:155,(anonymous_14)
FN:157,(anonymous_15)
FNF:16
FNH:16
FNDA:144,BasePayPalView
FNDA:46,(anonymous_1)
FNDA:1,(anonymous_2)
FNDA:41,(anonymous_3)
FNDA:4,(anonymous_4)
FNDA:5,(anonymous_5)
FNDA:4,(anonymous_6)
FNDA:161,(anonymous_7)
FNDA:37,(anonymous_8)
FNDA:12,reportError
FNDA:1,(anonymous_10)
FNDA:5,(anonymous_11)
FNDA:17,(anonymous_12)
FNDA:7,(anonymous_13)
FNDA:1,(anonymous_14)
FNDA:8,(anonymous_15)
DA:3,19
DA:4,19
DA:5,19
DA:6,19
DA:7,19
DA:8,19
DA:9,19
DA:10,19
DA:11,19
DA:12,19
DA:14,19
DA:15,19
DA:16,19
DA:21,144
DA:24,19
DA:26,19
DA:28,46
DA:29,46
DA:30,46
DA:31,46
DA:32,46
DA:34,46
DA:36,46
DA:37,46
DA:38,1
DA:44,46
DA:46,41
DA:47,41
DA:48,41
DA:50,41
DA:52,41
DA:53,41
DA:58,4
DA:61,5
DA:62,4
DA:63,2
DA:65,4
DA:71,41
DA:72,2
DA:73,2
DA:75,41
DA:79,41
DA:80,161
DA:81,81
DA:83,80
DA:86,41
DA:87,8
DA:88,8
DA:90,33
DA:93,41
DA:94,37
DA:95,37
DA:96,37
DA:101,12
DA:102,3
DA:104,9
DA:108,9
DA:113,19
DA:114,1
DA:116,1
DA:119,19
DA:120,5
DA:121,3
DA:125,19
DA:126,17
DA:127,17
DA:129,17
DA:130,1
DA:133,16
DA:134,2
DA:136,2
DA:139,14
DA:140,6
DA:143,8
DA:144,0
DA:147,8
DA:154,7
DA:156,1
DA:158,8
DA:160,8
DA:163,8
DA:166,19
LF:82
LH:81
BRDA:31,0,0,8
BRDA:31,0,1,38
BRDA:47,1,0,1
BRDA:47,1,1,40
BRDA:55,2,0,41
BRDA:55,2,1,38
BRDA:62,3,0,2
BRDA:62,3,1,2
BRDA:62,4,0,4
BRDA:62,4,1,4
BRDA:71,5,0,2
BRDA:71,5,1,39
BRDA:71,6,0,41
BRDA:71,6,1,6
BRDA:80,7,0,81
BRDA:80,7,1,80
BRDA:80,8,0,161
BRDA:80,8,1,120
BRDA:86,9,0,8
BRDA:86,9,1,33
BRDA:101,10,0,3
BRDA:101,10,1,9
BRDA:120,11,0,3
BRDA:120,11,1,2
BRDA:127,12,0,17
BRDA:127,12,1,1
BRDA:129,13,0,1
BRDA:129,13,1,16
BRDA:133,14,0,2
BRDA:133,14,1,14
BRDA:133,15,0,16
BRDA:133,15,1,15
BRDA:139,16,0,6
BRDA:139,16,1,8
BRDA:139,17,0,14
BRDA:139,17,1,6
BRDA:143,18,0,0
BRDA:143,18,1,8
BRDA:151,19,0,8
BRDA:151,19,1,5
BRF:40
BRH:39
end_of_record
TN:
SF:src/views/payment-sheet-views/card-view.js
FN:16,CardView
FN:24,(anonymous_1)
FN:54,(anonymous_2)
FN:73,(anonymous_3)
FN:91,(anonymous_4)
FN:100,(anonymous_5)
FN:108,(anonymous_6)
FN:115,(anonymous_7)
FN:128,(anonymous_8)
FN:132,(anonymous_9)
FN:141,(anonymous_10)
FN:147,(anonymous_11)
FN:156,(anonymous_12)
FN:222,(anonymous_13)
FN:240,(anonymous_14)
FN:262,(anonymous_15)
FN:273,(anonymous_16)
FN:312,(anonymous_17)
FN:328,(anonymous_18)
FN:342,(anonymous_19)
FN:355,(anonymous_20)
FN:365,(anonymous_21)
FN:388,(anonymous_22)
FN:392,(anonymous_23)
FN:405,(anonymous_24)
FN:406,(anonymous_25)
FN:409,(anonymous_26)
FN:418,(anonymous_27)
FN:425,(anonymous_28)
FN:441,(anonymous_29)
FN:470,(anonymous_30)
FN:494,(anonymous_31)
FN:498,(anonymous_32)
FN:502,(anonymous_33)
FN:506,(anonymous_34)
FN:520,(anonymous_35)
FN:530,(anonymous_36)
FN:568,(anonymous_37)
FN:574,(anonymous_38)
FN:578,(anonymous_39)
FN:597,(anonymous_40)
FN:603,(anonymous_41)
FN:609,(anonymous_42)
FN:617,(anonymous_43)
FN:620,(anonymous_44)
FN:631,(anonymous_45)
FN:638,(anonymous_46)
FN:645,isNormalFieldElement
FN:649,shouldApplyFieldEmptyError
FN:653,isCardViewElement
FN:660,camelCaseToKebabCase
FN:664,capitalize
FN:668,normalizeStyles
FN:669,(anonymous_53)
FN:676,addBullets
FN:682,generateCardNumberPlaceholder
FNF:56
FNH:51
FNDA:185,CardView
FNDA:199,(anonymous_1)
FNDA:0,(anonymous_2)
FNDA:199,(anonymous_3)
FNDA:109,(anonymous_4)
FNDA:102,(anonymous_5)
FNDA:1,(anonymous_6)
FNDA:0,(anonymous_7)
FNDA:0,(anonymous_8)
FNDA:0,(anonymous_9)
FNDA:165,(anonymous_10)
FNDA:3,(anonymous_11)
FNDA:199,(anonymous_12)
FNDA:11,(anonymous_13)
FNDA:4,(anonymous_14)
FNDA:34,(anonymous_15)
FNDA:68,(anonymous_16)
FNDA:3,(anonymous_17)
FNDA:2,(anonymous_18)
FNDA:3,(anonymous_19)
FNDA:2,(anonymous_20)
FNDA:34,(anonymous_21)
FNDA:17,(anonymous_22)
FNDA:30,(anonymous_23)
FNDA:17,(anonymous_24)
FNDA:17,(anonymous_25)
FNDA:17,(anonymous_26)
FNDA:16,(anonymous_27)
FNDA:5,(anonymous_28)
FNDA:24,(anonymous_29)
FNDA:11,(anonymous_30)
FNDA:2,(anonymous_31)
FNDA:51,(anonymous_32)
FNDA:796,(anonymous_33)
FNDA:6,(anonymous_34)
FNDA:3,(anonymous_35)
FNDA:17,(anonymous_36)
FNDA:3,(anonymous_37)
FNDA:1,(anonymous_38)
FNDA:9,(anonymous_39)
FNDA:3,(anonymous_40)
FNDA:112,(anonymous_41)
FNDA:0,(anonymous_42)
FNDA:166,(anonymous_43)
FNDA:1328,(anonymous_44)
FNDA:6,(anonymous_45)
FNDA:310,(anonymous_46)
FNDA:14,isNormalFieldElement
FNDA:9,shouldApplyFieldEmptyError
FNDA:8,isCardViewElement
FNDA:248,camelCaseToKebabCase
FNDA:10,capitalize
FNDA:1,normalizeStyles
FNDA:3,(anonymous_53)
FNDA:418,addBullets
FNDA:199,generateCardNumberPlaceholder
DA:3,17
DA:4,17
DA:5,17
DA:6,17
DA:7,17
DA:8,17
DA:9,17
DA:10,17
DA:11,17
DA:12,17
DA:14,17
DA:17,185
DA:20,17
DA:21,17
DA:22,17
DA:24,17
DA:26,199
DA:27,199
DA:29,199
DA:30,199
DA:31,199
DA:33,199
DA:34,199
DA:36,199
DA:37,199
DA:38,199
DA:39,199
DA:40,199
DA:41,199
DA:42,199
DA:43,199
DA:44,199
DA:45,199
DA:46,199
DA:55,0
DA:63,199
DA:64,164
DA:65,164
DA:68,199
DA:69,195
DA:70,195
DA:73,199
DA:74,199
DA:75,1
DA:77,198
DA:81,199
DA:82,1
DA:85,199
DA:86,1
DA:89,199
DA:91,199
DA:92,109
DA:93,109
DA:94,104
DA:95,104
DA:96,104
DA:97,103
DA:99,97
DA:101,102
DA:108,17
DA:109,1
DA:110,1
DA:111,1
DA:112,1
DA:113,1
DA:115,1
DA:116,0
DA:118,0
DA:120,0
DA:121,0
DA:124,0
DA:127,1
DA:128,0
DA:132,0
DA:133,0
DA:134,0
DA:141,17
DA:142,165
DA:144,165
DA:147,17
DA:148,3
DA:149,2
DA:156,17
DA:157,199
DA:158,199
DA:159,199
DA:160,199
DA:161,199
DA:207,199
DA:208,162
DA:211,199
DA:212,194
DA:215,199
DA:217,9
DA:218,7
DA:219,1
DA:222,7
DA:223,11
DA:224,3
DA:226,3
DA:229,8
DA:230,4
DA:233,4
DA:239,9
DA:240,2
DA:241,4
DA:242,1
DA:244,1
DA:245,3
DA:247,2
DA:249,2
DA:252,1
DA:253,1
DA:255,1
DA:259,9
DA:262,17
DA:264,34
DA:265,34
DA:267,34
DA:268,0
DA:271,34
DA:273,34
DA:274,68
DA:276,68
DA:279,0
DA:282,68
DA:283,1
DA:285,1
DA:286,1
DA:288,67
DA:289,6
DA:291,6
DA:292,6
DA:297,34
DA:298,32
DA:299,32
DA:300,32
DA:302,32
DA:303,5
DA:305,5
DA:306,5
DA:311,34
DA:312,3
DA:315,3
DA:316,1
DA:319,2
DA:321,2
DA:325,34
DA:328,17
DA:329,2
DA:330,2
DA:331,2
DA:332,2
DA:334,2
DA:335,2
DA:337,2
DA:338,2
DA:342,2
DA:343,3
DA:345,3
DA:346,2
DA:349,3
DA:352,2
DA:355,17
DA:356,2
DA:358,2
DA:359,1
DA:365,17
DA:367,34
DA:368,34
DA:369,34
DA:373,34
DA:375,34
DA:376,12
DA:377,12
DA:379,12
DA:382,22
DA:383,3
DA:386,22
DA:388,22
DA:389,17
DA:391,17
DA:392,15
DA:393,30
DA:396,15
DA:397,2
DA:401,17
DA:402,2
DA:405,17
DA:406,17
DA:409,17
DA:410,17
DA:411,17
DA:412,17
DA:416,17
DA:418,17
DA:419,16
DA:420,16
DA:423,17
DA:426,5
DA:431,5
DA:432,5
DA:434,5
DA:441,17
DA:443,24
DA:444,24
DA:446,24
DA:447,22
DA:450,24
DA:452,24
DA:453,24
DA:455,24
DA:456,6
DA:458,18
DA:463,18
DA:470,17
DA:471,11
DA:472,11
DA:474,11
DA:475,11
DA:478,11
DA:480,11
DA:481,2
DA:483,9
DA:487,9
DA:494,17
DA:495,2
DA:498,17
DA:499,51
DA:502,17
DA:503,796
DA:506,17
DA:507,6
DA:508,6
DA:510,6
DA:512,6
DA:513,1
DA:514,5
DA:515,1
DA:516,4
DA:517,1
DA:520,3
DA:524,3
DA:525,1
DA:530,17
DA:532,17
DA:533,17
DA:534,17
DA:535,17
DA:536,17
DA:538,17
DA:539,8
DA:540,8
DA:541,8
DA:542,3
DA:543,3
DA:544,3
DA:547,8
DA:549,9
DA:552,17
DA:554,17
DA:555,15
DA:556,15
DA:558,15
DA:559,14
DA:568,17
DA:569,3
DA:571,3
DA:574,17
DA:575,1
DA:578,17
DA:580,9
DA:582,9
DA:583,7
DA:585,2
DA:588,9
DA:590,9
DA:591,9
DA:594,3
DA:597,17
DA:598,3
DA:600,3
DA:603,17
DA:604,112
DA:605,111
DA:608,1
DA:609,0
DA:610,0
DA:613,1
DA:617,17
DA:618,166
DA:620,166
DA:622,1328
DA:624,1328
DA:625,385
DA:626,385
DA:631,17
DA:632,6
DA:633,6
DA:635,6
DA:638,17
DA:639,310
DA:640,310
DA:642,310
DA:646,14
DA:650,9
DA:654,8
DA:655,8
DA:657,8
DA:661,248
DA:665,10
DA:669,1
DA:670,3
DA:672,3
DA:677,418
DA:679,418
DA:683,199
DA:685,199
DA:688,17
LF:319
LH:305
BRDA:29,0,0,199
BRDA:29,0,1,184
BRDA:30,1,0,199
BRDA:30,1,1,197
BRDA:50,2,0,199
BRDA:50,2,1,1
BRDA:63,3,0,164
BRDA:63,3,1,35
BRDA:68,4,0,195
BRDA:68,4,1,4
BRDA:74,5,0,1
BRDA:74,5,1,198
BRDA:81,6,0,1
BRDA:81,6,1,198
BRDA:81,7,0,199
BRDA:81,7,1,5
BRDA:85,8,0,1
BRDA:85,8,1,198
BRDA:120,9,0,0
BRDA:120,9,1,0
BRDA:127,10,0,0
BRDA:127,10,1,1
BRDA:133,11,0,0
BRDA:133,11,1,0
BRDA:148,12,0,2
BRDA:148,12,1,1
BRDA:207,13,0,162
BRDA:207,13,1,37
BRDA:211,14,0,194
BRDA:211,14,1,5
BRDA:215,15,0,190
BRDA:215,15,1,9
BRDA:217,16,0,7
BRDA:217,16,1,2
BRDA:218,17,0,1
BRDA:218,17,1,6
BRDA:218,18,0,7
BRDA:218,18,1,3
BRDA:223,19,0,3
BRDA:223,19,1,8
BRDA:223,20,0,11
BRDA:223,20,1,6
BRDA:223,20,2,7
BRDA:229,21,0,4
BRDA:229,21,1,4
BRDA:239,22,0,2
BRDA:239,22,1,7
BRDA:241,23,0,1
BRDA:241,23,1,3
BRDA:245,24,0,2
BRDA:245,24,1,1
BRDA:253,25,0,1
BRDA:253,25,1,0
BRDA:267,26,0,0
BRDA:267,26,1,34
BRDA:276,27,0,0
BRDA:276,27,1,68
BRDA:276,28,0,68
BRDA:276,28,1,0
BRDA:282,29,0,1
BRDA:282,29,1,67
BRDA:285,30,0,1
BRDA:285,30,1,0
BRDA:288,31,0,6
BRDA:288,31,1,61
BRDA:291,32,0,6
BRDA:291,32,1,0
BRDA:297,33,0,32
BRDA:297,33,1,2
BRDA:299,34,0,32
BRDA:299,34,1,31
BRDA:300,35,0,32
BRDA:300,35,1,28
BRDA:302,36,0,5
BRDA:302,36,1,27
BRDA:305,37,0,5
BRDA:305,37,1,0
BRDA:311,38,0,3
BRDA:311,38,1,31
BRDA:315,39,0,1
BRDA:315,39,1,2
BRDA:321,40,0,2
BRDA:321,40,1,2
BRDA:334,41,0,2
BRDA:334,41,1,0
BRDA:337,42,0,2
BRDA:337,42,1,0
BRDA:337,43,0,2
BRDA:337,43,1,2
BRDA:345,44,0,2
BRDA:345,44,1,1
BRDA:345,45,0,3
BRDA:345,45,1,2
BRDA:349,46,0,3
BRDA:349,46,1,0
BRDA:358,47,0,1
BRDA:358,47,1,1
BRDA:375,48,0,12
BRDA:375,48,1,22
BRDA:382,49,0,3
BRDA:382,49,1,19
BRDA:391,50,0,15
BRDA:391,50,1,2
BRDA:396,51,0,2
BRDA:396,51,1,13
BRDA:401,52,0,2
BRDA:401,52,1,15
BRDA:446,53,0,22
BRDA:446,53,1,2
BRDA:455,54,0,6
BRDA:455,54,1,18
BRDA:455,55,0,24
BRDA:455,55,1,6
BRDA:474,56,0,11
BRDA:474,56,1,0
BRDA:480,57,0,2
BRDA:480,57,1,9
BRDA:480,58,0,11
BRDA:480,58,1,2
BRDA:499,59,0,51
BRDA:499,59,1,8
BRDA:512,60,0,1
BRDA:512,60,1,5
BRDA:514,61,0,1
BRDA:514,61,1,4
BRDA:514,62,0,5
BRDA:514,62,1,1
BRDA:516,63,0,1
BRDA:516,63,1,3
BRDA:516,64,0,4
BRDA:516,64,1,4
BRDA:524,65,0,1
BRDA:524,65,1,2
BRDA:538,66,0,8
BRDA:538,66,1,9
BRDA:541,67,0,3
BRDA:541,67,1,5
BRDA:554,68,0,15
BRDA:554,68,1,2
BRDA:558,69,0,14
BRDA:558,69,1,1
BRDA:582,70,0,7
BRDA:582,70,1,2
BRDA:582,71,0,9
BRDA:582,71,1,7
BRDA:583,72,0,7
BRDA:583,72,1,2
BRDA:590,73,0,9
BRDA:590,73,1,0
BRDA:604,74,0,111
BRDA:604,74,1,1
BRDA:608,75,0,0
BRDA:608,75,1,1
BRDA:624,76,0,385
BRDA:624,76,1,943
BRDA:642,77,0,310
BRDA:642,77,1,309
BRDA:650,78,0,9
BRDA:650,78,1,8
BRDA:654,79,0,8
BRDA:654,79,1,8
BRDA:655,80,0,8
BRDA:655,80,1,3
BRDA:657,81,0,8
BRDA:657,81,1,6
BRDA:677,82,0,418
BRDA:677,82,1,0
BRF:167
BRH:148
end_of_record
TN:
SF:src/views/payment-sheet-views/google-pay-view.js
FN:12,GooglePayView
FN:20,(anonymous_1)
FN:34,(anonymous_2)
FN:39,(anonymous_3)
FN:51,(anonymous_4)
FN:54,(anonymous_5)
FN:60,(anonymous_6)
FN:68,(anonymous_7)
FN:73,(anonymous_8)
FN:77,(anonymous_9)
FN:80,(anonymous_10)
FN:98,(anonymous_11)
FN:102,(anonymous_12)
FN:109,(anonymous_13)
FN:118,(anonymous_14)
FN:124,(anonymous_15)
FN:129,createPaymentsClient
FNF:17
FNH:17
FNDA:67,GooglePayView
FNDA:66,(anonymous_1)
FNDA:2,(anonymous_2)
FNDA:2,(anonymous_3)
FNDA:65,(anonymous_4)
FNDA:25,(anonymous_5)
FNDA:43,(anonymous_6)
FNDA:13,(anonymous_7)
FNDA:5,(anonymous_8)
FNDA:4,(anonymous_9)
FNDA:9,(anonymous_10)
FNDA:1,(anonymous_11)
FNDA:336,(anonymous_12)
FNDA:6,(anonymous_13)
FNDA:6,(anonymous_14)
FNDA:6,(anonymous_15)
FNDA:71,createPaymentsClient
DA:3,17
DA:4,17
DA:5,17
DA:6,17
DA:7,17
DA:8,17
DA:9,17
DA:10,17
DA:13,67
DA:16,17
DA:17,17
DA:18,17
DA:20,17
DA:21,66
DA:24,66
DA:25,66
DA:26,66
DA:28,66
DA:29,66
DA:31,66
DA:35,2
DA:37,2
DA:39,2
DA:40,2
DA:45,66
DA:47,66
DA:52,65
DA:53,65
DA:55,25
DA:57,25
DA:59,23
DA:61,43
DA:68,17
DA:69,13
DA:70,13
DA:73,13
DA:74,5
DA:76,5
DA:78,4
DA:79,4
DA:81,9
DA:83,9
DA:84,3
DA:85,3
DA:86,6
DA:87,2
DA:89,2
DA:90,4
DA:91,1
DA:94,7
DA:98,17
DA:99,1
DA:102,17
DA:103,336
DA:105,336
DA:106,330
DA:109,6
DA:110,6
DA:111,2
DA:117,4
DA:119,6
DA:121,6
DA:125,6
DA:130,71
DA:135,17
LF:65
LH:65
BRDA:83,0,0,3
BRDA:83,0,1,6
BRDA:86,1,0,2
BRDA:86,1,1,4
BRDA:90,2,0,1
BRDA:90,2,1,3
BRDA:105,3,0,330
BRDA:105,3,1,6
BRDA:105,4,0,336
BRDA:105,4,1,335
BRDA:110,5,0,2
BRDA:110,5,1,4
BRDA:110,6,0,6
BRDA:110,6,1,5
BRDA:110,6,2,5
BRDA:110,6,3,5
BRDA:131,7,0,1
BRDA:131,7,1,30
BRF:18
BRH:18
end_of_record
TN:
SF:src/views/payment-sheet-views/index.js
FNF:0
FNH:0
DA:3,17
DA:5,17
DA:7,17
DA:8,17
DA:9,17
DA:10,17
DA:11,17
DA:12,17
DA:14,17
LF:9
LH:9
BRF:0
BRH:0
end_of_record
TN:
SF:src/views/payment-sheet-views/paypal-credit-view.js
FN:8,PayPalCreditView
FN:18,(anonymous_1)
FNF:2
FNH:2
FNDA:41,PayPalCreditView
FNDA:331,(anonymous_1)
DA:3,18
DA:4,18
DA:5,18
DA:6,18
DA:9,41
DA:11,41
DA:14,18
DA:15,18
DA:16,18
DA:18,18
DA:19,331
DA:20,329
DA:23,2
DA:27,18
LF:14
LH:14
BRDA:19,0,0,329
BRDA:19,0,1,2
BRF:2
BRH:2
end_of_record
TN:
SF:src/views/payment-sheet-views/paypal-view.js
FN:8,PayPalView
FN:16,(anonymous_1)
FNF:2
FNH:2
FNDA:56,PayPalView
FNDA:310,(anonymous_1)
DA:3,18
DA:4,18
DA:5,18
DA:6,18
DA:9,56
DA:12,18
DA:13,18
DA:14,18
DA:16,18
DA:17,310
DA:18,304
DA:21,6
DA:26,18
LF:13
LH:13
BRDA:17,0,0,304
BRDA:17,0,1,6
BRF:2
BRH:2
end_of_record
TN:
SF:src/views/payment-sheet-views/venmo-view.js
FN:10,VenmoView
FN:18,(anonymous_1)
FN:24,(anonymous_2)
FN:31,(anonymous_3)
FN:33,(anonymous_4)
FN:39,(anonymous_5)
FN:42,(anonymous_6)
FN:47,(anonymous_7)
FN:49,(anonymous_8)
FN:55,(anonymous_9)
FN:61,(anonymous_10)
FN:69,(anonymous_11)
FN:76,(anonymous_12)
FNF:13
FNH:13
FNDA:59,VenmoView
FNDA:54,(anonymous_1)
FNDA:53,(anonymous_2)
FNDA:1,(anonymous_3)
FNDA:2,(anonymous_4)
FNDA:53,(anonymous_5)
FNDA:4,(anonymous_6)
FNDA:2,(anonymous_7)
FNDA:2,(anonymous_8)
FNDA:4,(anonymous_9)
FNDA:1,(anonymous_10)
FNDA:4,(anonymous_11)
FNDA:332,(anonymous_12)
DA:3,17
DA:4,17
DA:5,17
DA:6,17
DA:7,17
DA:8,17
DA:11,59
DA:14,17
DA:15,17
DA:16,17
DA:18,17
DA:19,54
DA:20,54
DA:22,54
DA:24,54
DA:25,53
DA:27,53
DA:28,50
DA:31,3
DA:32,1
DA:34,2
DA:35,1
DA:37,1
DA:40,53
DA:42,53
DA:43,4
DA:45,4
DA:47,4
DA:48,2
DA:50,2
DA:51,1
DA:54,1
DA:56,4
DA:60,53
DA:62,1
DA:69,17
DA:73,4
DA:76,17
DA:77,332
DA:78,332
DA:80,332
DA:81,330
DA:84,2
DA:87,17
LF:44
LH:44
BRDA:27,0,0,50
BRDA:27,0,1,3
BRDA:34,1,0,1
BRDA:34,1,1,1
BRDA:50,2,0,1
BRDA:50,2,1,1
BRDA:78,3,0,332
BRDA:78,3,1,331
BRDA:80,4,0,330
BRDA:80,4,1,2
BRF:10
BRH:10
end_of_record
